SF:/home/liu/proj/toy-kv-engine/kv-engine/src/bin/compaction-simulator.rs
FN:372,_RNCNvCsfcDFrSmLaHu_20compaction_simulator4main0B3_
FN:569,_RNCNvCsfcDFrSmLaHu_20compaction_simulator4mains0_0B3_
FN:589,_RNCNvCsfcDFrSmLaHu_20compaction_simulator4mains1_0B3_
FN:608,_RNCNvCsfcDFrSmLaHu_20compaction_simulator4mains2_0B3_
FN:671,_RNCNvCsfcDFrSmLaHu_20compaction_simulator4mains3_0B3_
FN:473,_RNCNvCsfcDFrSmLaHu_20compaction_simulator4mains_0B3_
FN:200,_RNCNvMs_CsfcDFrSmLaHu_20compaction_simulatorNtB6_11MockStorage16dump_original_id0B6_
FN:240,_RNvCsfcDFrSmLaHu_20compaction_simulator21generate_random_split
FN:225,_RNvCsfcDFrSmLaHu_20compaction_simulator25generate_random_key_range
FN:266,_RNvCsfcDFrSmLaHu_20compaction_simulator4main
FN:157,_RNvMs_CsfcDFrSmLaHu_20compaction_simulatorNtB4_11MockStorage10check_keys
FN:208,_RNvMs_CsfcDFrSmLaHu_20compaction_simulatorNtB4_11MockStorage12dump_real_id
FN:180,_RNvMs_CsfcDFrSmLaHu_20compaction_simulatorNtB4_11MockStorage14dump_size_only
FN:133,_RNvMs_CsfcDFrSmLaHu_20compaction_simulatorNtB4_11MockStorage15flush_sst_to_l0
FN:127,_RNvMs_CsfcDFrSmLaHu_20compaction_simulatorNtB4_11MockStorage15generate_sst_id
FN:188,_RNvMs_CsfcDFrSmLaHu_20compaction_simulatorNtB4_11MockStorage16dump_original_id
FN:142,_RNvMs_CsfcDFrSmLaHu_20compaction_simulatorNtB4_11MockStorage21flush_sst_to_new_tier
FN:110,_RNvMs_CsfcDFrSmLaHu_20compaction_simulatorNtB4_11MockStorage3new
FN:150,_RNvMs_CsfcDFrSmLaHu_20compaction_simulatorNtB4_11MockStorage6remove
FN:104,_RNvXCsfcDFrSmLaHu_20compaction_simulatorNtB2_11MockStorageNtNtCslfAf2Mv2Tp5_4core7default7Default7default
FNDA:0,_RNCNvCsfcDFrSmLaHu_20compaction_simulator4main0B3_
FNDA:0,_RNCNvCsfcDFrSmLaHu_20compaction_simulator4mains0_0B3_
FNDA:0,_RNCNvCsfcDFrSmLaHu_20compaction_simulator4mains1_0B3_
FNDA:0,_RNCNvCsfcDFrSmLaHu_20compaction_simulator4mains2_0B3_
FNDA:0,_RNCNvCsfcDFrSmLaHu_20compaction_simulator4mains3_0B3_
FNDA:0,_RNCNvCsfcDFrSmLaHu_20compaction_simulator4mains_0B3_
FNDA:0,_RNCNvMs_CsfcDFrSmLaHu_20compaction_simulatorNtB6_11MockStorage16dump_original_id0B6_
FNDA:0,_RNvCsfcDFrSmLaHu_20compaction_simulator21generate_random_split
FNDA:0,_RNvCsfcDFrSmLaHu_20compaction_simulator25generate_random_key_range
FNDA:0,_RNvCsfcDFrSmLaHu_20compaction_simulator4main
FNDA:0,_RNvMs_CsfcDFrSmLaHu_20compaction_simulatorNtB4_11MockStorage10check_keys
FNDA:0,_RNvMs_CsfcDFrSmLaHu_20compaction_simulatorNtB4_11MockStorage12dump_real_id
FNDA:0,_RNvMs_CsfcDFrSmLaHu_20compaction_simulatorNtB4_11MockStorage14dump_size_only
FNDA:0,_RNvMs_CsfcDFrSmLaHu_20compaction_simulatorNtB4_11MockStorage15flush_sst_to_l0
FNDA:0,_RNvMs_CsfcDFrSmLaHu_20compaction_simulatorNtB4_11MockStorage15generate_sst_id
FNDA:0,_RNvMs_CsfcDFrSmLaHu_20compaction_simulatorNtB4_11MockStorage16dump_original_id
FNDA:0,_RNvMs_CsfcDFrSmLaHu_20compaction_simulatorNtB4_11MockStorage21flush_sst_to_new_tier
FNDA:0,_RNvMs_CsfcDFrSmLaHu_20compaction_simulatorNtB4_11MockStorage3new
FNDA:0,_RNvMs_CsfcDFrSmLaHu_20compaction_simulatorNtB4_11MockStorage6remove
FNDA:0,_RNvXCsfcDFrSmLaHu_20compaction_simulatorNtB2_11MockStorageNtNtCslfAf2Mv2Tp5_4core7default7Default7default
FNF:20
FNH:0
DA:104,0
DA:105,0
DA:106,0
DA:110,0
DA:111,0
DA:112,0
DA:113,0
DA:114,0
DA:115,0
DA:116,0
DA:117,0
DA:118,0
DA:119,0
DA:120,0
DA:121,0
DA:122,0
DA:123,0
DA:124,0
DA:125,0
DA:127,0
DA:128,0
DA:129,0
DA:130,0
DA:131,0
DA:133,0
DA:134,0
DA:135,0
DA:136,0
DA:137,0
DA:138,0
DA:139,0
DA:140,0
DA:142,0
DA:143,0
DA:144,0
DA:145,0
DA:146,0
DA:147,0
DA:148,0
DA:150,0
DA:151,0
DA:152,0
DA:153,0
DA:155,0
DA:157,0
DA:158,0
DA:159,0
DA:160,0
DA:161,0
DA:162,0
DA:163,0
DA:164,0
DA:167,0
DA:168,0
DA:169,0
DA:170,0
DA:171,0
DA:172,0
DA:174,0
DA:176,0
DA:178,0
DA:180,0
DA:181,0
DA:182,0
DA:183,0
DA:184,0
DA:185,0
DA:186,0
DA:188,0
DA:189,0
DA:190,0
DA:191,0
DA:192,0
DA:193,0
DA:194,0
DA:195,0
DA:196,0
DA:197,0
DA:199,0
DA:200,0
DA:203,0
DA:204,0
DA:205,0
DA:206,0
DA:208,0
DA:209,0
DA:210,0
DA:211,0
DA:212,0
DA:213,0
DA:214,0
DA:215,0
DA:216,0
DA:217,0
DA:218,0
DA:219,0
DA:220,0
DA:221,0
DA:222,0
DA:225,0
DA:227,0
DA:228,0
DA:229,0
DA:230,0
DA:231,0
DA:232,0
DA:233,0
DA:234,0
DA:235,0
DA:236,0
DA:237,0
DA:238,0
DA:240,0
DA:241,0
DA:242,0
DA:243,0
DA:244,0
DA:245,0
DA:246,0
DA:247,0
DA:248,0
DA:249,0
DA:250,0
DA:251,0
DA:252,0
DA:253,0
DA:254,0
DA:255,0
DA:256,0
DA:257,0
DA:258,0
DA:259,0
DA:260,0
DA:261,0
DA:262,0
DA:263,0
DA:264,0
DA:266,0
DA:267,0
DA:268,0
DA:270,0
DA:271,0
DA:272,0
DA:273,0
DA:274,0
DA:275,0
DA:278,0
DA:279,0
DA:280,0
DA:281,0
DA:282,0
DA:283,0
DA:284,0
DA:285,0
DA:286,0
DA:287,0
DA:288,0
DA:289,0
DA:290,0
DA:291,0
DA:292,0
DA:293,0
DA:294,0
DA:295,0
DA:296,0
DA:297,0
DA:298,0
DA:299,0
DA:300,0
DA:301,0
DA:302,0
DA:303,0
DA:304,0
DA:305,0
DA:307,0
DA:308,0
DA:309,0
DA:310,0
DA:311,0
DA:312,0
DA:313,0
DA:314,0
DA:315,0
DA:316,0
DA:317,0
DA:318,0
DA:320,0
DA:323,0
DA:327,0
DA:328,0
DA:329,0
DA:330,0
DA:331,0
DA:332,0
DA:333,0
DA:334,0
DA:335,0
DA:336,0
DA:337,0
DA:338,0
DA:339,0
DA:340,0
DA:341,0
DA:342,0
DA:343,0
DA:344,0
DA:346,0
DA:347,0
DA:348,0
DA:349,0
DA:350,0
DA:351,0
DA:352,0
DA:353,0
DA:357,0
DA:359,0
DA:363,0
DA:365,0
DA:367,0
DA:368,0
DA:369,0
DA:370,0
DA:371,0
DA:372,0
DA:373,0
DA:375,0
DA:379,0
DA:380,0
DA:381,0
DA:382,0
DA:383,0
DA:384,0
DA:385,0
DA:386,0
DA:388,0
DA:389,0
DA:390,0
DA:391,0
DA:392,0
DA:393,0
DA:394,0
DA:395,0
DA:396,0
DA:397,0
DA:398,0
DA:399,0
DA:400,0
DA:401,0
DA:402,0
DA:403,0
DA:404,0
DA:405,0
DA:406,0
DA:407,0
DA:408,0
DA:409,0
DA:410,0
DA:411,0
DA:412,0
DA:413,0
DA:414,0
DA:415,0
DA:416,0
DA:418,0
DA:419,0
DA:420,0
DA:421,0
DA:422,0
DA:423,0
DA:424,0
DA:425,0
DA:426,0
DA:428,0
DA:429,0
DA:430,0
DA:431,0
DA:432,0
DA:433,0
DA:434,0
DA:435,0
DA:436,0
DA:437,0
DA:438,0
DA:439,0
DA:440,0
DA:441,0
DA:442,0
DA:443,0
DA:444,0
DA:445,0
DA:447,0
DA:448,0
DA:449,0
DA:450,0
DA:451,0
DA:452,0
DA:453,0
DA:454,0
DA:458,0
DA:460,0
DA:464,0
DA:466,0
DA:468,0
DA:469,0
DA:470,0
DA:471,0
DA:472,0
DA:473,0
DA:474,0
DA:476,0
DA:480,0
DA:481,0
DA:482,0
DA:483,0
DA:484,0
DA:485,0
DA:486,0
DA:487,0
DA:489,0
DA:490,0
DA:491,0
DA:492,0
DA:493,0
DA:494,0
DA:496,0
DA:497,0
DA:498,0
DA:499,0
DA:500,0
DA:501,0
DA:502,0
DA:503,0
DA:504,0
DA:505,0
DA:506,0
DA:507,0
DA:508,0
DA:509,0
DA:510,0
DA:511,0
DA:514,0
DA:515,0
DA:516,0
DA:517,0
DA:518,0
DA:519,0
DA:520,0
DA:521,0
DA:522,0
DA:523,0
DA:524,0
DA:525,0
DA:526,0
DA:527,0
DA:529,0
DA:530,0
DA:531,0
DA:532,0
DA:533,0
DA:534,0
DA:535,0
DA:536,0
DA:537,0
DA:538,0
DA:539,0
DA:540,0
DA:541,0
DA:542,0
DA:543,0
DA:544,0
DA:545,0
DA:546,0
DA:547,0
DA:548,0
DA:549,0
DA:550,0
DA:551,0
DA:552,0
DA:553,0
DA:554,0
DA:555,0
DA:556,0
DA:557,0
DA:558,0
DA:559,0
DA:560,0
DA:561,0
DA:562,0
DA:563,0
DA:564,0
DA:566,0
DA:567,0
DA:568,0
DA:569,0
DA:572,0
DA:573,0
DA:574,0
DA:575,0
DA:576,0
DA:577,0
DA:578,0
DA:579,0
DA:581,0
DA:582,0
DA:584,0
DA:587,0
DA:588,0
DA:589,0
DA:592,0
DA:593,0
DA:594,0
DA:595,0
DA:596,0
DA:597,0
DA:598,0
DA:599,0
DA:601,0
DA:602,0
DA:604,0
DA:606,0
DA:607,0
DA:608,0
DA:611,0
DA:612,0
DA:613,0
DA:614,0
DA:615,0
DA:616,0
DA:617,0
DA:618,0
DA:620,0
DA:621,0
DA:623,0
DA:624,0
DA:625,0
DA:626,0
DA:627,0
DA:628,0
DA:629,0
DA:630,0
DA:631,0
DA:632,0
DA:633,0
DA:634,0
DA:635,0
DA:636,0
DA:637,0
DA:638,0
DA:639,0
DA:640,0
DA:641,0
DA:642,0
DA:643,0
DA:645,0
DA:646,0
DA:647,0
DA:648,0
DA:649,0
DA:650,0
DA:651,0
DA:652,0
DA:656,0
DA:658,0
DA:662,0
DA:664,0
DA:666,0
DA:667,0
DA:668,0
DA:669,0
DA:670,0
DA:671,0
DA:672,0
DA:674,0
DA:678,0
BRF:0
BRH:0
LF:481
LH:0
end_of_record
SF:/home/liu/proj/toy-kv-engine/kv-engine/src/bin/kv-engine-cli.rs
FN:190,_RNCNCNCNvMs_CsWGW8j9hfJi_13kv_engine_cliNtBa_7Command5parse000Ba_
FN:232,_RNCNCNCNvMs_CsWGW8j9hfJi_13kv_engine_cliNtBa_7Command5parses3_000Ba_
FN:188,_RNCNCNvMs_CsWGW8j9hfJi_13kv_engine_cliNtB8_7Command5parse00B8_
FN:204,_RNCNCNvMs_CsWGW8j9hfJi_13kv_engine_cliNtB8_7Command5parses0_00B8_
FN:213,_RNCNCNvMs_CsWGW8j9hfJi_13kv_engine_cliNtB8_7Command5parses1_00B8_
FN:220,_RNCNCNvMs_CsWGW8j9hfJi_13kv_engine_cliNtB8_7Command5parses2_00B8_
FN:230,_RNCNCNvMs_CsWGW8j9hfJi_13kv_engine_cliNtB8_7Command5parses3_00B8_
FN:195,_RNCNCNvMs_CsWGW8j9hfJi_13kv_engine_cliNtB8_7Command5parses_00B8_
FN:195,_RNCNCNvMs_CsWGW8j9hfJi_13kv_engine_cliNtB8_7Command5parses_0s_0B8_
FN:187,_RNCNvMs_CsWGW8j9hfJi_13kv_engine_cliNtB6_7Command5parse0B6_
FN:200,_RNCNvMs_CsWGW8j9hfJi_13kv_engine_cliNtB6_7Command5parses0_0B6_
FN:210,_RNCNvMs_CsWGW8j9hfJi_13kv_engine_cliNtB6_7Command5parses1_0B6_
FN:217,_RNCNvMs_CsWGW8j9hfJi_13kv_engine_cliNtB6_7Command5parses2_0B6_
FN:224,_RNCNvMs_CsWGW8j9hfJi_13kv_engine_cliNtB6_7Command5parses3_0B6_
FN:238,_RNCNvMs_CsWGW8j9hfJi_13kv_engine_cliNtB6_7Command5parses4_0B6_
FN:255,_RNCNvMs_CsWGW8j9hfJi_13kv_engine_cliNtB6_7Command5parses6_0B6_
FN:194,_RNCNvMs_CsWGW8j9hfJi_13kv_engine_cliNtB6_7Command5parses_0B6_
FN:334,_RNvCsWGW8j9hfJi_13kv_engine_cli4main
FN:48,_RNvMCsWGW8j9hfJi_13kv_engine_cliNtB2_11ReplHandler6handle
FN:270,_RNvMs0_CsWGW8j9hfJi_13kv_engine_cliNtB5_4Repl3run
FN:285,_RNvMs0_CsWGW8j9hfJi_13kv_engine_cliNtB5_4Repl9bootstrap
FN:313,_RNvMs1_CsWGW8j9hfJi_13kv_engine_cliNtB5_11ReplBuilder11description
FN:300,_RNvMs1_CsWGW8j9hfJi_13kv_engine_cliNtB5_11ReplBuilder3new
FN:323,_RNvMs1_CsWGW8j9hfJi_13kv_engine_cliNtB5_11ReplBuilder5build
FN:318,_RNvMs1_CsWGW8j9hfJi_13kv_engine_cliNtB5_11ReplBuilder6prompt
FN:308,_RNvMs1_CsWGW8j9hfJi_13kv_engine_cliNtB5_11ReplBuilder8app_name
FN:182,_RNvMs_CsWGW8j9hfJi_13kv_engine_cliNtB4_7Command5parse
FNDA:0,_RNCNCNCNvMs_CsWGW8j9hfJi_13kv_engine_cliNtBa_7Command5parse000Ba_
FNDA:0,_RNCNCNCNvMs_CsWGW8j9hfJi_13kv_engine_cliNtBa_7Command5parses3_000Ba_
FNDA:0,_RNCNCNvMs_CsWGW8j9hfJi_13kv_engine_cliNtB8_7Command5parse00B8_
FNDA:0,_RNCNCNvMs_CsWGW8j9hfJi_13kv_engine_cliNtB8_7Command5parses0_00B8_
FNDA:0,_RNCNCNvMs_CsWGW8j9hfJi_13kv_engine_cliNtB8_7Command5parses1_00B8_
FNDA:0,_RNCNCNvMs_CsWGW8j9hfJi_13kv_engine_cliNtB8_7Command5parses2_00B8_
FNDA:0,_RNCNCNvMs_CsWGW8j9hfJi_13kv_engine_cliNtB8_7Command5parses3_00B8_
FNDA:0,_RNCNCNvMs_CsWGW8j9hfJi_13kv_engine_cliNtB8_7Command5parses_00B8_
FNDA:0,_RNCNCNvMs_CsWGW8j9hfJi_13kv_engine_cliNtB8_7Command5parses_0s_0B8_
FNDA:0,_RNCNvMs_CsWGW8j9hfJi_13kv_engine_cliNtB6_7Command5parse0B6_
FNDA:0,_RNCNvMs_CsWGW8j9hfJi_13kv_engine_cliNtB6_7Command5parses0_0B6_
FNDA:0,_RNCNvMs_CsWGW8j9hfJi_13kv_engine_cliNtB6_7Command5parses1_0B6_
FNDA:0,_RNCNvMs_CsWGW8j9hfJi_13kv_engine_cliNtB6_7Command5parses2_0B6_
FNDA:0,_RNCNvMs_CsWGW8j9hfJi_13kv_engine_cliNtB6_7Command5parses3_0B6_
FNDA:0,_RNCNvMs_CsWGW8j9hfJi_13kv_engine_cliNtB6_7Command5parses4_0B6_
FNDA:0,_RNCNvMs_CsWGW8j9hfJi_13kv_engine_cliNtB6_7Command5parses6_0B6_
FNDA:0,_RNCNvMs_CsWGW8j9hfJi_13kv_engine_cliNtB6_7Command5parses_0B6_
FNDA:0,_RNvCsWGW8j9hfJi_13kv_engine_cli4main
FNDA:0,_RNvMCsWGW8j9hfJi_13kv_engine_cliNtB2_11ReplHandler6handle
FNDA:0,_RNvMs0_CsWGW8j9hfJi_13kv_engine_cliNtB5_4Repl3run
FNDA:0,_RNvMs0_CsWGW8j9hfJi_13kv_engine_cliNtB5_4Repl9bootstrap
FNDA:0,_RNvMs1_CsWGW8j9hfJi_13kv_engine_cliNtB5_11ReplBuilder11description
FNDA:0,_RNvMs1_CsWGW8j9hfJi_13kv_engine_cliNtB5_11ReplBuilder3new
FNDA:0,_RNvMs1_CsWGW8j9hfJi_13kv_engine_cliNtB5_11ReplBuilder5build
FNDA:0,_RNvMs1_CsWGW8j9hfJi_13kv_engine_cliNtB5_11ReplBuilder6prompt
FNDA:0,_RNvMs1_CsWGW8j9hfJi_13kv_engine_cliNtB5_11ReplBuilder8app_name
FNDA:0,_RNvMs_CsWGW8j9hfJi_13kv_engine_cliNtB4_7Command5parse
FNF:27
FNH:0
DA:48,0
DA:49,0
DA:50,0
DA:51,0
DA:52,0
DA:53,0
DA:54,0
DA:55,0
DA:58,0
DA:60,0
DA:64,0
DA:65,0
DA:66,0
DA:68,0
DA:69,0
DA:70,0
DA:71,0
DA:72,0
DA:73,0
DA:75,0
DA:77,0
DA:78,0
DA:79,0
DA:80,0
DA:81,0
DA:82,0
DA:84,0
DA:85,0
DA:87,0
DA:88,0
DA:90,0
DA:91,0
DA:93,0
DA:94,0
DA:95,0
DA:96,0
DA:97,0
DA:98,0
DA:99,0
DA:100,0
DA:102,0
DA:103,0
DA:105,0
DA:106,0
DA:108,0
DA:109,0
DA:111,0
DA:112,0
DA:113,0
DA:115,0
DA:116,0
DA:117,0
DA:118,0
DA:120,0
DA:121,0
DA:124,0
DA:125,0
DA:128,0
DA:129,0
DA:132,0
DA:133,0
DA:134,0
DA:135,0
DA:136,0
DA:137,0
DA:138,0
DA:139,0
DA:140,0
DA:141,0
DA:142,0
DA:143,0
DA:144,0
DA:145,0
DA:146,0
DA:150,0
DA:152,0
DA:153,0
DA:182,0
DA:187,0
DA:188,0
DA:189,0
DA:190,0
DA:191,0
DA:192,0
DA:194,0
DA:195,0
DA:196,0
DA:197,0
DA:198,0
DA:200,0
DA:201,0
DA:202,0
DA:204,0
DA:205,0
DA:206,0
DA:207,0
DA:208,0
DA:210,0
DA:211,0
DA:212,0
DA:213,0
DA:214,0
DA:215,0
DA:217,0
DA:218,0
DA:219,0
DA:220,0
DA:221,0
DA:222,0
DA:224,0
DA:225,0
DA:226,0
DA:227,0
DA:228,0
DA:229,0
DA:230,0
DA:231,0
DA:232,0
DA:233,0
DA:234,0
DA:235,0
DA:236,0
DA:238,0
DA:239,0
DA:240,0
DA:241,0
DA:242,0
DA:243,0
DA:244,0
DA:245,0
DA:246,0
DA:247,0
DA:248,0
DA:249,0
DA:250,0
DA:251,0
DA:253,0
DA:254,0
DA:255,0
DA:256,0
DA:270,0
DA:271,0
DA:274,0
DA:275,0
DA:277,0
DA:278,0
DA:279,0
DA:280,0
DA:281,0
DA:283,0
DA:285,0
DA:286,0
DA:287,0
DA:288,0
DA:289,0
DA:290,0
DA:300,0
DA:301,0
DA:302,0
DA:303,0
DA:304,0
DA:305,0
DA:306,0
DA:308,0
DA:309,0
DA:310,0
DA:311,0
DA:313,0
DA:314,0
DA:315,0
DA:316,0
DA:318,0
DA:319,0
DA:320,0
DA:321,0
DA:323,0
DA:325,0
DA:326,0
DA:327,0
DA:328,0
DA:329,0
DA:331,0
DA:334,0
DA:335,0
DA:336,0
DA:337,0
DA:340,0
DA:342,0
DA:343,0
DA:345,0
DA:346,0
DA:347,0
DA:348,0
DA:349,0
DA:351,0
DA:352,0
DA:353,0
DA:354,0
DA:355,0
DA:356,0
DA:357,0
DA:359,0
DA:360,0
DA:361,0
DA:362,0
DA:363,0
DA:364,0
DA:367,0
DA:368,0
DA:369,0
DA:370,0
DA:371,0
DA:374,0
DA:376,0
DA:377,0
DA:378,0
DA:379,0
DA:380,0
DA:382,0
DA:383,0
DA:384,0
BRF:0
BRH:0
LF:236
LH:0
end_of_record
SF:/home/liu/proj/toy-kv-engine/kv-engine/src/bin/wrapper.rs
FN:6,_RNvNtCsfcDFrSmLaHu_20compaction_simulator7wrapper4main
FN:6,_RNvNtCsWGW8j9hfJi_13kv_engine_cli7wrapper4main
FN:6,_RNvCse3kdqWC6Qqu_7wrapper4main
FN:6,_RNvNtCs84Y9kjD4mut_10write_perf7wrapper4main
FNDA:0,_RNvNtCsfcDFrSmLaHu_20compaction_simulator7wrapper4main
FNDA:0,_RNvNtCsWGW8j9hfJi_13kv_engine_cli7wrapper4main
FNDA:0,_RNvCse3kdqWC6Qqu_7wrapper4main
FNDA:0,_RNvNtCs84Y9kjD4mut_10write_perf7wrapper4main
FNF:1
FNH:0
DA:6,0
BRF:0
BRH:0
LF:1
LH:0
end_of_record
SF:/home/liu/proj/toy-kv-engine/kv-engine/src/bin/write-perf.rs
FN:130,_RNCNvCs84Y9kjD4mut_10write_perf19bench_concurrent_rw0B3_
FN:164,_RNCNvCs84Y9kjD4mut_10write_perf19bench_concurrent_rws0_0B3_
FN:147,_RNCNvCs84Y9kjD4mut_10write_perf19bench_concurrent_rws_0B3_
FN:245,_RNCNvCs84Y9kjD4mut_10write_perf20bench_wal_concurrent0B3_
FN:521,_RNCNvCs84Y9kjD4mut_10write_perf22bench_readwhilewriting0B3_
FN:539,_RNCNvCs84Y9kjD4mut_10write_perf22bench_readwhilewritings_0B3_
FN:332,_RNCNvCs84Y9kjD4mut_10write_perf24bench_vlog_concurrent_gc0B3_
FN:367,_RNCNvCs84Y9kjD4mut_10write_perf24bench_vlog_concurrent_gcs0_0B3_
FN:350,_RNCNvCs84Y9kjD4mut_10write_perf24bench_vlog_concurrent_gcs_0B3_
FN:600,_RNCNvCs84Y9kjD4mut_10write_perf27bench_readrandomwriterandom0B3_
FN:878,_RNCNvCs84Y9kjD4mut_10write_perf28bench_seekrandomwhilewriting0B3_
FN:904,_RNCNvCs84Y9kjD4mut_10write_perf28bench_seekrandomwhilewritings_0B3_
FN:53,_RNvCs84Y9kjD4mut_10write_perf10bench_scan
FN:21,_RNvCs84Y9kjD4mut_10write_perf12make_options
FN:980,_RNvCs84Y9kjD4mut_10write_perf13bench_compact
FN:407,_RNvCs84Y9kjD4mut_10write_perf13bench_fillseq
FN:728,_RNvCs84Y9kjD4mut_10write_perf13bench_readseq
FN:270,_RNvCs84Y9kjD4mut_10write_perf13bench_vlog_gc
FN:691,_RNvCs84Y9kjD4mut_10write_perf15bench_overwrite
FN:429,_RNvCs84Y9kjD4mut_10write_perf16bench_fillrandom
FN:458,_RNvCs84Y9kjD4mut_10write_perf16bench_readrandom
FN:641,_RNvCs84Y9kjD4mut_10write_perf16bench_seekrandom
FN:800,_RNvCs84Y9kjD4mut_10write_perf17bench_readmissing
FN:763,_RNvCs84Y9kjD4mut_10write_perf17bench_readreverse
FN:947,_RNvCs84Y9kjD4mut_10write_perf18bench_deleterandom
FN:103,_RNvCs84Y9kjD4mut_10write_perf19bench_concurrent_rw
FN:230,_RNvCs84Y9kjD4mut_10write_perf20bench_wal_concurrent
FN:208,_RNvCs84Y9kjD4mut_10write_perf20bench_wal_throughput
FN:495,_RNvCs84Y9kjD4mut_10write_perf22bench_readwhilewriting
FN:312,_RNvCs84Y9kjD4mut_10write_perf24bench_vlog_concurrent_gc
FN:574,_RNvCs84Y9kjD4mut_10write_perf27bench_readrandomwriterandom
FN:851,_RNvCs84Y9kjD4mut_10write_perf28bench_seekrandomwhilewriting
FN:1009,_RNvCs84Y9kjD4mut_10write_perf4main
FNDA:0,_RNCNvCs84Y9kjD4mut_10write_perf19bench_concurrent_rw0B3_
FNDA:0,_RNCNvCs84Y9kjD4mut_10write_perf19bench_concurrent_rws0_0B3_
FNDA:0,_RNCNvCs84Y9kjD4mut_10write_perf19bench_concurrent_rws_0B3_
FNDA:0,_RNCNvCs84Y9kjD4mut_10write_perf20bench_wal_concurrent0B3_
FNDA:0,_RNCNvCs84Y9kjD4mut_10write_perf22bench_readwhilewriting0B3_
FNDA:0,_RNCNvCs84Y9kjD4mut_10write_perf22bench_readwhilewritings_0B3_
FNDA:0,_RNCNvCs84Y9kjD4mut_10write_perf24bench_vlog_concurrent_gc0B3_
FNDA:0,_RNCNvCs84Y9kjD4mut_10write_perf24bench_vlog_concurrent_gcs0_0B3_
FNDA:0,_RNCNvCs84Y9kjD4mut_10write_perf24bench_vlog_concurrent_gcs_0B3_
FNDA:0,_RNCNvCs84Y9kjD4mut_10write_perf27bench_readrandomwriterandom0B3_
FNDA:0,_RNCNvCs84Y9kjD4mut_10write_perf28bench_seekrandomwhilewriting0B3_
FNDA:0,_RNCNvCs84Y9kjD4mut_10write_perf28bench_seekrandomwhilewritings_0B3_
FNDA:0,_RNvCs84Y9kjD4mut_10write_perf10bench_scan
FNDA:0,_RNvCs84Y9kjD4mut_10write_perf12make_options
FNDA:0,_RNvCs84Y9kjD4mut_10write_perf13bench_compact
FNDA:0,_RNvCs84Y9kjD4mut_10write_perf13bench_fillseq
FNDA:0,_RNvCs84Y9kjD4mut_10write_perf13bench_readseq
FNDA:0,_RNvCs84Y9kjD4mut_10write_perf13bench_vlog_gc
FNDA:0,_RNvCs84Y9kjD4mut_10write_perf15bench_overwrite
FNDA:0,_RNvCs84Y9kjD4mut_10write_perf16bench_fillrandom
FNDA:0,_RNvCs84Y9kjD4mut_10write_perf16bench_readrandom
FNDA:0,_RNvCs84Y9kjD4mut_10write_perf16bench_seekrandom
FNDA:0,_RNvCs84Y9kjD4mut_10write_perf17bench_readmissing
FNDA:0,_RNvCs84Y9kjD4mut_10write_perf17bench_readreverse
FNDA:0,_RNvCs84Y9kjD4mut_10write_perf18bench_deleterandom
FNDA:0,_RNvCs84Y9kjD4mut_10write_perf19bench_concurrent_rw
FNDA:0,_RNvCs84Y9kjD4mut_10write_perf20bench_wal_concurrent
FNDA:0,_RNvCs84Y9kjD4mut_10write_perf20bench_wal_throughput
FNDA:0,_RNvCs84Y9kjD4mut_10write_perf22bench_readwhilewriting
FNDA:0,_RNvCs84Y9kjD4mut_10write_perf24bench_vlog_concurrent_gc
FNDA:0,_RNvCs84Y9kjD4mut_10write_perf27bench_readrandomwriterandom
FNDA:0,_RNvCs84Y9kjD4mut_10write_perf28bench_seekrandomwhilewriting
FNDA:0,_RNvCs84Y9kjD4mut_10write_perf4main
FNF:33
FNH:0
DA:21,0
DA:24,0
DA:26,0
DA:27,0
DA:28,0
DA:29,0
DA:30,0
DA:31,0
DA:32,0
DA:34,0
DA:35,0
DA:36,0
DA:37,0
DA:38,0
DA:39,0
DA:40,0
DA:41,0
DA:42,0
DA:43,0
DA:45,0
DA:47,0
DA:51,0
DA:53,0
DA:54,0
DA:55,0
DA:56,0
DA:57,0
DA:58,0
DA:60,0
DA:63,0
DA:64,0
DA:65,0
DA:66,0
DA:67,0
DA:68,0
DA:70,0
DA:71,0
DA:75,0
DA:79,0
DA:80,0
DA:81,0
DA:82,0
DA:83,0
DA:84,0
DA:85,0
DA:86,0
DA:87,0
DA:88,0
DA:90,0
DA:91,0
DA:95,0
DA:98,0
DA:99,0
DA:100,0
DA:101,0
DA:103,0
DA:104,0
DA:105,0
DA:106,0
DA:107,0
DA:108,0
DA:109,0
DA:110,0
DA:111,0
DA:112,0
DA:113,0
DA:114,0
DA:115,0
DA:117,0
DA:119,0
DA:120,0
DA:121,0
DA:122,0
DA:123,0
DA:125,0
DA:126,0
DA:127,0
DA:128,0
DA:129,0
DA:130,0
DA:131,0
DA:132,0
DA:133,0
DA:134,0
DA:135,0
DA:136,0
DA:137,0
DA:139,0
DA:140,0
DA:143,0
DA:144,0
DA:145,0
DA:146,0
DA:147,0
DA:148,0
DA:149,0
DA:150,0
DA:151,0
DA:152,0
DA:153,0
DA:154,0
DA:155,0
DA:156,0
DA:161,0
DA:162,0
DA:163,0
DA:164,0
DA:165,0
DA:166,0
DA:167,0
DA:168,0
DA:170,0
DA:171,0
DA:172,0
DA:173,0
DA:174,0
DA:176,0
DA:178,0
DA:179,0
DA:182,0
DA:183,0
DA:184,0
DA:185,0
DA:186,0
DA:188,0
DA:189,0
DA:190,0
DA:191,0
DA:197,0
DA:199,0
DA:203,0
DA:204,0
DA:205,0
DA:206,0
DA:208,0
DA:209,0
DA:210,0
DA:211,0
DA:212,0
DA:213,0
DA:214,0
DA:216,0
DA:217,0
DA:222,0
DA:224,0
DA:225,0
DA:226,0
DA:227,0
DA:228,0
DA:230,0
DA:231,0
DA:232,0
DA:233,0
DA:234,0
DA:235,0
DA:236,0
DA:237,0
DA:238,0
DA:239,0
DA:240,0
DA:241,0
DA:242,0
DA:243,0
DA:244,0
DA:245,0
DA:246,0
DA:247,0
DA:248,0
DA:249,0
DA:250,0
DA:252,0
DA:253,0
DA:254,0
DA:255,0
DA:256,0
DA:262,0
DA:264,0
DA:265,0
DA:266,0
DA:267,0
DA:268,0
DA:270,0
DA:271,0
DA:272,0
DA:273,0
DA:275,0
DA:279,0
DA:280,0
DA:282,0
DA:283,0
DA:284,0
DA:285,0
DA:287,0
DA:288,0
DA:289,0
DA:290,0
DA:291,0
DA:292,0
DA:294,0
DA:295,0
DA:296,0
DA:297,0
DA:298,0
DA:299,0
DA:300,0
DA:301,0
DA:302,0
DA:303,0
DA:304,0
DA:307,0
DA:308,0
DA:309,0
DA:310,0
DA:312,0
DA:313,0
DA:314,0
DA:315,0
DA:316,0
DA:317,0
DA:319,0
DA:321,0
DA:322,0
DA:323,0
DA:324,0
DA:325,0
DA:329,0
DA:330,0
DA:331,0
DA:332,0
DA:333,0
DA:334,0
DA:335,0
DA:336,0
DA:337,0
DA:338,0
DA:339,0
DA:340,0
DA:342,0
DA:343,0
DA:347,0
DA:348,0
DA:349,0
DA:350,0
DA:351,0
DA:352,0
DA:353,0
DA:354,0
DA:355,0
DA:356,0
DA:357,0
DA:359,0
DA:360,0
DA:364,0
DA:365,0
DA:366,0
DA:367,0
DA:368,0
DA:369,0
DA:370,0
DA:371,0
DA:372,0
DA:373,0
DA:374,0
DA:375,0
DA:378,0
DA:379,0
DA:380,0
DA:381,0
DA:382,0
DA:384,0
DA:385,0
DA:386,0
DA:387,0
DA:391,0
DA:393,0
DA:396,0
DA:397,0
DA:398,0
DA:399,0
DA:400,0
DA:401,0
DA:402,0
DA:407,0
DA:408,0
DA:409,0
DA:410,0
DA:411,0
DA:412,0
DA:413,0
DA:415,0
DA:416,0
DA:421,0
DA:423,0
DA:424,0
DA:425,0
DA:426,0
DA:427,0
DA:429,0
DA:430,0
DA:431,0
DA:432,0
DA:433,0
DA:434,0
DA:435,0
DA:436,0
DA:437,0
DA:439,0
DA:440,0
DA:441,0
DA:442,0
DA:444,0
DA:445,0
DA:450,0
DA:452,0
DA:453,0
DA:454,0
DA:455,0
DA:456,0
DA:458,0
DA:459,0
DA:460,0
DA:461,0
DA:462,0
DA:463,0
DA:464,0
DA:465,0
DA:466,0
DA:467,0
DA:468,0
DA:470,0
DA:472,0
DA:473,0
DA:474,0
DA:475,0
DA:476,0
DA:477,0
DA:478,0
DA:479,0
DA:481,0
DA:482,0
DA:487,0
DA:490,0
DA:491,0
DA:492,0
DA:493,0
DA:495,0
DA:496,0
DA:497,0
DA:498,0
DA:499,0
DA:500,0
DA:501,0
DA:502,0
DA:503,0
DA:504,0
DA:505,0
DA:506,0
DA:508,0
DA:510,0
DA:511,0
DA:512,0
DA:513,0
DA:517,0
DA:518,0
DA:519,0
DA:520,0
DA:521,0
DA:522,0
DA:523,0
DA:524,0
DA:525,0
DA:526,0
DA:527,0
DA:528,0
DA:530,0
DA:531,0
DA:535,0
DA:536,0
DA:537,0
DA:538,0
DA:539,0
DA:540,0
DA:541,0
DA:542,0
DA:543,0
DA:544,0
DA:545,0
DA:546,0
DA:548,0
DA:549,0
DA:552,0
DA:553,0
DA:554,0
DA:555,0
DA:556,0
DA:558,0
DA:559,0
DA:560,0
DA:565,0
DA:567,0
DA:569,0
DA:570,0
DA:571,0
DA:572,0
DA:574,0
DA:575,0
DA:576,0
DA:577,0
DA:578,0
DA:579,0
DA:580,0
DA:581,0
DA:582,0
DA:583,0
DA:584,0
DA:585,0
DA:587,0
DA:589,0
DA:590,0
DA:591,0
DA:592,0
DA:594,0
DA:595,0
DA:596,0
DA:597,0
DA:598,0
DA:599,0
DA:600,0
DA:601,0
DA:602,0
DA:603,0
DA:604,0
DA:605,0
DA:606,0
DA:607,0
DA:608,0
DA:609,0
DA:610,0
DA:611,0
DA:612,0
DA:614,0
DA:615,0
DA:616,0
DA:619,0
DA:620,0
DA:621,0
DA:622,0
DA:623,0
DA:625,0
DA:626,0
DA:627,0
DA:632,0
DA:634,0
DA:636,0
DA:637,0
DA:638,0
DA:639,0
DA:641,0
DA:642,0
DA:643,0
DA:644,0
DA:645,0
DA:646,0
DA:647,0
DA:648,0
DA:649,0
DA:650,0
DA:651,0
DA:653,0
DA:655,0
DA:656,0
DA:657,0
DA:658,0
DA:659,0
DA:660,0
DA:661,0
DA:662,0
DA:663,0
DA:664,0
DA:665,0
DA:666,0
DA:667,0
DA:668,0
DA:669,0
DA:670,0
DA:671,0
DA:673,0
DA:675,0
DA:676,0
DA:681,0
DA:684,0
DA:685,0
DA:686,0
DA:687,0
DA:691,0
DA:692,0
DA:693,0
DA:694,0
DA:696,0
DA:697,0
DA:699,0
DA:702,0
DA:703,0
DA:704,0
DA:705,0
DA:706,0
DA:707,0
DA:708,0
DA:709,0
DA:710,0
DA:711,0
DA:713,0
DA:714,0
DA:720,0
DA:722,0
DA:723,0
DA:724,0
DA:725,0
DA:726,0
DA:728,0
DA:729,0
DA:730,0
DA:731,0
DA:732,0
DA:733,0
DA:735,0
DA:737,0
DA:738,0
DA:739,0
DA:740,0
DA:741,0
DA:742,0
DA:744,0
DA:745,0
DA:750,0
DA:752,0
DA:753,0
DA:758,0
DA:759,0
DA:760,0
DA:761,0
DA:763,0
DA:764,0
DA:765,0
DA:766,0
DA:767,0
DA:768,0
DA:770,0
DA:774,0
DA:775,0
DA:776,0
DA:777,0
DA:778,0
DA:779,0
DA:781,0
DA:782,0
DA:787,0
DA:789,0
DA:790,0
DA:795,0
DA:796,0
DA:797,0
DA:798,0
DA:800,0
DA:801,0
DA:802,0
DA:803,0
DA:804,0
DA:805,0
DA:806,0
DA:807,0
DA:808,0
DA:813,0
DA:814,0
DA:816,0
DA:819,0
DA:820,0
DA:821,0
DA:822,0
DA:823,0
DA:824,0
DA:825,0
DA:826,0
DA:827,0
DA:828,0
DA:829,0
DA:830,0
DA:832,0
DA:833,0
DA:838,0
DA:841,0
DA:842,0
DA:846,0
DA:847,0
DA:848,0
DA:849,0
DA:851,0
DA:852,0
DA:853,0
DA:854,0
DA:855,0
DA:856,0
DA:857,0
DA:858,0
DA:859,0
DA:860,0
DA:861,0
DA:862,0
DA:864,0
DA:866,0
DA:867,0
DA:868,0
DA:869,0
DA:873,0
DA:874,0
DA:875,0
DA:876,0
DA:877,0
DA:878,0
DA:879,0
DA:880,0
DA:881,0
DA:882,0
DA:883,0
DA:884,0
DA:885,0
DA:886,0
DA:887,0
DA:888,0
DA:889,0
DA:890,0
DA:891,0
DA:895,0
DA:896,0
DA:900,0
DA:901,0
DA:902,0
DA:903,0
DA:904,0
DA:905,0
DA:906,0
DA:907,0
DA:908,0
DA:909,0
DA:910,0
DA:911,0
DA:912,0
DA:913,0
DA:914,0
DA:915,0
DA:916,0
DA:919,0
DA:921,0
DA:923,0
DA:924,0
DA:925,0
DA:926,0
DA:927,0
DA:928,0
DA:929,0
DA:930,0
DA:931,0
DA:933,0
DA:938,0
DA:942,0
DA:943,0
DA:944,0
DA:945,0
DA:947,0
DA:948,0
DA:949,0
DA:950,0
DA:951,0
DA:952,0
DA:954,0
DA:956,0
DA:957,0
DA:958,0
DA:959,0
DA:960,0
DA:961,0
DA:962,0
DA:963,0
DA:964,0
DA:966,0
DA:967,0
DA:972,0
DA:974,0
DA:975,0
DA:976,0
DA:977,0
DA:978,0
DA:980,0
DA:981,0
DA:984,0
DA:985,0
DA:986,0
DA:987,0
DA:988,0
DA:989,0
DA:990,0
DA:991,0
DA:992,0
DA:993,0
DA:995,0
DA:997,0
DA:998,0
DA:999,0
DA:1000,0
DA:1004,0
DA:1005,0
DA:1006,0
DA:1007,0
DA:1009,0
DA:1011,0
DA:1012,0
DA:1014,0
DA:1015,0
DA:1017,0
DA:1018,0
DA:1020,0
DA:1021,0
DA:1022,0
DA:1023,0
DA:1025,0
DA:1026,0
DA:1028,0
DA:1029,0
DA:1032,0
DA:1033,0
DA:1035,0
DA:1036,0
DA:1038,0
DA:1039,0
DA:1041,0
DA:1042,0
DA:1044,0
DA:1045,0
DA:1047,0
DA:1048,0
DA:1051,0
DA:1052,0
DA:1054,0
DA:1055,0
DA:1057,0
DA:1058,0
DA:1060,0
DA:1061,0
DA:1063,0
DA:1064,0
DA:1066,0
DA:1067,0
DA:1069,0
DA:1070,0
DA:1072,0
DA:1073,0
BRF:0
BRH:0
LF:768
LH:0
end_of_record
SF:/home/liu/proj/toy-kv-engine/kv-engine/src/block.rs
FN:129,_RNvMNtCs3ksH6Jg0luU_9kv_engine5blockNtB2_5Block10data_sliceB4_
FN:49,_RNvMNtCs3ksH6Jg0luU_9kv_engine5blockNtB2_5Block10encode_ref
FN:97,_RNvMNtCs3ksH6Jg0luU_9kv_engine5blockNtB2_5Block15decode_from_vec
FN:67,_RNvMNtCs3ksH6Jg0luU_9kv_engine5blockNtB2_5Block6decode
FN:27,_RNvMNtCs3ksH6Jg0luU_9kv_engine5blockNtB2_5Block6encode
FN:60,_RNCNvMNtCs3ksH6Jg0luU_9kv_engine5blockNtB4_5Block10encode_ref0B6_
FN:117,_RNCNvMNtCs3ksH6Jg0luU_9kv_engine5blockNtB4_5Block15decode_from_vec0B6_
FN:86,_RNCNvMNtCs3ksH6Jg0luU_9kv_engine5blockNtB4_5Block6decode0B6_
FN:38,_RNCNvMNtCs3ksH6Jg0luU_9kv_engine5blockNtB4_5Block6encode0B6_
FNDA:115768,_RNvMNtCs3ksH6Jg0luU_9kv_engine5blockNtB2_5Block10data_sliceB4_
FNDA:26882,_RNvMNtCs3ksH6Jg0luU_9kv_engine5blockNtB2_5Block10encode_ref
FNDA:30340,_RNvMNtCs3ksH6Jg0luU_9kv_engine5blockNtB2_5Block15decode_from_vec
FNDA:2,_RNvMNtCs3ksH6Jg0luU_9kv_engine5blockNtB2_5Block6decode
FNDA:9968,_RNvMNtCs3ksH6Jg0luU_9kv_engine5blockNtB2_5Block6encode
FNDA:0,_RNCNvMNtCs3ksH6Jg0luU_9kv_engine5blockNtB4_5Block10encode_ref0B6_
FNDA:816205,_RNCNvMNtCs3ksH6Jg0luU_9kv_engine5blockNtB4_5Block15decode_from_vec0B6_
FNDA:103,_RNCNvMNtCs3ksH6Jg0luU_9kv_engine5blockNtB4_5Block6decode0B6_
FNDA:0,_RNCNvMNtCs3ksH6Jg0luU_9kv_engine5blockNtB4_5Block6encode0B6_
FNF:9
FNH:7
DA:27,9968
DA:28,9968
DA:29,9968
DA:30,9968
DA:31,174189
DA:32,174189
DA:33,174189
DA:34,9968
DA:35,9968
DA:36,9968
DA:37,9968
DA:38,9968
DA:39,9968
DA:41,9968
DA:42,9968
DA:49,26882
DA:50,26882
DA:51,26882
DA:52,26882
DA:53,703549
DA:54,703549
DA:55,703549
DA:56,26882
DA:57,26882
DA:58,26882
DA:59,26882
DA:60,26882
DA:61,26882
DA:63,26882
DA:64,26882
DA:67,2
DA:68,2
DA:69,2
DA:72,0
DA:74,2
DA:75,2
DA:76,2
DA:77,2
DA:79,0
DA:81,2
DA:83,2
DA:84,2
DA:85,2
DA:86,103
DA:87,2
DA:89,2
DA:90,2
DA:91,2
DA:92,2
DA:93,2
DA:97,30340
DA:98,30340
DA:99,30340
DA:102,0
DA:104,30340
DA:105,30340
DA:106,30340
DA:107,30340
DA:109,0
DA:111,30340
DA:113,30340
DA:114,30340
DA:115,30340
DA:116,30340
DA:117,816205
DA:118,30340
DA:120,30340
DA:121,30340
DA:122,30340
DA:123,30340
DA:124,30340
DA:129,115768
DA:130,115768
DA:131,115768
BRF:0
BRH:0
LF:78
LH:72
end_of_record
SF:/home/liu/proj/toy-kv-engine/kv-engine/src/block/builder.rs
FN:149,_RNvMNtNtCs3ksH6Jg0luU_9kv_engine5block7builderNtB2_12BlockBuilder11num_entries
FN:45,_RNvMNtNtCs3ksH6Jg0luU_9kv_engine5block7builderNtB2_12BlockBuilder11overlap_len
FN:39,_RNvMNtNtCs3ksH6Jg0luU_9kv_engine5block7builderNtB2_12BlockBuilder12current_size
FN:68,_RNvMNtNtCs3ksH6Jg0luU_9kv_engine5block7builderNtB2_12BlockBuilder3add
FN:26,_RNvMNtNtCs3ksH6Jg0luU_9kv_engine5block7builderNtB2_12BlockBuilder3new
FN:154,_RNvMNtNtCs3ksH6Jg0luU_9kv_engine5block7builderNtB2_12BlockBuilder5build
FN:119,_RNvMNtNtCs3ksH6Jg0luU_9kv_engine5block7builderNtB2_12BlockBuilder6key_at
FN:144,_RNvMNtNtCs3ksH6Jg0luU_9kv_engine5block7builderNtB2_12BlockBuilder8is_empty
FN:54,_RNCNvMNtNtCs3ksH6Jg0luU_9kv_engine5block7builderNtB4_12BlockBuilder11overlap_len0B8_
FN:60,_RNCNvMNtNtCs3ksH6Jg0luU_9kv_engine5block7builderNtB4_12BlockBuilder11overlap_lens_0B8_
FN:79,_RNCNvMNtNtCs3ksH6Jg0luU_9kv_engine5block7builderNtB4_12BlockBuilder3add0B8_
FN:92,_RNCNvMNtNtCs3ksH6Jg0luU_9kv_engine5block7builderNtB4_12BlockBuilder3adds0_0B8_
FN:94,_RNCNvMNtNtCs3ksH6Jg0luU_9kv_engine5block7builderNtB4_12BlockBuilder3adds1_0B8_
FN:96,_RNCNvMNtNtCs3ksH6Jg0luU_9kv_engine5block7builderNtB4_12BlockBuilder3adds2_0B8_
FN:90,_RNCNvMNtNtCs3ksH6Jg0luU_9kv_engine5block7builderNtB4_12BlockBuilder3adds_0B8_
FNDA:110629,_RNvMNtNtCs3ksH6Jg0luU_9kv_engine5block7builderNtB2_12BlockBuilder11num_entries
FNDA:841302,_RNvMNtNtCs3ksH6Jg0luU_9kv_engine5block7builderNtB2_12BlockBuilder11overlap_len
FNDA:877793,_RNvMNtNtCs3ksH6Jg0luU_9kv_engine5block7builderNtB2_12BlockBuilder12current_size
FNDA:914646,_RNvMNtNtCs3ksH6Jg0luU_9kv_engine5block7builderNtB2_12BlockBuilder3add
FNDA:36864,_RNvMNtNtCs3ksH6Jg0luU_9kv_engine5block7builderNtB2_12BlockBuilder3new
FNDA:36856,_RNvMNtNtCs3ksH6Jg0luU_9kv_engine5block7builderNtB2_12BlockBuilder5build
FNDA:73791,_RNvMNtNtCs3ksH6Jg0luU_9kv_engine5block7builderNtB2_12BlockBuilder6key_at
FNDA:1792801,_RNvMNtNtCs3ksH6Jg0luU_9kv_engine5block7builderNtB2_12BlockBuilder8is_empty
FNDA:9,_RNCNvMNtNtCs3ksH6Jg0luU_9kv_engine5block7builderNtB4_12BlockBuilder11overlap_len0B8_
FNDA:8660095,_RNCNvMNtNtCs3ksH6Jg0luU_9kv_engine5block7builderNtB4_12BlockBuilder11overlap_lens_0B8_
FNDA:0,_RNCNvMNtNtCs3ksH6Jg0luU_9kv_engine5block7builderNtB4_12BlockBuilder3add0B8_
FNDA:0,_RNCNvMNtNtCs3ksH6Jg0luU_9kv_engine5block7builderNtB4_12BlockBuilder3adds0_0B8_
FNDA:0,_RNCNvMNtNtCs3ksH6Jg0luU_9kv_engine5block7builderNtB4_12BlockBuilder3adds1_0B8_
FNDA:0,_RNCNvMNtNtCs3ksH6Jg0luU_9kv_engine5block7builderNtB4_12BlockBuilder3adds2_0B8_
FNDA:0,_RNCNvMNtNtCs3ksH6Jg0luU_9kv_engine5block7builderNtB4_12BlockBuilder3adds_0B8_
FNF:15
FNH:10
DA:26,36864
DA:27,36864
DA:28,36864
DA:29,36864
DA:30,36864
DA:31,36864
DA:32,36864
DA:33,36864
DA:34,36864
DA:35,36864
DA:36,36864
DA:37,36864
DA:39,877793
DA:40,877793
DA:42,877793
DA:45,841302
DA:46,841302
DA:47,841302
DA:49,841302
DA:50,841302
DA:51,841302
DA:52,841302
DA:54,841302
DA:55,841302
DA:56,841302
DA:58,841302
DA:59,841302
DA:60,8660095
DA:61,841302
DA:62,841302
DA:68,914646
DA:70,914646
DA:71,877793
DA:73,36491
DA:74,878155
DA:78,878155
DA:79,878155
DA:80,0
DA:81,0
DA:83,878155
DA:84,36853
DA:86,841302
DA:88,878155
DA:89,878155
DA:90,878155
DA:91,878155
DA:92,878155
DA:93,878155
DA:94,878155
DA:95,878155
DA:96,878155
DA:99,878155
DA:100,878155
DA:101,878155
DA:102,878155
DA:103,878155
DA:104,878155
DA:106,878155
DA:107,36853
DA:108,36853
DA:109,36853
DA:110,36853
DA:111,841302
DA:113,878155
DA:114,914646
DA:119,73791
DA:120,73791
DA:122,73790
DA:123,73790
DA:124,73790
DA:125,73790
DA:126,73790
DA:127,73790
DA:128,73790
DA:129,73790
DA:131,73790
DA:132,43594
DA:134,30196
DA:135,30196
DA:136,30196
DA:137,30196
DA:138,30196
DA:139,30196
DA:141,73790
DA:144,1792801
DA:145,1792801
DA:146,1792801
DA:149,110629
DA:150,110629
DA:151,110629
DA:154,36856
DA:155,36856
DA:156,36856
DA:157,36856
DA:158,36856
DA:159,36856
BRF:0
BRH:0
LF:104
LH:96
end_of_record
SF:/home/liu/proj/toy-kv-engine/kv-engine/src/block/iterator.rs
FN:78,_RNvMNtNtCs3ksH6Jg0luU_9kv_engine5block8iteratorNtB2_13BlockIterator9raw_value
FN:94,_RNvMNtNtCs3ksH6Jg0luU_9kv_engine5block8iteratorNtB2_13BlockIterator11seek_to_idx
FN:172,_RNvMNtNtCs3ksH6Jg0luU_9kv_engine5block8iteratorNtB2_13BlockIterator11seek_to_key
FN:72,_RNvMNtNtCs3ksH6Jg0luU_9kv_engine5block8iteratorNtB2_13BlockIterator11value_bytes
FN:129,_RNvMNtNtCs3ksH6Jg0luU_9kv_engine5block8iteratorNtB2_13BlockIterator12cmp_entry_at
FN:35,_RNvMNtNtCs3ksH6Jg0luU_9kv_engine5block8iteratorNtB2_13BlockIterator13get_first_key
FN:89,_RNvMNtNtCs3ksH6Jg0luU_9kv_engine5block8iteratorNtB2_13BlockIterator13seek_to_first
FN:52,_RNvMNtNtCs3ksH6Jg0luU_9kv_engine5block8iteratorNtB2_13BlockIterator22create_and_seek_to_key
FN:44,_RNvMNtNtCs3ksH6Jg0luU_9kv_engine5block8iteratorNtB2_13BlockIterator24create_and_seek_to_first
FN:60,_RNvMNtNtCs3ksH6Jg0luU_9kv_engine5block8iteratorNtB2_13BlockIterator3key
FN:23,_RNvMNtNtCs3ksH6Jg0luU_9kv_engine5block8iteratorNtB2_13BlockIterator3new
FN:120,_RNvMNtNtCs3ksH6Jg0luU_9kv_engine5block8iteratorNtB2_13BlockIterator4next
FN:65,_RNvMNtNtCs3ksH6Jg0luU_9kv_engine5block8iteratorNtB2_13BlockIterator5value
FN:84,_RNvMNtNtCs3ksH6Jg0luU_9kv_engine5block8iteratorNtB2_13BlockIterator8is_valid
FNDA:0,_RNvMNtNtCs3ksH6Jg0luU_9kv_engine5block8iteratorNtB2_13BlockIterator9raw_value
FNDA:1013076,_RNvMNtNtCs3ksH6Jg0luU_9kv_engine5block8iteratorNtB2_13BlockIterator11seek_to_idx
FNDA:117742,_RNvMNtNtCs3ksH6Jg0luU_9kv_engine5block8iteratorNtB2_13BlockIterator11seek_to_key
FNDA:115768,_RNvMNtNtCs3ksH6Jg0luU_9kv_engine5block8iteratorNtB2_13BlockIterator11value_bytes
FNDA:569302,_RNvMNtNtCs3ksH6Jg0luU_9kv_engine5block8iteratorNtB2_13BlockIterator12cmp_entry_at
FNDA:150782,_RNvMNtNtCs3ksH6Jg0luU_9kv_engine5block8iteratorNtB2_13BlockIterator13get_first_key
FNDA:33550,_RNvMNtNtCs3ksH6Jg0luU_9kv_engine5block8iteratorNtB2_13BlockIterator13seek_to_first
FNDA:117237,_RNvMNtNtCs3ksH6Jg0luU_9kv_engine5block8iteratorNtB2_13BlockIterator22create_and_seek_to_key
FNDA:33545,_RNvMNtNtCs3ksH6Jg0luU_9kv_engine5block8iteratorNtB2_13BlockIterator24create_and_seek_to_first
FNDA:8508644,_RNvMNtNtCs3ksH6Jg0luU_9kv_engine5block8iteratorNtB2_13BlockIterator3key
FNDA:150782,_RNvMNtNtCs3ksH6Jg0luU_9kv_engine5block8iteratorNtB2_13BlockIterator3new
FNDA:861784,_RNvMNtNtCs3ksH6Jg0luU_9kv_engine5block8iteratorNtB2_13BlockIterator4next
FNDA:1543499,_RNvMNtNtCs3ksH6Jg0luU_9kv_engine5block8iteratorNtB2_13BlockIterator5value
FNDA:5021479,_RNvMNtNtCs3ksH6Jg0luU_9kv_engine5block8iteratorNtB2_13BlockIterator8is_valid
FNF:14
FNH:13
DA:23,150782
DA:24,150782
DA:26,150782
DA:27,150782
DA:28,150782
DA:29,150782
DA:30,150782
DA:31,150782
DA:32,150782
DA:33,150782
DA:35,150782
DA:36,150782
DA:37,150782
DA:38,150782
DA:40,150782
DA:41,150782
DA:44,33545
DA:45,33545
DA:46,33545
DA:48,33545
DA:49,33545
DA:52,117237
DA:53,117237
DA:54,117237
DA:56,117237
DA:57,117237
DA:60,8508644
DA:61,8508644
DA:62,8508644
DA:65,1543499
DA:66,1543499
DA:67,1543499
DA:72,115768
DA:73,115768
DA:74,115768
DA:75,115768
DA:78,0
DA:79,0
DA:80,0
DA:84,5021479
DA:85,5021479
DA:86,5021479
DA:89,33550
DA:90,33550
DA:91,33550
DA:94,1013076
DA:95,1013076
DA:97,1013076
DA:98,33877
DA:99,33877
DA:100,33877
DA:101,979199
DA:103,979199
DA:104,979199
DA:105,979199
DA:106,979199
DA:107,979199
DA:108,979199
DA:109,979199
DA:110,979199
DA:111,979199
DA:112,979199
DA:113,979199
DA:114,979199
DA:115,979199
DA:116,979199
DA:117,1013076
DA:120,861784
DA:121,861784
DA:122,861784
DA:123,861784
DA:129,569302
DA:130,569302
DA:131,569302
DA:132,569302
DA:133,569302
DA:135,0
DA:136,0
DA:138,569302
DA:139,569302
DA:140,569302
DA:141,569302
DA:142,569302
DA:144,0
DA:146,569302
DA:152,569302
DA:153,569302
DA:154,569302
DA:155,569302
DA:156,524143
DA:157,45159
DA:161,524143
DA:162,30
DA:163,524113
DA:166,524113
DA:167,569302
DA:172,117742
DA:173,117742
DA:174,117742
DA:175,117742
DA:176,117742
DA:177,686743
DA:178,569302
DA:179,569302
DA:180,251365
DA:181,317636
DA:183,301
DA:184,301
DA:189,117742
DA:190,117742
BRF:0
BRH:0
LF:110
LH:104
end_of_record
SF:/home/liu/proj/toy-kv-engine/kv-engine/src/cache.rs
FN:120,_RINvMNtCs3ksH6Jg0luU_9kv_engine5cacheNtB3_10BlockCache12try_get_withNCNCNCNvNtB3_5testss_41block_cache_try_get_with_concurrent_error000ReEB5_
FN:120,_RINvMNtCs3ksH6Jg0luU_9kv_engine5cacheNtB3_10BlockCache12try_get_withNCNCNCNvNtB3_5testss_46block_cache_try_get_with_single_flight_success000ReEB5_
FN:120,_RINvMNtCs3ksH6Jg0luU_9kv_engine5cacheNtB3_10BlockCache12try_get_withNCNvMs0_NtB5_5tableNtB1c_7SsTable17read_block_cached0NtCs9i9VuZPdG6Z_6anyhow5ErrorEB5_
FN:120,_RINvMNtCs3ksH6Jg0luU_9kv_engine5cacheNtB3_10BlockCache12try_get_withNCNvNtB3_5testss_28block_cache_try_get_with_hit0NtNtCs2TrN21NlPz_5alloc6string6StringEB5_
FN:120,_RINvMNtCs3ksH6Jg0luU_9kv_engine5cacheNtB3_10BlockCache12try_get_withNCNvNtB3_5testss_28block_cache_try_get_with_hits_0NtNtCs2TrN21NlPz_5alloc6string6StringEB5_
FN:120,_RINvMNtCs3ksH6Jg0luU_9kv_engine5cacheNtB3_10BlockCache12try_get_withNCNvNtB3_5testss_41block_cache_try_get_with_concurrent_errors_0ReEB5_
FN:120,_RINvMNtCs3ksH6Jg0luU_9kv_engine5cacheNtB3_10BlockCache12try_get_withNCNvNtB3_5testss_41block_cache_try_get_with_error_propagates0ReEB5_
FN:120,_RINvMNtCs3ksH6Jg0luU_9kv_engine5cacheNtB3_10BlockCache12try_get_withNCNvNtB3_5testss_41block_cache_try_get_with_error_propagatess_0ReEB5_
FN:71,_RINvMNtCs3ksH6Jg0luU_9kv_engine5cacheNtB3_10BlockCache13get_or_insertNCNCNCNvNtB3_5testss_42block_cache_single_flight_coalesces_misses000EB5_
FN:71,_RINvMNtCs3ksH6Jg0luU_9kv_engine5cacheNtB3_10BlockCache13get_or_insertNCNvNtB3_5testss_27block_cache_invalidate_ssts0EB5_
FN:71,_RINvMNtCs3ksH6Jg0luU_9kv_engine5cacheNtB3_10BlockCache13get_or_insertNCNvNtB3_5testss_27block_cache_invalidate_sstss0_0EB5_
FN:71,_RINvMNtCs3ksH6Jg0luU_9kv_engine5cacheNtB3_10BlockCache13get_or_insertNCNvNtB3_5testss_27block_cache_invalidate_sstss_0EB5_
FN:71,_RINvMNtCs3ksH6Jg0luU_9kv_engine5cacheNtB3_10BlockCache13get_or_insertNCNvNtB3_5testss_31block_cache_new_clamps_capacity0EB5_
FN:71,_RINvMNtCs3ksH6Jg0luU_9kv_engine5cacheNtB3_10BlockCache13get_or_insertNCNvNtB3_5testss_38block_cache_different_keys_independent0EB5_
FN:71,_RINvMNtCs3ksH6Jg0luU_9kv_engine5cacheNtB3_10BlockCache13get_or_insertNCNvNtB3_5testss_38block_cache_different_keys_independents0_0EB5_
FN:71,_RINvMNtCs3ksH6Jg0luU_9kv_engine5cacheNtB3_10BlockCache13get_or_insertNCNvNtB3_5testss_38block_cache_different_keys_independents_0EB5_
FN:71,_RINvMNtCs3ksH6Jg0luU_9kv_engine5cacheNtB3_10BlockCache13get_or_insertNCNvNtB3_5testss_38block_cache_get_or_insert_hit_and_miss0EB5_
FN:71,_RINvMNtCs3ksH6Jg0luU_9kv_engine5cacheNtB3_10BlockCache13get_or_insertNCNvNtB3_5testss_38block_cache_get_or_insert_hit_and_misss_0EB5_
FN:71,_RINvMNtCs3ksH6Jg0luU_9kv_engine5cacheNtB3_10BlockCache13get_or_insertNCNvNtB3_5testss_38block_cache_invalidate_unknown_id_noop0EB5_
FN:71,_RINvMNtCs3ksH6Jg0luU_9kv_engine5cacheNtB3_10BlockCache13get_or_insertNCNvNtB3_5testss_45block_cache_entry_count_drifts_after_eviction0EB5_
FN:136,_RNCINvMNtCs3ksH6Jg0luU_9kv_engine5cacheNtB5_10BlockCache12try_get_withNCNCNCNvNtB5_5testss_41block_cache_try_get_with_concurrent_error000ReE0B7_
FN:151,_RNCINvMNtCs3ksH6Jg0luU_9kv_engine5cacheNtB5_10BlockCache12try_get_withNCNCNCNvNtB5_5testss_41block_cache_try_get_with_concurrent_error000ReEs_0B7_
FN:136,_RNCINvMNtCs3ksH6Jg0luU_9kv_engine5cacheNtB5_10BlockCache12try_get_withNCNCNCNvNtB5_5testss_46block_cache_try_get_with_single_flight_success000ReE0B7_
FN:151,_RNCINvMNtCs3ksH6Jg0luU_9kv_engine5cacheNtB5_10BlockCache12try_get_withNCNCNCNvNtB5_5testss_46block_cache_try_get_with_single_flight_success000ReEs_0B7_
FN:136,_RNCINvMNtCs3ksH6Jg0luU_9kv_engine5cacheNtB5_10BlockCache12try_get_withNCNvMs0_NtB7_5tableNtB1e_7SsTable17read_block_cached0NtCs9i9VuZPdG6Z_6anyhow5ErrorE0B7_
FN:151,_RNCINvMNtCs3ksH6Jg0luU_9kv_engine5cacheNtB5_10BlockCache12try_get_withNCNvMs0_NtB7_5tableNtB1e_7SsTable17read_block_cached0NtCs9i9VuZPdG6Z_6anyhow5ErrorEs_0B7_
FN:136,_RNCINvMNtCs3ksH6Jg0luU_9kv_engine5cacheNtB5_10BlockCache12try_get_withNCNvNtB5_5testss_28block_cache_try_get_with_hit0NtNtCs2TrN21NlPz_5alloc6string6StringE0B7_
FN:151,_RNCINvMNtCs3ksH6Jg0luU_9kv_engine5cacheNtB5_10BlockCache12try_get_withNCNvNtB5_5testss_28block_cache_try_get_with_hit0NtNtCs2TrN21NlPz_5alloc6string6StringEs_0B7_
FN:136,_RNCINvMNtCs3ksH6Jg0luU_9kv_engine5cacheNtB5_10BlockCache12try_get_withNCNvNtB5_5testss_28block_cache_try_get_with_hits_0NtNtCs2TrN21NlPz_5alloc6string6StringE0B7_
FN:151,_RNCINvMNtCs3ksH6Jg0luU_9kv_engine5cacheNtB5_10BlockCache12try_get_withNCNvNtB5_5testss_28block_cache_try_get_with_hits_0NtNtCs2TrN21NlPz_5alloc6string6StringEs_0B7_
FN:136,_RNCINvMNtCs3ksH6Jg0luU_9kv_engine5cacheNtB5_10BlockCache12try_get_withNCNvNtB5_5testss_41block_cache_try_get_with_concurrent_errors_0ReE0B7_
FN:151,_RNCINvMNtCs3ksH6Jg0luU_9kv_engine5cacheNtB5_10BlockCache12try_get_withNCNvNtB5_5testss_41block_cache_try_get_with_concurrent_errors_0ReEs_0B7_
FN:136,_RNCINvMNtCs3ksH6Jg0luU_9kv_engine5cacheNtB5_10BlockCache12try_get_withNCNvNtB5_5testss_41block_cache_try_get_with_error_propagates0ReE0B7_
FN:151,_RNCINvMNtCs3ksH6Jg0luU_9kv_engine5cacheNtB5_10BlockCache12try_get_withNCNvNtB5_5testss_41block_cache_try_get_with_error_propagates0ReEs_0B7_
FN:136,_RNCINvMNtCs3ksH6Jg0luU_9kv_engine5cacheNtB5_10BlockCache12try_get_withNCNvNtB5_5testss_41block_cache_try_get_with_error_propagatess_0ReE0B7_
FN:151,_RNCINvMNtCs3ksH6Jg0luU_9kv_engine5cacheNtB5_10BlockCache12try_get_withNCNvNtB5_5testss_41block_cache_try_get_with_error_propagatess_0ReEs_0B7_
FN:89,_RNCINvMNtCs3ksH6Jg0luU_9kv_engine5cacheNtB5_10BlockCache13get_or_insertNCNCNCNvNtB5_5testss_42block_cache_single_flight_coalesces_misses000E0B7_
FN:104,_RNCINvMNtCs3ksH6Jg0luU_9kv_engine5cacheNtB5_10BlockCache13get_or_insertNCNCNCNvNtB5_5testss_42block_cache_single_flight_coalesces_misses000Es_0B7_
FN:89,_RNCINvMNtCs3ksH6Jg0luU_9kv_engine5cacheNtB5_10BlockCache13get_or_insertNCNvNtB5_5testss_27block_cache_invalidate_ssts0E0B7_
FN:104,_RNCINvMNtCs3ksH6Jg0luU_9kv_engine5cacheNtB5_10BlockCache13get_or_insertNCNvNtB5_5testss_27block_cache_invalidate_ssts0Es_0B7_
FN:89,_RNCINvMNtCs3ksH6Jg0luU_9kv_engine5cacheNtB5_10BlockCache13get_or_insertNCNvNtB5_5testss_27block_cache_invalidate_sstss0_0E0B7_
FN:104,_RNCINvMNtCs3ksH6Jg0luU_9kv_engine5cacheNtB5_10BlockCache13get_or_insertNCNvNtB5_5testss_27block_cache_invalidate_sstss0_0Es_0B7_
FN:89,_RNCINvMNtCs3ksH6Jg0luU_9kv_engine5cacheNtB5_10BlockCache13get_or_insertNCNvNtB5_5testss_27block_cache_invalidate_sstss_0E0B7_
FN:104,_RNCINvMNtCs3ksH6Jg0luU_9kv_engine5cacheNtB5_10BlockCache13get_or_insertNCNvNtB5_5testss_27block_cache_invalidate_sstss_0Es_0B7_
FN:89,_RNCINvMNtCs3ksH6Jg0luU_9kv_engine5cacheNtB5_10BlockCache13get_or_insertNCNvNtB5_5testss_31block_cache_new_clamps_capacity0E0B7_
FN:104,_RNCINvMNtCs3ksH6Jg0luU_9kv_engine5cacheNtB5_10BlockCache13get_or_insertNCNvNtB5_5testss_31block_cache_new_clamps_capacity0Es_0B7_
FN:89,_RNCINvMNtCs3ksH6Jg0luU_9kv_engine5cacheNtB5_10BlockCache13get_or_insertNCNvNtB5_5testss_38block_cache_different_keys_independent0E0B7_
FN:104,_RNCINvMNtCs3ksH6Jg0luU_9kv_engine5cacheNtB5_10BlockCache13get_or_insertNCNvNtB5_5testss_38block_cache_different_keys_independent0Es_0B7_
FN:89,_RNCINvMNtCs3ksH6Jg0luU_9kv_engine5cacheNtB5_10BlockCache13get_or_insertNCNvNtB5_5testss_38block_cache_different_keys_independents0_0E0B7_
FN:104,_RNCINvMNtCs3ksH6Jg0luU_9kv_engine5cacheNtB5_10BlockCache13get_or_insertNCNvNtB5_5testss_38block_cache_different_keys_independents0_0Es_0B7_
FN:89,_RNCINvMNtCs3ksH6Jg0luU_9kv_engine5cacheNtB5_10BlockCache13get_or_insertNCNvNtB5_5testss_38block_cache_different_keys_independents_0E0B7_
FN:104,_RNCINvMNtCs3ksH6Jg0luU_9kv_engine5cacheNtB5_10BlockCache13get_or_insertNCNvNtB5_5testss_38block_cache_different_keys_independents_0Es_0B7_
FN:89,_RNCINvMNtCs3ksH6Jg0luU_9kv_engine5cacheNtB5_10BlockCache13get_or_insertNCNvNtB5_5testss_38block_cache_get_or_insert_hit_and_miss0E0B7_
FN:104,_RNCINvMNtCs3ksH6Jg0luU_9kv_engine5cacheNtB5_10BlockCache13get_or_insertNCNvNtB5_5testss_38block_cache_get_or_insert_hit_and_miss0Es_0B7_
FN:89,_RNCINvMNtCs3ksH6Jg0luU_9kv_engine5cacheNtB5_10BlockCache13get_or_insertNCNvNtB5_5testss_38block_cache_get_or_insert_hit_and_misss_0E0B7_
FN:104,_RNCINvMNtCs3ksH6Jg0luU_9kv_engine5cacheNtB5_10BlockCache13get_or_insertNCNvNtB5_5testss_38block_cache_get_or_insert_hit_and_misss_0Es_0B7_
FN:89,_RNCINvMNtCs3ksH6Jg0luU_9kv_engine5cacheNtB5_10BlockCache13get_or_insertNCNvNtB5_5testss_38block_cache_invalidate_unknown_id_noop0E0B7_
FN:104,_RNCINvMNtCs3ksH6Jg0luU_9kv_engine5cacheNtB5_10BlockCache13get_or_insertNCNvNtB5_5testss_38block_cache_invalidate_unknown_id_noop0Es_0B7_
FN:89,_RNCINvMNtCs3ksH6Jg0luU_9kv_engine5cacheNtB5_10BlockCache13get_or_insertNCNvNtB5_5testss_45block_cache_entry_count_drifts_after_eviction0E0B7_
FN:104,_RNCINvMNtCs3ksH6Jg0luU_9kv_engine5cacheNtB5_10BlockCache13get_or_insertNCNvNtB5_5testss_45block_cache_entry_count_drifts_after_eviction0Es_0B7_
FN:169,_RNCNvMNtCs3ksH6Jg0luU_9kv_engine5cacheNtB4_10BlockCache15invalidate_ssts0B6_
FN:220,_RNCNvMNtCs3ksH6Jg0luU_9kv_engine5cacheNtB4_10BlockCache8backfill0B6_
FN:314,_RNvNtNtCs3ksH6Jg0luU_9kv_engine5cache5tests10make_block
FN:581,_RNvNtNtCs3ksH6Jg0luU_9kv_engine5cache5testss_26value_cache_insert_and_get
FN:398,_RNvNtNtCs3ksH6Jg0luU_9kv_engine5cache5testss_27block_cache_invalidate_ssts
FN:617,_RNvNtNtCs3ksH6Jg0luU_9kv_engine5cache5testss_27value_cache_invalidate_file
FN:368,_RNvNtNtCs3ksH6Jg0luU_9kv_engine5cache5testss_28block_cache_try_get_with_hit
FN:326,_RNvNtNtCs3ksH6Jg0luU_9kv_engine5cache5testss_31block_cache_new_clamps_capacity
FN:548,_RNvNtNtCs3ksH6Jg0luU_9kv_engine5cache5testss_34block_cache_backfill_empty_is_noop
FN:528,_RNvNtNtCs3ksH6Jg0luU_9kv_engine5cache5testss_35block_cache_backfill_inserts_blocks
FN:356,_RNvNtNtCs3ksH6Jg0luU_9kv_engine5cache5testss_38block_cache_different_keys_independent
FN:334,_RNvNtNtCs3ksH6Jg0luU_9kv_engine5cache5testss_38block_cache_get_or_insert_hit_and_miss
FN:417,_RNvNtNtCs3ksH6Jg0luU_9kv_engine5cache5testss_38block_cache_invalidate_unknown_id_noop
FN:607,_RNvNtNtCs3ksH6Jg0luU_9kv_engine5cache5testss_38value_cache_weight_exceeds_u16_skipped
FN:589,_RNvNtNtCs3ksH6Jg0luU_9kv_engine5cache5testss_39value_cache_weight_clamping_small_value
FN:630,_RNvNtNtCs3ksH6Jg0luU_9kv_engine5cache5testss_40value_cache_invalidate_unknown_file_noop
FN:459,_RNvNtNtCs3ksH6Jg0luU_9kv_engine5cache5testss_41block_cache_try_get_with_concurrent_error
FN:380,_RNvNtNtCs3ksH6Jg0luU_9kv_engine5cache5testss_41block_cache_try_get_with_error_propagates
FN:597,_RNvNtNtCs3ksH6Jg0luU_9kv_engine5cache5testss_41value_cache_weight_exceeds_budget_skipped
FN:427,_RNvNtNtCs3ksH6Jg0luU_9kv_engine5cache5testss_42block_cache_single_flight_coalesces_misses
FN:650,_RNvNtNtCs3ksH6Jg0luU_9kv_engine5cache5testss_44value_cache_concurrent_insert_and_invalidate
FN:555,_RNvNtNtCs3ksH6Jg0luU_9kv_engine5cache5testss_45block_cache_entry_count_drifts_after_eviction
FN:497,_RNvNtNtCs3ksH6Jg0luU_9kv_engine5cache5testss_46block_cache_try_get_with_single_flight_success
FN:638,_RNvNtNtCs3ksH6Jg0luU_9kv_engine5cache5testss_47value_cache_duplicate_key_updates_reverse_index
FN:193,_RNvMNtCs3ksH6Jg0luU_9kv_engine5cacheNtB2_10BlockCache11entry_count
FN:164,_RNvMNtCs3ksH6Jg0luU_9kv_engine5cacheNtB2_10BlockCache15invalidate_ssts
FN:56,_RNvMNtCs3ksH6Jg0luU_9kv_engine5cacheNtB2_10BlockCache3new
FN:203,_RNvMNtCs3ksH6Jg0luU_9kv_engine5cacheNtB2_10BlockCache8backfill
FN:269,_RNvMs_NtCs3ksH6Jg0luU_9kv_engine5cacheNtB4_10ValueCache12value_weight
FN:297,_RNvMs_NtCs3ksH6Jg0luU_9kv_engine5cacheNtB4_10ValueCache15invalidate_file
FN:278,_RNvMs_NtCs3ksH6Jg0luU_9kv_engine5cacheNtB4_10ValueCache3get
FN:251,_RNvMs_NtCs3ksH6Jg0luU_9kv_engine5cacheNtB4_10ValueCache3new
FN:285,_RNvMs_NtCs3ksH6Jg0luU_9kv_engine5cacheNtB4_10ValueCache6insert
FN:471,_RNCNCNCNvNtNtCs3ksH6Jg0luU_9kv_engine5cache5testss_41block_cache_try_get_with_concurrent_error000Bb_
FN:439,_RNCNCNCNvNtNtCs3ksH6Jg0luU_9kv_engine5cache5testss_42block_cache_single_flight_coalesces_misses000Bb_
FN:509,_RNCNCNCNvNtNtCs3ksH6Jg0luU_9kv_engine5cache5testss_46block_cache_try_get_with_single_flight_success000Bb_
FN:469,_RNCNCNvNtNtCs3ksH6Jg0luU_9kv_engine5cache5testss_41block_cache_try_get_with_concurrent_error00B9_
FN:437,_RNCNCNvNtNtCs3ksH6Jg0luU_9kv_engine5cache5testss_42block_cache_single_flight_coalesces_misses00B9_
FN:658,_RNCNCNvNtNtCs3ksH6Jg0luU_9kv_engine5cache5testss_44value_cache_concurrent_insert_and_invalidate00B9_
FN:507,_RNCNCNvNtNtCs3ksH6Jg0luU_9kv_engine5cache5testss_46block_cache_try_get_with_single_flight_success00B9_
FN:400,_RNCNvNtNtCs3ksH6Jg0luU_9kv_engine5cache5testss_27block_cache_invalidate_ssts0B7_
FN:402,_RNCNvNtNtCs3ksH6Jg0luU_9kv_engine5cache5testss_27block_cache_invalidate_sstss0_0B7_
FN:401,_RNCNvNtNtCs3ksH6Jg0luU_9kv_engine5cache5testss_27block_cache_invalidate_sstss_0B7_
FN:370,_RNCNvNtNtCs3ksH6Jg0luU_9kv_engine5cache5testss_28block_cache_try_get_with_hit0B7_
FN:375,_RNCNvNtNtCs3ksH6Jg0luU_9kv_engine5cache5testss_28block_cache_try_get_with_hits_0B7_
FN:329,_RNCNvNtNtCs3ksH6Jg0luU_9kv_engine5cache5testss_31block_cache_new_clamps_capacity0B7_
FN:530,_RNCNvNtNtCs3ksH6Jg0luU_9kv_engine5cache5testss_35block_cache_backfill_inserts_blocks0B7_
FN:358,_RNCNvNtNtCs3ksH6Jg0luU_9kv_engine5cache5testss_38block_cache_different_keys_independent0B7_
FN:360,_RNCNvNtNtCs3ksH6Jg0luU_9kv_engine5cache5testss_38block_cache_different_keys_independents0_0B7_
FN:359,_RNCNvNtNtCs3ksH6Jg0luU_9kv_engine5cache5testss_38block_cache_different_keys_independents_0B7_
FN:339,_RNCNvNtNtCs3ksH6Jg0luU_9kv_engine5cache5testss_38block_cache_get_or_insert_hit_and_miss0B7_
FN:347,_RNCNvNtNtCs3ksH6Jg0luU_9kv_engine5cache5testss_38block_cache_get_or_insert_hit_and_misss_0B7_
FN:419,_RNCNvNtNtCs3ksH6Jg0luU_9kv_engine5cache5testss_38block_cache_invalidate_unknown_id_noop0B7_
FN:465,_RNCNvNtNtCs3ksH6Jg0luU_9kv_engine5cache5testss_41block_cache_try_get_with_concurrent_error0B7_
FN:491,_RNCNvNtNtCs3ksH6Jg0luU_9kv_engine5cache5testss_41block_cache_try_get_with_concurrent_errors_0B7_
FN:392,_RNCNvNtNtCs3ksH6Jg0luU_9kv_engine5cache5testss_41block_cache_try_get_with_error_propagatess_0B7_
FN:433,_RNCNvNtNtCs3ksH6Jg0luU_9kv_engine5cache5testss_42block_cache_single_flight_coalesces_misses0B7_
FN:655,_RNCNvNtNtCs3ksH6Jg0luU_9kv_engine5cache5testss_44value_cache_concurrent_insert_and_invalidate0B7_
FN:560,_RNCNvNtNtCs3ksH6Jg0luU_9kv_engine5cache5testss_45block_cache_entry_count_drifts_after_eviction0B7_
FN:568,_RNCNvNtNtCs3ksH6Jg0luU_9kv_engine5cache5testss_45block_cache_entry_count_drifts_after_evictions_0B7_
FN:503,_RNCNvNtNtCs3ksH6Jg0luU_9kv_engine5cache5testss_46block_cache_try_get_with_single_flight_success0B7_
FNDA:4,_RINvMNtCs3ksH6Jg0luU_9kv_engine5cacheNtB3_10BlockCache12try_get_withNCNCNCNvNtB3_5testss_41block_cache_try_get_with_concurrent_error000ReEB5_
FNDA:4,_RINvMNtCs3ksH6Jg0luU_9kv_engine5cacheNtB3_10BlockCache12try_get_withNCNCNCNvNtB3_5testss_46block_cache_try_get_with_single_flight_success000ReEB5_
FNDA:149978,_RINvMNtCs3ksH6Jg0luU_9kv_engine5cacheNtB3_10BlockCache12try_get_withNCNvMs0_NtB5_5tableNtB1c_7SsTable17read_block_cached0NtCs9i9VuZPdG6Z_6anyhow5ErrorEB5_
FNDA:1,_RINvMNtCs3ksH6Jg0luU_9kv_engine5cacheNtB3_10BlockCache12try_get_withNCNvNtB3_5testss_28block_cache_try_get_with_hit0NtNtCs2TrN21NlPz_5alloc6string6StringEB5_
FNDA:1,_RINvMNtCs3ksH6Jg0luU_9kv_engine5cacheNtB3_10BlockCache12try_get_withNCNvNtB3_5testss_28block_cache_try_get_with_hits_0NtNtCs2TrN21NlPz_5alloc6string6StringEB5_
FNDA:1,_RINvMNtCs3ksH6Jg0luU_9kv_engine5cacheNtB3_10BlockCache12try_get_withNCNvNtB3_5testss_41block_cache_try_get_with_concurrent_errors_0ReEB5_
FNDA:1,_RINvMNtCs3ksH6Jg0luU_9kv_engine5cacheNtB3_10BlockCache12try_get_withNCNvNtB3_5testss_41block_cache_try_get_with_error_propagates0ReEB5_
FNDA:1,_RINvMNtCs3ksH6Jg0luU_9kv_engine5cacheNtB3_10BlockCache12try_get_withNCNvNtB3_5testss_41block_cache_try_get_with_error_propagatess_0ReEB5_
FNDA:4,_RINvMNtCs3ksH6Jg0luU_9kv_engine5cacheNtB3_10BlockCache13get_or_insertNCNCNCNvNtB3_5testss_42block_cache_single_flight_coalesces_misses000EB5_
FNDA:1,_RINvMNtCs3ksH6Jg0luU_9kv_engine5cacheNtB3_10BlockCache13get_or_insertNCNvNtB3_5testss_27block_cache_invalidate_ssts0EB5_
FNDA:1,_RINvMNtCs3ksH6Jg0luU_9kv_engine5cacheNtB3_10BlockCache13get_or_insertNCNvNtB3_5testss_27block_cache_invalidate_sstss0_0EB5_
FNDA:1,_RINvMNtCs3ksH6Jg0luU_9kv_engine5cacheNtB3_10BlockCache13get_or_insertNCNvNtB3_5testss_27block_cache_invalidate_sstss_0EB5_
FNDA:1,_RINvMNtCs3ksH6Jg0luU_9kv_engine5cacheNtB3_10BlockCache13get_or_insertNCNvNtB3_5testss_31block_cache_new_clamps_capacity0EB5_
FNDA:1,_RINvMNtCs3ksH6Jg0luU_9kv_engine5cacheNtB3_10BlockCache13get_or_insertNCNvNtB3_5testss_38block_cache_different_keys_independent0EB5_
FNDA:1,_RINvMNtCs3ksH6Jg0luU_9kv_engine5cacheNtB3_10BlockCache13get_or_insertNCNvNtB3_5testss_38block_cache_different_keys_independents0_0EB5_
FNDA:1,_RINvMNtCs3ksH6Jg0luU_9kv_engine5cacheNtB3_10BlockCache13get_or_insertNCNvNtB3_5testss_38block_cache_different_keys_independents_0EB5_
FNDA:1,_RINvMNtCs3ksH6Jg0luU_9kv_engine5cacheNtB3_10BlockCache13get_or_insertNCNvNtB3_5testss_38block_cache_get_or_insert_hit_and_miss0EB5_
FNDA:1,_RINvMNtCs3ksH6Jg0luU_9kv_engine5cacheNtB3_10BlockCache13get_or_insertNCNvNtB3_5testss_38block_cache_get_or_insert_hit_and_misss_0EB5_
FNDA:1,_RINvMNtCs3ksH6Jg0luU_9kv_engine5cacheNtB3_10BlockCache13get_or_insertNCNvNtB3_5testss_38block_cache_invalidate_unknown_id_noop0EB5_
FNDA:10,_RINvMNtCs3ksH6Jg0luU_9kv_engine5cacheNtB3_10BlockCache13get_or_insertNCNvNtB3_5testss_45block_cache_entry_count_drifts_after_eviction0EB5_
FNDA:0,_RNCINvMNtCs3ksH6Jg0luU_9kv_engine5cacheNtB5_10BlockCache12try_get_withNCNCNCNvNtB5_5testss_41block_cache_try_get_with_concurrent_error000ReE0B7_
FNDA:0,_RNCINvMNtCs3ksH6Jg0luU_9kv_engine5cacheNtB5_10BlockCache12try_get_withNCNCNCNvNtB5_5testss_41block_cache_try_get_with_concurrent_error000ReEs_0B7_
FNDA:0,_RNCINvMNtCs3ksH6Jg0luU_9kv_engine5cacheNtB5_10BlockCache12try_get_withNCNCNCNvNtB5_5testss_46block_cache_try_get_with_single_flight_success000ReE0B7_
FNDA:1,_RNCINvMNtCs3ksH6Jg0luU_9kv_engine5cacheNtB5_10BlockCache12try_get_withNCNCNCNvNtB5_5testss_46block_cache_try_get_with_single_flight_success000ReEs_0B7_
FNDA:0,_RNCINvMNtCs3ksH6Jg0luU_9kv_engine5cacheNtB5_10BlockCache12try_get_withNCNvMs0_NtB7_5tableNtB1e_7SsTable17read_block_cached0NtCs9i9VuZPdG6Z_6anyhow5ErrorE0B7_
FNDA:29539,_RNCINvMNtCs3ksH6Jg0luU_9kv_engine5cacheNtB5_10BlockCache12try_get_withNCNvMs0_NtB7_5tableNtB1e_7SsTable17read_block_cached0NtCs9i9VuZPdG6Z_6anyhow5ErrorEs_0B7_
FNDA:0,_RNCINvMNtCs3ksH6Jg0luU_9kv_engine5cacheNtB5_10BlockCache12try_get_withNCNvNtB5_5testss_28block_cache_try_get_with_hit0NtNtCs2TrN21NlPz_5alloc6string6StringE0B7_
FNDA:1,_RNCINvMNtCs3ksH6Jg0luU_9kv_engine5cacheNtB5_10BlockCache12try_get_withNCNvNtB5_5testss_28block_cache_try_get_with_hit0NtNtCs2TrN21NlPz_5alloc6string6StringEs_0B7_
FNDA:0,_RNCINvMNtCs3ksH6Jg0luU_9kv_engine5cacheNtB5_10BlockCache12try_get_withNCNvNtB5_5testss_28block_cache_try_get_with_hits_0NtNtCs2TrN21NlPz_5alloc6string6StringE0B7_
FNDA:0,_RNCINvMNtCs3ksH6Jg0luU_9kv_engine5cacheNtB5_10BlockCache12try_get_withNCNvNtB5_5testss_28block_cache_try_get_with_hits_0NtNtCs2TrN21NlPz_5alloc6string6StringEs_0B7_
FNDA:0,_RNCINvMNtCs3ksH6Jg0luU_9kv_engine5cacheNtB5_10BlockCache12try_get_withNCNvNtB5_5testss_41block_cache_try_get_with_concurrent_errors_0ReE0B7_
FNDA:1,_RNCINvMNtCs3ksH6Jg0luU_9kv_engine5cacheNtB5_10BlockCache12try_get_withNCNvNtB5_5testss_41block_cache_try_get_with_concurrent_errors_0ReEs_0B7_
FNDA:0,_RNCINvMNtCs3ksH6Jg0luU_9kv_engine5cacheNtB5_10BlockCache12try_get_withNCNvNtB5_5testss_41block_cache_try_get_with_error_propagates0ReE0B7_
FNDA:0,_RNCINvMNtCs3ksH6Jg0luU_9kv_engine5cacheNtB5_10BlockCache12try_get_withNCNvNtB5_5testss_41block_cache_try_get_with_error_propagates0ReEs_0B7_
FNDA:0,_RNCINvMNtCs3ksH6Jg0luU_9kv_engine5cacheNtB5_10BlockCache12try_get_withNCNvNtB5_5testss_41block_cache_try_get_with_error_propagatess_0ReE0B7_
FNDA:1,_RNCINvMNtCs3ksH6Jg0luU_9kv_engine5cacheNtB5_10BlockCache12try_get_withNCNvNtB5_5testss_41block_cache_try_get_with_error_propagatess_0ReEs_0B7_
FNDA:0,_RNCINvMNtCs3ksH6Jg0luU_9kv_engine5cacheNtB5_10BlockCache13get_or_insertNCNCNCNvNtB5_5testss_42block_cache_single_flight_coalesces_misses000E0B7_
FNDA:1,_RNCINvMNtCs3ksH6Jg0luU_9kv_engine5cacheNtB5_10BlockCache13get_or_insertNCNCNCNvNtB5_5testss_42block_cache_single_flight_coalesces_misses000Es_0B7_
FNDA:0,_RNCINvMNtCs3ksH6Jg0luU_9kv_engine5cacheNtB5_10BlockCache13get_or_insertNCNvNtB5_5testss_27block_cache_invalidate_ssts0E0B7_
FNDA:1,_RNCINvMNtCs3ksH6Jg0luU_9kv_engine5cacheNtB5_10BlockCache13get_or_insertNCNvNtB5_5testss_27block_cache_invalidate_ssts0Es_0B7_
FNDA:0,_RNCINvMNtCs3ksH6Jg0luU_9kv_engine5cacheNtB5_10BlockCache13get_or_insertNCNvNtB5_5testss_27block_cache_invalidate_sstss0_0E0B7_
FNDA:1,_RNCINvMNtCs3ksH6Jg0luU_9kv_engine5cacheNtB5_10BlockCache13get_or_insertNCNvNtB5_5testss_27block_cache_invalidate_sstss0_0Es_0B7_
FNDA:0,_RNCINvMNtCs3ksH6Jg0luU_9kv_engine5cacheNtB5_10BlockCache13get_or_insertNCNvNtB5_5testss_27block_cache_invalidate_sstss_0E0B7_
FNDA:1,_RNCINvMNtCs3ksH6Jg0luU_9kv_engine5cacheNtB5_10BlockCache13get_or_insertNCNvNtB5_5testss_27block_cache_invalidate_sstss_0Es_0B7_
FNDA:0,_RNCINvMNtCs3ksH6Jg0luU_9kv_engine5cacheNtB5_10BlockCache13get_or_insertNCNvNtB5_5testss_31block_cache_new_clamps_capacity0E0B7_
FNDA:1,_RNCINvMNtCs3ksH6Jg0luU_9kv_engine5cacheNtB5_10BlockCache13get_or_insertNCNvNtB5_5testss_31block_cache_new_clamps_capacity0Es_0B7_
FNDA:0,_RNCINvMNtCs3ksH6Jg0luU_9kv_engine5cacheNtB5_10BlockCache13get_or_insertNCNvNtB5_5testss_38block_cache_different_keys_independent0E0B7_
FNDA:1,_RNCINvMNtCs3ksH6Jg0luU_9kv_engine5cacheNtB5_10BlockCache13get_or_insertNCNvNtB5_5testss_38block_cache_different_keys_independent0Es_0B7_
FNDA:0,_RNCINvMNtCs3ksH6Jg0luU_9kv_engine5cacheNtB5_10BlockCache13get_or_insertNCNvNtB5_5testss_38block_cache_different_keys_independents0_0E0B7_
FNDA:1,_RNCINvMNtCs3ksH6Jg0luU_9kv_engine5cacheNtB5_10BlockCache13get_or_insertNCNvNtB5_5testss_38block_cache_different_keys_independents0_0Es_0B7_
FNDA:0,_RNCINvMNtCs3ksH6Jg0luU_9kv_engine5cacheNtB5_10BlockCache13get_or_insertNCNvNtB5_5testss_38block_cache_different_keys_independents_0E0B7_
FNDA:1,_RNCINvMNtCs3ksH6Jg0luU_9kv_engine5cacheNtB5_10BlockCache13get_or_insertNCNvNtB5_5testss_38block_cache_different_keys_independents_0Es_0B7_
FNDA:0,_RNCINvMNtCs3ksH6Jg0luU_9kv_engine5cacheNtB5_10BlockCache13get_or_insertNCNvNtB5_5testss_38block_cache_get_or_insert_hit_and_miss0E0B7_
FNDA:1,_RNCINvMNtCs3ksH6Jg0luU_9kv_engine5cacheNtB5_10BlockCache13get_or_insertNCNvNtB5_5testss_38block_cache_get_or_insert_hit_and_miss0Es_0B7_
FNDA:0,_RNCINvMNtCs3ksH6Jg0luU_9kv_engine5cacheNtB5_10BlockCache13get_or_insertNCNvNtB5_5testss_38block_cache_get_or_insert_hit_and_misss_0E0B7_
FNDA:0,_RNCINvMNtCs3ksH6Jg0luU_9kv_engine5cacheNtB5_10BlockCache13get_or_insertNCNvNtB5_5testss_38block_cache_get_or_insert_hit_and_misss_0Es_0B7_
FNDA:0,_RNCINvMNtCs3ksH6Jg0luU_9kv_engine5cacheNtB5_10BlockCache13get_or_insertNCNvNtB5_5testss_38block_cache_invalidate_unknown_id_noop0E0B7_
FNDA:1,_RNCINvMNtCs3ksH6Jg0luU_9kv_engine5cacheNtB5_10BlockCache13get_or_insertNCNvNtB5_5testss_38block_cache_invalidate_unknown_id_noop0Es_0B7_
FNDA:0,_RNCINvMNtCs3ksH6Jg0luU_9kv_engine5cacheNtB5_10BlockCache13get_or_insertNCNvNtB5_5testss_45block_cache_entry_count_drifts_after_eviction0E0B7_
FNDA:10,_RNCINvMNtCs3ksH6Jg0luU_9kv_engine5cacheNtB5_10BlockCache13get_or_insertNCNvNtB5_5testss_45block_cache_entry_count_drifts_after_eviction0Es_0B7_
FNDA:126,_RNCNvMNtCs3ksH6Jg0luU_9kv_engine5cacheNtB4_10BlockCache15invalidate_ssts0B6_
FNDA:265,_RNCNvMNtCs3ksH6Jg0luU_9kv_engine5cacheNtB4_10BlockCache8backfill0B6_
FNDA:27,_RNvNtNtCs3ksH6Jg0luU_9kv_engine5cache5tests10make_block
FNDA:1,_RNvNtNtCs3ksH6Jg0luU_9kv_engine5cache5testss_26value_cache_insert_and_get
FNDA:1,_RNvNtNtCs3ksH6Jg0luU_9kv_engine5cache5testss_27block_cache_invalidate_ssts
FNDA:1,_RNvNtNtCs3ksH6Jg0luU_9kv_engine5cache5testss_27value_cache_invalidate_file
FNDA:1,_RNvNtNtCs3ksH6Jg0luU_9kv_engine5cache5testss_28block_cache_try_get_with_hit
FNDA:1,_RNvNtNtCs3ksH6Jg0luU_9kv_engine5cache5testss_31block_cache_new_clamps_capacity
FNDA:1,_RNvNtNtCs3ksH6Jg0luU_9kv_engine5cache5testss_34block_cache_backfill_empty_is_noop
FNDA:1,_RNvNtNtCs3ksH6Jg0luU_9kv_engine5cache5testss_35block_cache_backfill_inserts_blocks
FNDA:1,_RNvNtNtCs3ksH6Jg0luU_9kv_engine5cache5testss_38block_cache_different_keys_independent
FNDA:1,_RNvNtNtCs3ksH6Jg0luU_9kv_engine5cache5testss_38block_cache_get_or_insert_hit_and_miss
FNDA:1,_RNvNtNtCs3ksH6Jg0luU_9kv_engine5cache5testss_38block_cache_invalidate_unknown_id_noop
FNDA:1,_RNvNtNtCs3ksH6Jg0luU_9kv_engine5cache5testss_38value_cache_weight_exceeds_u16_skipped
FNDA:1,_RNvNtNtCs3ksH6Jg0luU_9kv_engine5cache5testss_39value_cache_weight_clamping_small_value
FNDA:1,_RNvNtNtCs3ksH6Jg0luU_9kv_engine5cache5testss_40value_cache_invalidate_unknown_file_noop
FNDA:1,_RNvNtNtCs3ksH6Jg0luU_9kv_engine5cache5testss_41block_cache_try_get_with_concurrent_error
FNDA:1,_RNvNtNtCs3ksH6Jg0luU_9kv_engine5cache5testss_41block_cache_try_get_with_error_propagates
FNDA:1,_RNvNtNtCs3ksH6Jg0luU_9kv_engine5cache5testss_41value_cache_weight_exceeds_budget_skipped
FNDA:1,_RNvNtNtCs3ksH6Jg0luU_9kv_engine5cache5testss_42block_cache_single_flight_coalesces_misses
FNDA:1,_RNvNtNtCs3ksH6Jg0luU_9kv_engine5cache5testss_44value_cache_concurrent_insert_and_invalidate
FNDA:1,_RNvNtNtCs3ksH6Jg0luU_9kv_engine5cache5testss_45block_cache_entry_count_drifts_after_eviction
FNDA:1,_RNvNtNtCs3ksH6Jg0luU_9kv_engine5cache5testss_46block_cache_try_get_with_single_flight_success
FNDA:1,_RNvNtNtCs3ksH6Jg0luU_9kv_engine5cache5testss_47value_cache_duplicate_key_updates_reverse_index
FNDA:18,_RNvMNtCs3ksH6Jg0luU_9kv_engine5cacheNtB2_10BlockCache11entry_count
FNDA:64,_RNvMNtCs3ksH6Jg0luU_9kv_engine5cacheNtB2_10BlockCache15invalidate_ssts
FNDA:167,_RNvMNtCs3ksH6Jg0luU_9kv_engine5cacheNtB2_10BlockCache3new
FNDA:279,_RNvMNtCs3ksH6Jg0luU_9kv_engine5cacheNtB2_10BlockCache8backfill
FNDA:332,_RNvMs_NtCs3ksH6Jg0luU_9kv_engine5cacheNtB4_10ValueCache12value_weight
FNDA:9,_RNvMs_NtCs3ksH6Jg0luU_9kv_engine5cacheNtB4_10ValueCache15invalidate_file
FNDA:318,_RNvMs_NtCs3ksH6Jg0luU_9kv_engine5cacheNtB4_10ValueCache3get
FNDA:52,_RNvMs_NtCs3ksH6Jg0luU_9kv_engine5cacheNtB4_10ValueCache3new
FNDA:332,_RNvMs_NtCs3ksH6Jg0luU_9kv_engine5cacheNtB4_10ValueCache6insert
FNDA:4,_RNCNCNCNvNtNtCs3ksH6Jg0luU_9kv_engine5cache5testss_41block_cache_try_get_with_concurrent_error000Bb_
FNDA:1,_RNCNCNCNvNtNtCs3ksH6Jg0luU_9kv_engine5cache5testss_42block_cache_single_flight_coalesces_misses000Bb_
FNDA:1,_RNCNCNCNvNtNtCs3ksH6Jg0luU_9kv_engine5cache5testss_46block_cache_try_get_with_single_flight_success000Bb_
FNDA:4,_RNCNCNvNtNtCs3ksH6Jg0luU_9kv_engine5cache5testss_41block_cache_try_get_with_concurrent_error00B9_
FNDA:4,_RNCNCNvNtNtCs3ksH6Jg0luU_9kv_engine5cache5testss_42block_cache_single_flight_coalesces_misses00B9_
FNDA:4,_RNCNCNvNtNtCs3ksH6Jg0luU_9kv_engine5cache5testss_44value_cache_concurrent_insert_and_invalidate00B9_
FNDA:4,_RNCNCNvNtNtCs3ksH6Jg0luU_9kv_engine5cache5testss_46block_cache_try_get_with_single_flight_success00B9_
FNDA:1,_RNCNvNtNtCs3ksH6Jg0luU_9kv_engine5cache5testss_27block_cache_invalidate_ssts0B7_
FNDA:1,_RNCNvNtNtCs3ksH6Jg0luU_9kv_engine5cache5testss_27block_cache_invalidate_sstss0_0B7_
FNDA:1,_RNCNvNtNtCs3ksH6Jg0luU_9kv_engine5cache5testss_27block_cache_invalidate_sstss_0B7_
FNDA:1,_RNCNvNtNtCs3ksH6Jg0luU_9kv_engine5cache5testss_28block_cache_try_get_with_hit0B7_
FNDA:0,_RNCNvNtNtCs3ksH6Jg0luU_9kv_engine5cache5testss_28block_cache_try_get_with_hits_0B7_
FNDA:1,_RNCNvNtNtCs3ksH6Jg0luU_9kv_engine5cache5testss_31block_cache_new_clamps_capacity0B7_
FNDA:3,_RNCNvNtNtCs3ksH6Jg0luU_9kv_engine5cache5testss_35block_cache_backfill_inserts_blocks0B7_
FNDA:1,_RNCNvNtNtCs3ksH6Jg0luU_9kv_engine5cache5testss_38block_cache_different_keys_independent0B7_
FNDA:1,_RNCNvNtNtCs3ksH6Jg0luU_9kv_engine5cache5testss_38block_cache_different_keys_independents0_0B7_
FNDA:1,_RNCNvNtNtCs3ksH6Jg0luU_9kv_engine5cache5testss_38block_cache_different_keys_independents_0B7_
FNDA:1,_RNCNvNtNtCs3ksH6Jg0luU_9kv_engine5cache5testss_38block_cache_get_or_insert_hit_and_miss0B7_
FNDA:0,_RNCNvNtNtCs3ksH6Jg0luU_9kv_engine5cache5testss_38block_cache_get_or_insert_hit_and_misss_0B7_
FNDA:1,_RNCNvNtNtCs3ksH6Jg0luU_9kv_engine5cache5testss_38block_cache_invalidate_unknown_id_noop0B7_
FNDA:4,_RNCNvNtNtCs3ksH6Jg0luU_9kv_engine5cache5testss_41block_cache_try_get_with_concurrent_error0B7_
FNDA:1,_RNCNvNtNtCs3ksH6Jg0luU_9kv_engine5cache5testss_41block_cache_try_get_with_concurrent_errors_0B7_
FNDA:1,_RNCNvNtNtCs3ksH6Jg0luU_9kv_engine5cache5testss_41block_cache_try_get_with_error_propagatess_0B7_
FNDA:4,_RNCNvNtNtCs3ksH6Jg0luU_9kv_engine5cache5testss_42block_cache_single_flight_coalesces_misses0B7_
FNDA:4,_RNCNvNtNtCs3ksH6Jg0luU_9kv_engine5cache5testss_44value_cache_concurrent_insert_and_invalidate0B7_
FNDA:10,_RNCNvNtNtCs3ksH6Jg0luU_9kv_engine5cache5testss_45block_cache_entry_count_drifts_after_eviction0B7_
FNDA:10,_RNCNvNtNtCs3ksH6Jg0luU_9kv_engine5cache5testss_45block_cache_entry_count_drifts_after_evictions_0B7_
FNDA:4,_RNCNvNtNtCs3ksH6Jg0luU_9kv_engine5cache5testss_46block_cache_try_get_with_single_flight_success0B7_
FNF:67
FNH:63
DA:56,167
DA:57,167
DA:58,167
DA:59,167
DA:60,167
DA:61,167
DA:62,167
DA:63,167
DA:64,167
DA:71,24
DA:72,24
DA:73,24
DA:75,24
DA:76,24
DA:77,1
DA:78,23
DA:80,23
DA:81,23
DA:82,23
DA:84,23
DA:86,23
DA:88,3
DA:89,3
DA:90,0
DA:91,3
DA:92,3
DA:93,20
DA:94,20
DA:95,20
DA:96,20
DA:97,20
DA:98,20
DA:99,20
DA:100,20
DA:101,20
DA:103,20
DA:104,20
DA:105,20
DA:106,20
DA:109,20
DA:110,24
DA:120,149991
DA:121,149991
DA:122,149991
DA:124,149991
DA:125,149991
DA:126,120435
DA:127,29556
DA:128,29556
DA:129,29556
DA:130,29556
DA:132,29556
DA:134,29556
DA:135,8
DA:136,8
DA:137,0
DA:138,8
DA:139,8
DA:140,29548
DA:141,29548
DA:142,29543
DA:143,29543
DA:144,29543
DA:145,29543
DA:146,29543
DA:147,29543
DA:148,29543
DA:150,29543
DA:151,29543
DA:152,29543
DA:153,29543
DA:156,29543
DA:157,149991
DA:164,64
DA:165,64
DA:166,64
DA:167,64
DA:168,64
DA:169,126
DA:170,64
DA:172,64
DA:173,22284
DA:174,22284
DA:175,22284
DA:178,64
DA:179,22284
DA:180,22284
DA:181,22284
DA:183,64
DA:184,64
DA:193,18
DA:194,18
DA:195,18
DA:203,279
DA:204,279
DA:205,14
DA:206,265
DA:207,265
DA:210,265
DA:211,26125
DA:212,26125
DA:213,26125
DA:214,26125
DA:215,26125
DA:216,265
DA:217,265
DA:218,265
DA:219,265
DA:220,265
DA:221,265
DA:222,279
DA:251,52
DA:252,52
DA:253,52
DA:254,52
DA:255,52
DA:257,52
DA:258,52
DA:259,52
DA:260,52
DA:261,52
DA:262,52
DA:263,52
DA:269,332
DA:270,332
DA:271,332
DA:272,2
DA:273,330
DA:274,330
DA:275,332
DA:278,318
DA:279,318
DA:280,318
DA:285,332
DA:286,332
DA:287,2
DA:289,330
DA:290,330
DA:291,332
DA:297,9
DA:298,9
DA:299,9
DA:300,9
DA:302,202
DA:303,202
DA:304,202
DA:305,9
DA:314,27
DA:315,27
DA:316,27
DA:317,27
DA:318,27
DA:319,27
DA:326,1
DA:327,1
DA:329,1
DA:330,1
DA:331,1
DA:334,1
DA:335,1
DA:336,1
DA:339,1
DA:340,1
DA:341,1
DA:342,1
DA:343,1
DA:344,1
DA:347,1
DA:348,0
DA:349,0
DA:350,0
DA:351,1
DA:352,1
DA:353,1
DA:356,1
DA:357,1
DA:358,1
DA:359,1
DA:360,1
DA:361,1
DA:362,1
DA:363,1
DA:364,1
DA:365,1
DA:368,1
DA:369,1
DA:370,1
DA:371,1
DA:372,1
DA:375,1
DA:376,1
DA:377,1
DA:380,1
DA:381,1
DA:382,1
DA:383,1
DA:384,1
DA:385,0
DA:389,1
DA:392,1
DA:393,1
DA:394,1
DA:395,1
DA:398,1
DA:399,1
DA:400,1
DA:401,1
DA:402,1
DA:403,1
DA:405,1
DA:406,1
DA:407,1
DA:410,1
DA:411,1
DA:412,1
DA:413,1
DA:414,1
DA:417,1
DA:418,1
DA:419,1
DA:420,1
DA:421,1
DA:422,1
DA:423,1
DA:424,1
DA:427,1
DA:428,1
DA:429,1
DA:430,1
DA:432,1
DA:433,4
DA:434,4
DA:435,4
DA:436,4
DA:437,4
DA:438,4
DA:439,4
DA:440,1
DA:442,1
DA:443,1
DA:444,1
DA:445,4
DA:446,4
DA:447,1
DA:449,4
DA:450,4
DA:451,4
DA:454,1
DA:455,1
DA:456,1
DA:459,1
DA:460,1
DA:461,1
DA:462,1
DA:464,1
DA:465,4
DA:466,4
DA:467,4
DA:468,4
DA:469,4
DA:470,4
DA:471,4
DA:472,4
DA:473,4
DA:474,4
DA:475,4
DA:476,4
DA:477,4
DA:478,1
DA:480,4
DA:481,4
DA:482,4
DA:486,1
DA:488,1
DA:491,1
DA:492,1
DA:493,1
DA:494,1
DA:497,1
DA:498,1
DA:499,1
DA:500,1
DA:502,1
DA:503,4
DA:504,4
DA:505,4
DA:506,4
DA:507,4
DA:508,4
DA:509,4
DA:510,1
DA:511,1
DA:512,1
DA:513,1
DA:514,4
DA:515,4
DA:516,1
DA:518,4
DA:519,4
DA:520,4
DA:523,1
DA:524,1
DA:525,1
DA:528,1
DA:529,1
DA:530,3
DA:532,1
DA:535,1
DA:536,3
DA:537,3
DA:538,3
DA:539,3
DA:543,1
DA:544,1
DA:545,1
DA:548,1
DA:549,1
DA:550,1
DA:551,1
DA:552,1
DA:555,1
DA:557,1
DA:559,10
DA:560,10
DA:564,1
DA:567,1
DA:568,10
DA:569,1
DA:570,1
DA:571,1
DA:574,1
DA:581,1
DA:582,1
DA:583,1
DA:584,1
DA:585,1
DA:586,1
DA:589,1
DA:590,1
DA:592,1
DA:593,1
DA:594,1
DA:597,1
DA:599,1
DA:601,1
DA:602,1
DA:603,1
DA:604,1
DA:607,1
DA:609,1
DA:611,1
DA:612,1
DA:613,1
DA:614,1
DA:617,1
DA:618,1
DA:619,1
DA:620,1
DA:621,1
DA:623,1
DA:624,1
DA:625,1
DA:626,1
DA:627,1
DA:630,1
DA:631,1
DA:632,1
DA:633,1
DA:634,1
DA:635,1
DA:638,1
DA:639,1
DA:640,1
DA:641,1
DA:642,1
DA:645,1
DA:646,1
DA:647,1
DA:650,1
DA:651,1
DA:652,1
DA:654,1
DA:655,4
DA:656,4
DA:657,4
DA:658,4
DA:659,4
DA:661,4
DA:662,200
DA:663,200
DA:664,200
DA:666,4
DA:667,4
DA:668,4
DA:669,1
DA:671,4
DA:672,4
DA:673,4
DA:675,4
DA:676,200
DA:677,200
DA:680,1
BRF:0
BRH:0
LF:436
LH:425
end_of_record
SF:/home/liu/proj/toy-kv-engine/kv-engine/src/compact.rs
FN:264,_RINvMs1_NtCs3ksH6Jg0luU_9kv_engine7compactNtNtB8_11lsm_storage15LsmStorageInner17compact_from_iterINtNtNtB8_9iterators14merge_iterator13MergeIteratorNtNtB1D_15concat_iterator17SstConcatIteratorEEB8_
FN:264,_RINvMs1_NtCs3ksH6Jg0luU_9kv_engine7compactNtNtB8_11lsm_storage15LsmStorageInner17compact_from_iterINtNtNtB8_9iterators18two_merge_iterator16TwoMergeIteratorINtNtB1D_14merge_iterator13MergeIteratorNtNtNtB8_5table8iterator15SsTableIteratorENtNtB1D_15concat_iterator17SstConcatIteratorEEB8_
FN:264,_RINvMs1_NtCs3ksH6Jg0luU_9kv_engine7compactNtNtB8_11lsm_storage15LsmStorageInner17compact_from_iterINtNtNtB8_9iterators18two_merge_iterator16TwoMergeIteratorNtNtB1D_15concat_iterator17SstConcatIteratorB2u_EEB8_
FN:331,_RINvMs1_NtCs3ksH6Jg0luU_9kv_engine7compactNtNtB8_11lsm_storage15LsmStorageInner18compact_from_itersINtNtNtB8_9iterators14merge_iterator13MergeIteratorNtNtNtB8_5table8iterator15SsTableIteratorENtNtB1E_15concat_iterator17SstConcatIteratorEB8_
FN:331,_RINvMs1_NtCs3ksH6Jg0luU_9kv_engine7compactNtNtB8_11lsm_storage15LsmStorageInner18compact_from_itersNtNtNtB8_9iterators15concat_iterator17SstConcatIteratorB1z_EB8_
FN:71,_RNvNtNtCs3ksH6Jg0luU_9kv_engine7compact5testss_28test_compact_to_bottom_level
FN:119,_RNvNtNtCs3ksH6Jg0luU_9kv_engine7compact5testss_30test_is_upper_level_compaction
FN:192,_RNvNtNtCs3ksH6Jg0luU_9kv_engine7compact5testss_38test_compaction_controller_flush_to_l0
FN:564,_RNCNvMs1_NtCs3ksH6Jg0luU_9kv_engine7compactNtNtB9_11lsm_storage15LsmStorageInner18post_compaction_gc0B9_
FN:597,_RNCNvMs1_NtCs3ksH6Jg0luU_9kv_engine7compactNtNtB9_11lsm_storage15LsmStorageInner18post_compaction_gcs_0B9_
FN:800,_RNCNvMs1_NtCs3ksH6Jg0luU_9kv_engine7compactNtNtB9_11lsm_storage15LsmStorageInner18spawn_flush_thread0B9_
FN:638,_RNCNvMs1_NtCs3ksH6Jg0luU_9kv_engine7compactNtNtB9_11lsm_storage15LsmStorageInner18trigger_compaction0B9_
FN:670,_RNCNvMs1_NtCs3ksH6Jg0luU_9kv_engine7compactNtNtB9_11lsm_storage15LsmStorageInner18trigger_compactions_0B9_
FN:496,_RNCNvMs1_NtCs3ksH6Jg0luU_9kv_engine7compactNtNtB9_11lsm_storage15LsmStorageInner21force_full_compaction0B9_
FN:501,_RNCNvMs1_NtCs3ksH6Jg0luU_9kv_engine7compactNtNtB9_11lsm_storage15LsmStorageInner21force_full_compactions0_0B9_
FN:506,_RNCNvMs1_NtCs3ksH6Jg0luU_9kv_engine7compactNtNtB9_11lsm_storage15LsmStorageInner21force_full_compactions1_0B9_
FN:499,_RNCNvMs1_NtCs3ksH6Jg0luU_9kv_engine7compactNtNtB9_11lsm_storage15LsmStorageInner21force_full_compactions_0B9_
FN:769,_RNCNvMs1_NtCs3ksH6Jg0luU_9kv_engine7compactNtNtB9_11lsm_storage15LsmStorageInner23spawn_compaction_thread0B9_
FN:41,_RNvMNtCs3ksH6Jg0luU_9kv_engine7compactNtB2_14CompactionTask23compact_to_bottom_level
FN:53,_RNvMNtCs3ksH6Jg0luU_9kv_engine7compactNtB2_14CompactionTask25is_upper_level_compaction
FN:242,_RNvMs0_NtCs3ksH6Jg0luU_9kv_engine7compactNtB5_20CompactionController11flush_to_l0
FN:220,_RNvMs_NtCs3ksH6Jg0luU_9kv_engine7compactNtB4_20CompactionController23apply_compaction_result
FN:205,_RNvMs_NtCs3ksH6Jg0luU_9kv_engine7compactNtB4_20CompactionController24generate_compaction_task
FN:786,_RNvMs1_NtCs3ksH6Jg0luU_9kv_engine7compactNtNtB7_11lsm_storage15LsmStorageInner13trigger_flush
FN:343,_RNvMs1_NtCs3ksH6Jg0luU_9kv_engine7compactNtNtB7_11lsm_storage15LsmStorageInner18compact_from_l0_l1
FN:554,_RNvMs1_NtCs3ksH6Jg0luU_9kv_engine7compactNtNtB7_11lsm_storage15LsmStorageInner18post_compaction_gc
FN:795,_RNvMs1_NtCs3ksH6Jg0luU_9kv_engine7compactNtNtB7_11lsm_storage15LsmStorageInner18spawn_flush_thread
FN:630,_RNvMs1_NtCs3ksH6Jg0luU_9kv_engine7compactNtNtB7_11lsm_storage15LsmStorageInner18trigger_compaction
FN:452,_RNvMs1_NtCs3ksH6Jg0luU_9kv_engine7compactNtNtB7_11lsm_storage15LsmStorageInner21force_full_compaction
FN:760,_RNvMs1_NtCs3ksH6Jg0luU_9kv_engine7compactNtNtB7_11lsm_storage15LsmStorageInner23spawn_compaction_thread
FN:374,_RNvMs1_NtCs3ksH6Jg0luU_9kv_engine7compactNtNtB7_11lsm_storage15LsmStorageInner7compact
FNDA:0,_RINvMs1_NtCs3ksH6Jg0luU_9kv_engine7compactNtNtB8_11lsm_storage15LsmStorageInner17compact_from_iterINtNtNtB8_9iterators14merge_iterator13MergeIteratorNtNtB1D_15concat_iterator17SstConcatIteratorEEB8_
FNDA:27,_RINvMs1_NtCs3ksH6Jg0luU_9kv_engine7compactNtNtB8_11lsm_storage15LsmStorageInner17compact_from_iterINtNtNtB8_9iterators18two_merge_iterator16TwoMergeIteratorINtNtB1D_14merge_iterator13MergeIteratorNtNtNtB8_5table8iterator15SsTableIteratorENtNtB1D_15concat_iterator17SstConcatIteratorEEB8_
FNDA:41,_RINvMs1_NtCs3ksH6Jg0luU_9kv_engine7compactNtNtB8_11lsm_storage15LsmStorageInner17compact_from_iterINtNtNtB8_9iterators18two_merge_iterator16TwoMergeIteratorNtNtB1D_15concat_iterator17SstConcatIteratorB2u_EEB8_
FNDA:27,_RINvMs1_NtCs3ksH6Jg0luU_9kv_engine7compactNtNtB8_11lsm_storage15LsmStorageInner18compact_from_itersINtNtNtB8_9iterators14merge_iterator13MergeIteratorNtNtNtB8_5table8iterator15SsTableIteratorENtNtB1E_15concat_iterator17SstConcatIteratorEB8_
FNDA:41,_RINvMs1_NtCs3ksH6Jg0luU_9kv_engine7compactNtNtB8_11lsm_storage15LsmStorageInner18compact_from_itersNtNtNtB8_9iterators15concat_iterator17SstConcatIteratorB1z_EB8_
FNDA:1,_RNvNtNtCs3ksH6Jg0luU_9kv_engine7compact5testss_28test_compact_to_bottom_level
FNDA:1,_RNvNtNtCs3ksH6Jg0luU_9kv_engine7compact5testss_30test_is_upper_level_compaction
FNDA:1,_RNvNtNtCs3ksH6Jg0luU_9kv_engine7compact5testss_38test_compaction_controller_flush_to_l0
FNDA:9,_RNCNvMs1_NtCs3ksH6Jg0luU_9kv_engine7compactNtNtB9_11lsm_storage15LsmStorageInner18post_compaction_gc0B9_
FNDA:0,_RNCNvMs1_NtCs3ksH6Jg0luU_9kv_engine7compactNtNtB9_11lsm_storage15LsmStorageInner18post_compaction_gcs_0B9_
FNDA:130,_RNCNvMs1_NtCs3ksH6Jg0luU_9kv_engine7compactNtNtB9_11lsm_storage15LsmStorageInner18spawn_flush_thread0B9_
FNDA:86,_RNCNvMs1_NtCs3ksH6Jg0luU_9kv_engine7compactNtNtB9_11lsm_storage15LsmStorageInner18trigger_compaction0B9_
FNDA:0,_RNCNvMs1_NtCs3ksH6Jg0luU_9kv_engine7compactNtNtB9_11lsm_storage15LsmStorageInner18trigger_compactions_0B9_
FNDA:35,_RNCNvMs1_NtCs3ksH6Jg0luU_9kv_engine7compactNtNtB9_11lsm_storage15LsmStorageInner21force_full_compaction0B9_
FNDA:15,_RNCNvMs1_NtCs3ksH6Jg0luU_9kv_engine7compactNtNtB9_11lsm_storage15LsmStorageInner21force_full_compactions0_0B9_
FNDA:33,_RNCNvMs1_NtCs3ksH6Jg0luU_9kv_engine7compactNtNtB9_11lsm_storage15LsmStorageInner21force_full_compactions1_0B9_
FNDA:15,_RNCNvMs1_NtCs3ksH6Jg0luU_9kv_engine7compactNtNtB9_11lsm_storage15LsmStorageInner21force_full_compactions_0B9_
FNDA:25,_RNCNvMs1_NtCs3ksH6Jg0luU_9kv_engine7compactNtNtB9_11lsm_storage15LsmStorageInner23spawn_compaction_thread0B9_
FNDA:74,_RNvMNtCs3ksH6Jg0luU_9kv_engine7compactNtB2_14CompactionTask23compact_to_bottom_level
FNDA:76,_RNvMNtCs3ksH6Jg0luU_9kv_engine7compactNtB2_14CompactionTask25is_upper_level_compaction
FNDA:287,_RNvMs0_NtCs3ksH6Jg0luU_9kv_engine7compactNtB5_20CompactionController11flush_to_l0
FNDA:46,_RNvMs_NtCs3ksH6Jg0luU_9kv_engine7compactNtB4_20CompactionController23apply_compaction_result
FNDA:606,_RNvMs_NtCs3ksH6Jg0luU_9kv_engine7compactNtB4_20CompactionController24generate_compaction_task
FNDA:992,_RNvMs1_NtCs3ksH6Jg0luU_9kv_engine7compactNtNtB7_11lsm_storage15LsmStorageInner13trigger_flush
FNDA:27,_RNvMs1_NtCs3ksH6Jg0luU_9kv_engine7compactNtNtB7_11lsm_storage15LsmStorageInner18compact_from_l0_l1
FNDA:9,_RNvMs1_NtCs3ksH6Jg0luU_9kv_engine7compactNtNtB7_11lsm_storage15LsmStorageInner18post_compaction_gc
FNDA:130,_RNvMs1_NtCs3ksH6Jg0luU_9kv_engine7compactNtNtB7_11lsm_storage15LsmStorageInner18spawn_flush_thread
FNDA:606,_RNvMs1_NtCs3ksH6Jg0luU_9kv_engine7compactNtNtB7_11lsm_storage15LsmStorageInner18trigger_compaction
FNDA:16,_RNvMs1_NtCs3ksH6Jg0luU_9kv_engine7compactNtNtB7_11lsm_storage15LsmStorageInner21force_full_compaction
FNDA:130,_RNvMs1_NtCs3ksH6Jg0luU_9kv_engine7compactNtNtB7_11lsm_storage15LsmStorageInner23spawn_compaction_thread
FNDA:68,_RNvMs1_NtCs3ksH6Jg0luU_9kv_engine7compactNtNtB7_11lsm_storage15LsmStorageInner7compact
FNF:28
FNH:26
DA:41,74
DA:42,74
DA:43,17
DA:44,49
DA:45,6
DA:46,2
DA:48,74
DA:53,76
DA:54,76
DA:55,17
DA:56,50
DA:57,7
DA:61,2
DA:63,76
DA:71,1
DA:72,1
DA:73,1
DA:74,1
DA:75,1
DA:76,1
DA:78,1
DA:79,1
DA:80,1
DA:81,1
DA:82,1
DA:83,1
DA:84,1
DA:85,1
DA:87,1
DA:88,1
DA:89,1
DA:90,1
DA:91,1
DA:92,1
DA:93,1
DA:94,1
DA:96,1
DA:97,1
DA:98,1
DA:99,1
DA:100,1
DA:101,1
DA:102,1
DA:103,1
DA:105,1
DA:106,1
DA:107,1
DA:108,1
DA:109,1
DA:111,1
DA:112,1
DA:113,1
DA:114,1
DA:115,1
DA:116,1
DA:119,1
DA:120,1
DA:121,1
DA:122,1
DA:123,1
DA:124,1
DA:127,1
DA:128,1
DA:129,1
DA:130,1
DA:131,1
DA:132,1
DA:133,1
DA:134,1
DA:137,1
DA:138,1
DA:139,1
DA:140,1
DA:141,1
DA:142,1
DA:143,1
DA:144,1
DA:147,1
DA:148,1
DA:149,1
DA:150,1
DA:151,1
DA:152,1
DA:153,1
DA:154,1
DA:157,1
DA:158,1
DA:159,1
DA:160,1
DA:161,1
DA:162,1
DA:163,1
DA:164,1
DA:167,1
DA:168,1
DA:169,1
DA:170,1
DA:171,1
DA:172,1
DA:173,1
DA:174,1
DA:177,1
DA:178,1
DA:179,1
DA:180,1
DA:181,1
DA:184,1
DA:185,1
DA:186,1
DA:187,1
DA:188,1
DA:189,1
DA:192,1
DA:193,1
DA:194,1
DA:205,606
DA:206,606
DA:207,559
DA:208,559
DA:209,559
DA:210,47
DA:211,47
DA:212,47
DA:213,0
DA:214,0
DA:215,0
DA:216,0
DA:218,606
DA:220,46
DA:221,46
DA:222,46
DA:223,46
DA:224,46
DA:225,46
DA:226,46
DA:227,42
DA:228,42
DA:230,4
DA:231,4
DA:233,0
DA:234,0
DA:236,0
DA:238,46
DA:242,287
DA:243,44
DA:244,287
DA:247,287
DA:264,68
DA:265,68
DA:266,68
DA:267,68
DA:268,68
DA:269,68
DA:274,68
DA:275,68
DA:276,68
DA:277,68
DA:278,68
DA:280,660761
DA:281,660694
DA:282,47
DA:283,47
DA:284,47
DA:285,47
DA:286,47
DA:287,47
DA:288,1
DA:289,46
DA:290,46
DA:291,46
DA:292,46
DA:293,46
DA:294,46
DA:295,660647
DA:298,660693
DA:299,660693
DA:306,660693
DA:307,660693
DA:308,0
DA:309,660693
DA:312,67
DA:313,66
DA:314,66
DA:315,66
DA:316,66
DA:317,66
DA:318,66
DA:319,5
DA:320,61
DA:321,22
DA:322,39
DA:323,61
DA:324,1
DA:326,62
DA:327,62
DA:328,62
DA:329,68
DA:331,68
DA:332,68
DA:333,68
DA:334,68
DA:335,68
DA:336,68
DA:337,68
DA:338,68
DA:340,68
DA:341,68
DA:343,27
DA:344,27
DA:345,27
DA:346,27
DA:347,27
DA:348,27
DA:349,27
DA:350,27
DA:351,27
DA:352,66
DA:353,66
DA:354,66
DA:355,66
DA:357,27
DA:359,27
DA:360,27
DA:361,23
DA:362,23
DA:363,23
DA:364,27
DA:366,27
DA:367,27
DA:368,27
DA:369,27
DA:370,27
DA:372,27
DA:374,68
DA:375,68
DA:376,68
DA:378,5
DA:379,5
DA:381,5
DA:385,47
DA:386,47
DA:388,47
DA:391,52
DA:392,11
DA:393,11
DA:394,11
DA:395,11
DA:396,11
DA:399,41
DA:400,53
DA:401,53
DA:402,53
DA:403,53
DA:404,41
DA:406,41
DA:407,41
DA:408,0
DA:409,0
DA:410,0
DA:411,41
DA:413,41
DA:414,41
DA:415,41
DA:416,41
DA:417,41
DA:422,16
DA:423,16
DA:424,16
DA:425,16
DA:426,16
DA:427,16
DA:428,16
DA:430,0
DA:431,0
DA:432,0
DA:433,0
DA:434,0
DA:435,0
DA:436,0
DA:437,0
DA:438,0
DA:439,0
DA:440,0
DA:442,0
DA:443,0
DA:444,0
DA:445,0
DA:446,0
DA:450,68
DA:452,16
DA:453,16
DA:454,16
DA:455,16
DA:456,16
DA:457,16
DA:458,16
DA:460,16
DA:463,16
DA:464,9
DA:465,19
DA:466,19
DA:467,19
DA:468,19
DA:470,9
DA:471,9
DA:472,9
DA:474,7
DA:478,16
DA:479,16
DA:482,16
DA:483,19
DA:484,19
DA:485,19
DA:487,9
DA:488,9
DA:489,9
DA:490,7
DA:492,16
DA:493,16
DA:494,16
DA:495,16
DA:496,35
DA:497,35
DA:498,35
DA:499,16
DA:500,16
DA:501,16
DA:502,15
DA:503,15
DA:504,16
DA:506,33
DA:508,16
DA:510,16
DA:512,16
DA:513,9
DA:515,7
DA:517,16
DA:518,16
DA:519,16
DA:520,16
DA:521,16
DA:524,16
DA:525,16
DA:526,16
DA:527,16
DA:528,16
DA:529,16
DA:530,35
DA:531,35
DA:534,35
DA:535,35
DA:536,0
DA:537,0
DA:541,16
DA:544,16
DA:545,9
DA:546,9
DA:548,16
DA:549,16
DA:554,9
DA:555,9
DA:556,9
DA:557,9
DA:558,9
DA:560,9
DA:561,9
DA:563,9
DA:564,9
DA:565,19
DA:568,19
DA:569,2
DA:571,17
DA:572,17
DA:573,7
DA:574,7
DA:575,7
DA:576,7
DA:577,7
DA:578,7
DA:579,7
DA:580,7
DA:581,7
DA:582,7
DA:583,7
DA:585,8
DA:586,2
DA:587,2
DA:588,2
DA:591,9
DA:592,0
DA:593,9
DA:594,9
DA:596,9
DA:597,9
DA:598,9
DA:599,9
DA:603,0
DA:604,0
DA:605,0
DA:606,0
DA:607,0
DA:608,0
DA:609,0
DA:610,0
DA:611,0
DA:612,0
DA:613,0
DA:614,0
DA:615,0
DA:616,0
DA:618,0
[...]
FNDA:3,_RNvMNtCs3ksH6Jg0luU_9kv_engine4vlogNtB2_6KvKind12is_tombstone
FNDA:336965,_RNvMNtCs3ksH6Jg0luU_9kv_engine4vlogNtB2_6KvKind7from_u8
FNDA:53,_RNvMs1_NtCs3ksH6Jg0luU_9kv_engine4vlogNtB5_14VlogFileHeader6decode
FNDA:580,_RNvMs2_NtCs3ksH6Jg0luU_9kv_engine4vlogNtB5_15VlogEntryHeader18compute_entry_size
FNDA:361,_RNvMs2_NtCs3ksH6Jg0luU_9kv_engine4vlogNtB5_15VlogEntryHeader18compute_header_crc
FNDA:20,_RNvMs4_NtCs3ksH6Jg0luU_9kv_engine4vlogNtB5_14VlogReferences10unregister
FNDA:29,_RNvMs4_NtCs3ksH6Jg0luU_9kv_engine4vlogNtB5_14VlogReferences18get_sst_references
FNDA:33,_RNvMs4_NtCs3ksH6Jg0luU_9kv_engine4vlogNtB5_14VlogReferences20get_ssts_referencing
FNDA:49,_RNvMs4_NtCs3ksH6Jg0luU_9kv_engine4vlogNtB5_14VlogReferences3new
FNDA:88,_RNvMs4_NtCs3ksH6Jg0luU_9kv_engine4vlogNtB5_14VlogReferences8register
FNDA:138,_RNvMs5_NtCs3ksH6Jg0luU_9kv_engine4vlogNtB5_8ValueLog10get_reader
FNDA:35,_RNvMs5_NtCs3ksH6Jg0luU_9kv_engine4vlogNtB5_8ValueLog10read_entry
FNDA:63,_RNvMs5_NtCs3ksH6Jg0luU_9kv_engine4vlogNtB5_8ValueLog10save_index
FNDA:4,_RNvMs5_NtCs3ksH6Jg0luU_9kv_engine4vlogNtB5_8ValueLog11remove_file
FNDA:25,_RNvMs5_NtCs3ksH6Jg0luU_9kv_engine4vlogNtB5_8ValueLog12insert_cache
FNDA:78,_RNvMs5_NtCs3ksH6Jg0luU_9kv_engine4vlogNtB5_8ValueLog12next_file_id
FNDA:197,_RNvMs5_NtCs3ksH6Jg0luU_9kv_engine4vlogNtB5_8ValueLog12path_of_file
FNDA:6,_RNvMs5_NtCs3ksH6Jg0luU_9kv_engine4vlogNtB5_8ValueLog12remove_index
FNDA:22,_RNvMs5_NtCs3ksH6Jg0luU_9kv_engine4vlogNtB5_8ValueLog15release_gc_lock
FNDA:13,_RNvMs5_NtCs3ksH6Jg0luU_9kv_engine4vlogNtB5_8ValueLog16record_gc_result
FNDA:15,_RNvMs5_NtCs3ksH6Jg0luU_9kv_engine4vlogNtB5_8ValueLog17schedule_deletion
FNDA:27,_RNvMs5_NtCs3ksH6Jg0luU_9kv_engine4vlogNtB5_8ValueLog18get_sst_references
FNDA:24,_RNvMs5_NtCs3ksH6Jg0luU_9kv_engine4vlogNtB5_8ValueLog19try_acquire_gc_lock
FNDA:26,_RNvMs5_NtCs3ksH6Jg0luU_9kv_engine4vlogNtB5_8ValueLog20get_or_rebuild_index
FNDA:30,_RNvMs5_NtCs3ksH6Jg0luU_9kv_engine4vlogNtB5_8ValueLog20get_ssts_referencing
FNDA:1,_RNvMs5_NtCs3ksH6Jg0luU_9kv_engine4vlogNtB5_8ValueLog21cache_hit_miss_counts
FNDA:86,_RNvMs5_NtCs3ksH6Jg0luU_9kv_engine4vlogNtB5_8ValueLog23register_sst_references
FNDA:45,_RNvMs5_NtCs3ksH6Jg0luU_9kv_engine4vlogNtB5_8ValueLog25cleanup_orphan_vlog_files
FNDA:14,_RNvMs5_NtCs3ksH6Jg0luU_9kv_engine4vlogNtB5_8ValueLog25reclaim_pending_deletions
FNDA:19,_RNvMs5_NtCs3ksH6Jg0luU_9kv_engine4vlogNtB5_8ValueLog25unregister_sst_references
FNDA:111,_RNvMs5_NtCs3ksH6Jg0luU_9kv_engine4vlogNtB5_8ValueLog4read
FNDA:14,_RNvMs5_NtCs3ksH6Jg0luU_9kv_engine4vlogNtB5_8ValueLog5stats
FNDA:276,_RNvMs_NtCs3ksH6Jg0luU_9kv_engine4vlogNtB4_12ValuePointer10try_decode
FNDA:356,_RNvMs_NtCs3ksH6Jg0luU_9kv_engine4vlogNtB4_12ValuePointer12encoded_size
FNDA:6,_RNvMs_NtCs3ksH6Jg0luU_9kv_engine4vlogNtB4_12ValuePointer6decode
FNDA:445,_RNvXs0_NtCs3ksH6Jg0luU_9kv_engine4vlogNtB5_22ValueSeparationOptionsNtNtCslfAf2Mv2Tp5_4core7default7Default7default
FNDA:3,_RNvNtNtCs3ksH6Jg0luU_9kv_engine4vlog5tests17make_test_options
FNDA:1,_RNvNtNtCs3ksH6Jg0luU_9kv_engine4vlog5testss_19test_vlog_alignment
FNDA:1,_RNvNtNtCs3ksH6Jg0luU_9kv_engine4vlog5testss_20test_kv_kind_from_u8
FNDA:1,_RNvNtNtCs3ksH6Jg0luU_9kv_engine4vlog5testss_21test_vlog_large_entry
FNDA:1,_RNvNtNtCs3ksH6Jg0luU_9kv_engine4vlog5testss_22test_vlog_crc_mutation
FNDA:1,_RNvNtNtCs3ksH6Jg0luU_9kv_engine4vlog5testss_25test_kv_kind_is_tombstone
FNDA:1,_RNvNtNtCs3ksH6Jg0luU_9kv_engine4vlog5testss_25test_vlog_header_iterator
FNDA:1,_RNvNtNtCs3ksH6Jg0luU_9kv_engine4vlog5testss_26test_vlog_entry_header_crc
FNDA:1,_RNvNtNtCs3ksH6Jg0luU_9kv_engine4vlog5testss_29test_value_pointer_try_decode
FNDA:1,_RNvNtNtCs3ksH6Jg0luU_9kv_engine4vlog5testss_29test_vlog_manager_remove_file
FNDA:1,_RNvNtNtCs3ksH6Jg0luU_9kv_engine4vlog5testss_30test_vlog_write_read_roundtrip
FNDA:1,_RNvNtNtCs3ksH6Jg0luU_9kv_engine4vlog5testss_32test_value_pointer_encode_decode
FNDA:1,_RNvNtNtCs3ksH6Jg0luU_9kv_engine4vlog5testss_36test_vlog_manager_reference_tracking
FNDA:1,_RNvNtNtCs3ksH6Jg0luU_9kv_engine4vlog5testss_39test_vlog_manager_reader_cache_and_read
FNDA:1,_RNvNtNtCs3ksH6Jg0luU_9kv_engine4vlog5testss_43test_vlog_manager_open_scans_existing_files
FNF:68
FNH:63
DA:53,336965
DA:54,336965
DA:55,336580
DA:56,340
DA:57,36
DA:58,9
DA:60,336965
DA:63,3
DA:64,3
DA:65,3
DA:83,213
DA:84,213
DA:85,213
DA:86,213
DA:87,213
DA:90,6
DA:91,6
DA:92,0
DA:93,0
DA:94,0
DA:95,0
DA:96,0
DA:97,6
DA:98,6
DA:99,6
DA:100,6
DA:101,6
DA:102,6
DA:103,6
DA:108,276
DA:109,276
DA:110,16
DA:111,260
DA:112,260
DA:113,260
DA:114,260
DA:115,260
DA:116,260
DA:117,260
DA:118,276
DA:121,356
DA:122,356
DA:123,356
DA:147,445
DA:148,445
DA:149,445
DA:150,445
DA:151,445
DA:152,445
DA:153,445
DA:154,445
DA:155,445
DA:156,445
DA:157,445
DA:191,86
DA:192,86
DA:193,86
DA:194,86
DA:195,86
DA:197,53
DA:198,53
DA:199,0
DA:200,53
DA:201,53
DA:202,53
DA:203,0
DA:204,53
DA:205,53
DA:206,53
DA:207,53
DA:208,53
DA:209,53
DA:210,53
DA:211,53
DA:212,53
DA:213,53
DA:214,53
DA:230,0
DA:231,0
DA:232,0
DA:235,198
DA:236,198
DA:237,198
DA:238,198
DA:239,198
DA:240,198
DA:241,198
DA:242,198
DA:245,580
DA:246,580
DA:247,580
DA:248,580
DA:249,580
DA:253,361
DA:254,361
DA:255,361
DA:256,361
DA:257,361
DA:258,361
DA:259,361
DA:260,361
DA:261,361
DA:262,361
DA:290,0
DA:291,0
DA:292,0
DA:296,49
DA:297,49
DA:298,49
DA:299,49
DA:300,49
DA:301,49
DA:302,49
DA:303,49
DA:307,88
DA:308,88
DA:310,88
DA:311,0
DA:312,0
DA:313,0
DA:314,0
DA:315,0
DA:316,0
DA:317,0
DA:319,88
DA:320,88
DA:321,0
DA:322,88
DA:323,88
DA:324,100
DA:325,100
DA:326,100
DA:327,88
DA:328,88
DA:331,29
DA:332,29
DA:333,29
DA:334,29
DA:335,29
DA:336,29
DA:337,29
DA:340,33
DA:341,33
DA:342,33
DA:343,33
DA:344,33
DA:345,33
DA:346,33
DA:350,20
DA:351,20
DA:352,20
DA:353,21
DA:354,21
DA:355,21
DA:356,21
DA:357,20
DA:358,20
DA:359,0
DA:361,20
DA:363,0
DA:365,20
DA:421,48
DA:422,48
DA:423,48
DA:424,48
DA:425,48
DA:430,48
DA:431,48
DA:432,25
DA:433,25
DA:434,0
DA:435,25
DA:436,25
DA:437,25
DA:438,25
DA:439,17
DA:441,17
DA:442,8
DA:445,48
DA:447,48
DA:448,44
DA:450,4
DA:454,48
DA:455,48
DA:456,48
DA:457,48
DA:458,48
DA:459,48
DA:460,48
DA:461,48
DA:462,48
DA:463,48
DA:464,48
DA:465,48
DA:466,48
DA:467,48
DA:468,48
DA:470,48
DA:473,78
DA:474,78
DA:475,78
DA:478,197
DA:479,197
DA:480,197
DA:485,138
DA:487,138
DA:488,94
DA:489,44
DA:492,44
DA:493,44
DA:494,44
DA:495,44
DA:496,44
DA:497,44
DA:499,44
DA:502,44
DA:503,0
DA:504,0
DA:505,0
DA:506,0
DA:507,0
DA:508,0
DA:509,0
DA:510,0
DA:511,44
DA:513,44
DA:514,44
DA:515,44
DA:516,0
DA:517,0
DA:518,0
DA:519,0
DA:520,0
DA:521,0
DA:522,0
DA:523,0
DA:524,0
DA:527,44
DA:529,44
DA:530,44
DA:531,44
DA:532,44
DA:533,44
DA:534,44
DA:535,44
DA:537,44
DA:538,138
DA:541,25
DA:542,25
DA:543,25
DA:544,25
DA:545,25
DA:548,1
DA:550,1
DA:551,1
DA:552,1
DA:553,1
DA:554,1
DA:559,111
DA:560,111
DA:562,111
DA:563,108
DA:564,11
DA:565,11
DA:566,97
DA:567,97
DA:568,3
DA:570,100
DA:571,100
DA:572,100
DA:573,0
DA:574,0
DA:575,0
DA:576,0
DA:577,0
DA:578,100
DA:579,100
DA:581,100
DA:582,97
DA:583,97
DA:584,100
DA:585,111
DA:589,35
DA:590,35
DA:591,35
DA:592,35
DA:593,35
DA:596,86
DA:597,86
DA:598,86
DA:601,27
DA:602,27
DA:603,27
DA:606,30
DA:607,30
DA:608,30
DA:611,19
DA:612,19
DA:613,19
DA:620,4
DA:622,4
DA:623,4
DA:625,4
DA:626,4
DA:627,0
DA:629,0
DA:630,4
DA:631,4
DA:632,4
DA:634,4
DA:635,3
DA:636,3
DA:638,4
DA:639,4
DA:640,4
DA:648,26
DA:651,26
DA:652,26
DA:653,25
DA:654,1
DA:658,1
DA:659,1
DA:662,1
DA:663,0
DA:665,1
DA:667,1
DA:668,0
DA:669,0
DA:670,0
DA:671,0
DA:672,1
DA:673,1
DA:678,1
DA:679,1
DA:680,1
DA:681,0
DA:683,1
DA:684,1
DA:688,1
DA:689,26
DA:693,63
DA:694,63
DA:695,0
DA:696,63
DA:697,63
DA:698,63
DA:699,63
DA:700,63
DA:701,63
DA:702,63
DA:705,6
DA:706,6
DA:707,6
DA:708,6
DA:709,6
DA:718,24
DA:719,24
DA:720,24
DA:723,22
DA:724,22
DA:725,22
DA:729,15
DA:730,15
DA:731,15
DA:732,15
DA:733,15
DA:737,14
DA:738,14
DA:739,14
DA:740,14
DA:742,14
DA:743,14
DA:745,14
DA:746,14
DA:747,14
DA:748,16
DA:749,16
DA:750,16
DA:751,16
DA:752,16
DA:754,2
DA:755,2
DA:756,0
DA:757,0
DA:758,0
DA:759,0
DA:760,0
DA:763,14
DA:764,14
DA:765,14
DA:767,14
DA:768,14
DA:769,14
DA:770,14
DA:771,14
DA:772,0
DA:773,14
DA:775,14
DA:781,45
DA:782,45
DA:783,45
DA:784,45
DA:785,45
DA:786,45
DA:787,22
DA:788,22
DA:789,0
DA:790,22
DA:791,22
DA:792,22
DA:793,0
DA:795,22
DA:796,8
DA:798,14
DA:799,0
DA:801,14
DA:802,14
DA:803,14
DA:804,14
DA:805,14
DA:806,1
DA:807,1
DA:808,13
DA:810,45
DA:811,45
DA:812,1
DA:813,1
DA:814,1
DA:816,45
DA:817,45
DA:820,13
DA:821,13
DA:822,13
DA:823,13
DA:824,13
DA:825,13
DA:826,13
DA:833,14
DA:834,14
DA:835,14
DA:836,38
DA:837,38
DA:839,38
DA:840,0
DA:842,38
DA:843,0
DA:844,38
DA:845,38
DA:846,38
DA:847,38
DA:848,19
DA:849,19
DA:850,19
DA:851,19
DA:852,19
DA:853,19
DA:855,14
DA:856,14
DA:857,14
DA:858,14
DA:859,14
DA:860,14
DA:861,14
DA:862,14
DA:863,14
DA:864,14
DA:876,1
DA:877,1
DA:878,1
DA:879,1
DA:880,1
DA:881,1
DA:882,1
DA:883,1
DA:884,1
DA:885,1
DA:886,1
DA:887,1
DA:888,1
DA:889,1
DA:890,1
DA:891,1
DA:892,1
DA:893,1
DA:895,3
DA:896,3
DA:897,3
DA:898,3
DA:899,3
DA:901,3
DA:902,3
DA:905,3
DA:906,3
DA:907,3
DA:908,3
DA:910,1
DA:916,1
DA:917,1
DA:918,1
DA:919,1
DA:920,1
DA:921,1
DA:922,1
DA:923,1
DA:926,1
DA:929,16
DA:930,16
DA:932,1
DA:938,1
DA:939,1
DA:940,1
DA:941,1
DA:943,4
DA:944,4
DA:945,4
DA:950,1
DA:953,1
DA:954,1
DA:955,1
DA:956,1
DA:957,1
DA:963,1
DA:964,1
DA:966,1
DA:967,1
DA:968,1
DA:969,1
DA:970,1
DA:971,1
DA:972,1
DA:973,1
DA:974,1
DA:977,1
DA:978,1
DA:981,1
DA:982,1
DA:985,1
DA:986,1
DA:987,1
DA:988,1
DA:989,1
DA:991,1
DA:992,1
DA:993,1
DA:994,1
DA:995,1
DA:997,1
DA:998,1
DA:999,1
DA:1000,1
DA:1001,1
DA:1003,1
DA:1004,1
DA:1005,1
DA:1006,1
DA:1007,1
DA:1009,1
DA:1010,1
DA:1011,1
DA:1012,1
DA:1013,1
DA:1014,1
DA:1015,1
DA:1018,1
DA:1019,1
DA:1020,1
DA:1021,1
DA:1022,1
DA:1023,1
DA:1029,1
DA:1030,1
DA:1031,1
DA:1032,1
DA:1034,1
DA:1035,1
DA:1036,1
DA:1037,1
DA:1038,1
DA:1042,1
DA:1043,1
DA:1044,4
DA:1045,4
DA:1046,4
DA:1047,4
DA:1048,4
DA:1049,4
DA:1050,4
DA:1051,4
DA:1052,4
DA:1053,1
DA:1056,1
DA:1057,4
DA:1058,4
DA:1059,4
DA:1060,4
DA:1061,4
DA:1062,4
DA:1064,1
DA:1070,1
DA:1071,1
DA:1072,1
DA:1074,1
DA:1077,1
DA:1079,1
DA:1080,1
DA:1081,1
DA:1082,1
DA:1085,3
DA:1086,3
DA:1089,3
DA:1090,3
DA:1098,3
DA:1101,3
DA:1102,3
DA:1103,3
DA:1105,1
DA:1111,1
DA:1112,1
DA:1113,1
DA:1114,1
DA:1116,1
DA:1117,1
DA:1119,1
DA:1120,1
DA:1121,1
DA:1122,1
DA:1124,1
DA:1125,1
DA:1127,1
DA:1128,1
DA:1129,10240
DA:1130,1
DA:1131,1
DA:1132,1
DA:1138,1
DA:1139,1
DA:1140,1
DA:1141,1
DA:1143,1
DA:1144,1
DA:1147,1
DA:1148,1
DA:1149,3
DA:1150,3
DA:1151,3
DA:1152,3
DA:1153,3
DA:1154,1
DA:1157,1
DA:1158,1
DA:1159,3
DA:1161,1
DA:1162,3
DA:1163,3
DA:1164,3
DA:1165,3
DA:1168,3
DA:1169,3
DA:1172,3
DA:1174,3
DA:1178,1
DA:1184,1
DA:1185,1
DA:1186,1
DA:1187,1
DA:1189,1
DA:1190,1
DA:1193,1
DA:1194,1
DA:1195,1
DA:1196,1
DA:1199,1
DA:1200,1
DA:1201,1
DA:1202,1
DA:1207,1
DA:1208,1
DA:1209,1
DA:1210,1
DA:1211,1
DA:1215,1
DA:1216,1
DA:1217,0
DA:1218,1
DA:1220,1
DA:1221,1
DA:1222,1
DA:1227,1
DA:1228,1
DA:1229,1
DA:1230,1
DA:1232,1
DA:1233,1
DA:1234,0
DA:1235,1
DA:1237,1
DA:1238,1
DA:1239,1
DA:1242,1
DA:1250,3
DA:1251,3
DA:1252,3
DA:1253,3
DA:1254,3
DA:1255,3
DA:1256,3
DA:1257,3
DA:1258,3
DA:1259,3
DA:1260,3
DA:1263,1
DA:1264,1
DA:1266,3
DA:1267,3
DA:1268,3
DA:1269,3
DA:1270,3
DA:1271,3
DA:1272,3
DA:1273,3
DA:1274,3
DA:1275,3
DA:1276,3
DA:1277,3
DA:1279,1
DA:1280,1
DA:1281,1
DA:1284,1
DA:1285,1
DA:1286,1
DA:1287,1
DA:1290,1
DA:1291,1
DA:1292,1
DA:1293,1
DA:1294,1
DA:1295,1
DA:1296,1
DA:1297,1
DA:1300,1
DA:1301,1
DA:1302,1
DA:1303,1
DA:1304,1
DA:1305,1
DA:1306,1
DA:1309,1
DA:1310,1
DA:1311,1
DA:1312,1
DA:1315,1
DA:1316,1
DA:1317,1
DA:1318,1
DA:1320,1
DA:1321,1
DA:1322,1
DA:1324,1
DA:1325,1
DA:1326,1
DA:1328,1
DA:1329,1
DA:1330,1
DA:1331,1
DA:1332,1
DA:1334,1
DA:1335,1
DA:1338,1
DA:1339,1
DA:1340,1
DA:1341,1
DA:1343,1
DA:1344,1
DA:1345,1
DA:1346,1
DA:1347,1
DA:1348,1
DA:1349,1
DA:1350,1
DA:1351,1
DA:1352,1
DA:1353,1
DA:1354,1
DA:1355,1
DA:1357,1
DA:1358,1
DA:1359,1
BRF:0
BRH:0
LF:798
LH:727
end_of_record
SF:/home/liu/proj/toy-kv-engine/kv-engine/src/vlog/reader.rs
FN:233,_RNCNCNvXs0_NtNtCs3ksH6Jg0luU_9kv_engine4vlog6readerNtB9_18VlogHeaderIteratorNtNtNtNtCslfAf2Mv2Tp5_4core4iter6traits8iterator8Iterator4next00Bd_
FN:239,_RNCNCNvXs0_NtNtCs3ksH6Jg0luU_9kv_engine4vlog6readerNtB9_18VlogHeaderIteratorNtNtNtNtCslfAf2Mv2Tp5_4core4iter6traits8iterator8Iterator4next0s_0Bd_
FN:98,_RNCNvMNtNtCs3ksH6Jg0luU_9kv_engine4vlog6readerNtB4_14ValueLogReader10read_entry0B8_
FN:119,_RNCNvMNtNtCs3ksH6Jg0luU_9kv_engine4vlog6readerNtB4_14ValueLogReader10read_entrys_0B8_
FN:41,_RNCNvMNtNtCs3ksH6Jg0luU_9kv_engine4vlog6readerNtB4_14ValueLogReader4open0B8_
FN:46,_RNCNvMNtNtCs3ksH6Jg0luU_9kv_engine4vlog6readerNtB4_14ValueLogReader4opens0_0B8_
FN:44,_RNCNvMNtNtCs3ksH6Jg0luU_9kv_engine4vlog6readerNtB4_14ValueLogReader4opens_0B8_
FN:217,_RNCNvXs0_NtNtCs3ksH6Jg0luU_9kv_engine4vlog6readerNtB7_18VlogHeaderIteratorNtNtNtNtCslfAf2Mv2Tp5_4core4iter6traits8iterator8Iterator4next0Bb_
FN:67,_RNvMNtNtCs3ksH6Jg0luU_9kv_engine4vlog6readerNtB2_14ValueLogReader10read_entry
FN:175,_RNvMNtNtCs3ksH6Jg0luU_9kv_engine4vlog6readerNtB2_14ValueLogReader12iter_headers
FN:55,_RNvMNtNtCs3ksH6Jg0luU_9kv_engine4vlog6readerNtB2_14ValueLogReader12with_file_id
FN:39,_RNvMNtNtCs3ksH6Jg0luU_9kv_engine4vlog6readerNtB2_14ValueLogReader4open
FN:202,_RNvMs_NtNtCs3ksH6Jg0luU_9kv_engine4vlog6readerNtB4_18VlogHeaderIterator12with_file_id
FN:211,_RNvXs0_NtNtCs3ksH6Jg0luU_9kv_engine4vlog6readerNtB5_18VlogHeaderIteratorNtNtNtNtCslfAf2Mv2Tp5_4core4iter6traits8iterator8Iterator4next
FNDA:0,_RNCNCNvXs0_NtNtCs3ksH6Jg0luU_9kv_engine4vlog6readerNtB9_18VlogHeaderIteratorNtNtNtNtCslfAf2Mv2Tp5_4core4iter6traits8iterator8Iterator4next00Bd_
FNDA:0,_RNCNCNvXs0_NtNtCs3ksH6Jg0luU_9kv_engine4vlog6readerNtB9_18VlogHeaderIteratorNtNtNtNtCslfAf2Mv2Tp5_4core4iter6traits8iterator8Iterator4next0s_0Bd_
FNDA:0,_RNCNvMNtNtCs3ksH6Jg0luU_9kv_engine4vlog6readerNtB4_14ValueLogReader10read_entry0B8_
FNDA:0,_RNCNvMNtNtCs3ksH6Jg0luU_9kv_engine4vlog6readerNtB4_14ValueLogReader10read_entrys_0B8_
FNDA:0,_RNCNvMNtNtCs3ksH6Jg0luU_9kv_engine4vlog6readerNtB4_14ValueLogReader4open0B8_
FNDA:0,_RNCNvMNtNtCs3ksH6Jg0luU_9kv_engine4vlog6readerNtB4_14ValueLogReader4opens0_0B8_
FNDA:0,_RNCNvMNtNtCs3ksH6Jg0luU_9kv_engine4vlog6readerNtB4_14ValueLogReader4opens_0B8_
FNDA:11,_RNCNvXs0_NtNtCs3ksH6Jg0luU_9kv_engine4vlog6readerNtB7_18VlogHeaderIteratorNtNtNtNtCslfAf2Mv2Tp5_4core4iter6traits8iterator8Iterator4next0Bb_
FNDA:143,_RNvMNtNtCs3ksH6Jg0luU_9kv_engine4vlog6readerNtB2_14ValueLogReader10read_entry
FNDA:4,_RNvMNtNtCs3ksH6Jg0luU_9kv_engine4vlog6readerNtB2_14ValueLogReader12iter_headers
FNDA:47,_RNvMNtNtCs3ksH6Jg0luU_9kv_engine4vlog6readerNtB2_14ValueLogReader12with_file_id
FNDA:53,_RNvMNtNtCs3ksH6Jg0luU_9kv_engine4vlog6readerNtB2_14ValueLogReader4open
FNDA:4,_RNvMs_NtNtCs3ksH6Jg0luU_9kv_engine4vlog6readerNtB4_18VlogHeaderIterator12with_file_id
FNDA:15,_RNvXs0_NtNtCs3ksH6Jg0luU_9kv_engine4vlog6readerNtB5_18VlogHeaderIteratorNtNtNtNtCslfAf2Mv2Tp5_4core4iter6traits8iterator8Iterator4next
FNF:14
FNH:7
DA:39,53
DA:40,53
DA:41,53
DA:42,53
DA:43,53
DA:44,53
DA:45,53
DA:46,53
DA:47,53
DA:48,53
DA:49,53
DA:50,53
DA:51,53
DA:52,53
DA:55,47
DA:56,47
DA:57,47
DA:58,47
DA:67,143
DA:68,143
DA:69,143
DA:70,143
DA:74,143
DA:75,143
DA:80,143
DA:81,143
DA:89,143
DA:90,143
DA:97,143
DA:98,143
DA:99,0
DA:106,0
DA:108,143
DA:109,143
DA:110,143
DA:111,143
DA:112,143
DA:113,143
DA:114,143
DA:115,143
DA:118,143
DA:119,143
DA:120,143
DA:121,143
DA:127,143
DA:128,143
DA:129,143
DA:130,143
DA:131,143
DA:134,143
DA:135,143
DA:136,143
DA:137,143
DA:138,143
DA:139,143
DA:140,143
DA:141,143
DA:142,143
DA:143,143
DA:144,143
DA:152,142
DA:153,142
DA:154,142
DA:161,141
DA:162,141
DA:163,141
DA:164,141
DA:165,141
DA:166,141
DA:167,141
DA:168,141
DA:169,141
DA:170,141
DA:171,143
DA:175,4
DA:179,4
DA:180,4
DA:181,4
DA:182,4
DA:183,4
DA:184,4
DA:185,4
DA:186,4
DA:187,4
DA:188,4
DA:202,4
DA:203,4
DA:204,4
DA:205,4
DA:211,15
DA:213,15
DA:214,4
DA:215,11
DA:217,11
DA:219,11
DA:220,11
DA:222,11
DA:223,11
DA:224,11
DA:225,11
DA:226,11
DA:227,11
DA:228,11
DA:229,11
DA:232,11
DA:233,11
DA:235,11
DA:236,11
DA:237,11
DA:238,11
DA:239,11
DA:240,11
DA:243,11
DA:244,11
DA:247,11
DA:248,11
DA:249,11
DA:250,0
DA:253,11
DA:254,11
DA:255,11
DA:256,11
DA:257,11
DA:258,11
DA:259,11
DA:260,11
DA:261,11
DA:262,11
DA:263,11
DA:270,11
DA:271,11
DA:273,11
DA:274,11
DA:275,11
DA:276,11
DA:277,11
DA:278,11
DA:279,11
DA:280,11
DA:281,11
DA:282,11
DA:285,11
DA:286,0
DA:287,0
DA:288,11
DA:290,11
DA:291,15
BRF:0
BRH:0
LF:156
LH:143
end_of_record
SF:/home/liu/proj/toy-kv-engine/kv-engine/src/wal.rs
FN:238,_RNvMNtCs3ksH6Jg0luU_9kv_engine3walNtB2_3Wal3put
FN:329,_RNvMNtCs3ksH6Jg0luU_9kv_engine3walNtB2_3Wal4sync
FN:273,_RNvMNtCs3ksH6Jg0luU_9kv_engine3walNtB2_3Wal9put_batch
FN:33,_RINvMNtCs3ksH6Jg0luU_9kv_engine3walNtB3_3Wal6createNtNtCskaANe6KdTWL_3std4path7PathBufEB5_
FN:33,_RINvMNtCs3ksH6Jg0luU_9kv_engine3walNtB3_3Wal6createRNtNtCskaANe6KdTWL_3std4path7PathBufEB5_
FN:49,_RINvMNtCs3ksH6Jg0luU_9kv_engine3walNtB3_3Wal7recoverNtNtCskaANe6KdTWL_3std4path7PathBufEB5_
FN:49,_RINvMNtCs3ksH6Jg0luU_9kv_engine3walNtB3_3Wal7recoverRNtNtCskaANe6KdTWL_3std4path7PathBufEB5_
FN:295,_RNCNvMNtCs3ksH6Jg0luU_9kv_engine3walNtB4_3Wal9put_batch0B6_
FN:307,_RNCNvMNtCs3ksH6Jg0luU_9kv_engine3walNtB4_3Wal9put_batchs_0B6_
FNDA:5,_RNvMNtCs3ksH6Jg0luU_9kv_engine3walNtB2_3Wal3put
FNDA:222,_RNvMNtCs3ksH6Jg0luU_9kv_engine3walNtB2_3Wal4sync
FNDA:230,_RNvMNtCs3ksH6Jg0luU_9kv_engine3walNtB2_3Wal9put_batch
FNDA:87,_RINvMNtCs3ksH6Jg0luU_9kv_engine3walNtB3_3Wal6createNtNtCskaANe6KdTWL_3std4path7PathBufEB5_
FNDA:16,_RINvMNtCs3ksH6Jg0luU_9kv_engine3walNtB3_3Wal6createRNtNtCskaANe6KdTWL_3std4path7PathBufEB5_
FNDA:67,_RINvMNtCs3ksH6Jg0luU_9kv_engine3walNtB3_3Wal7recoverNtNtCskaANe6KdTWL_3std4path7PathBufEB5_
FNDA:22,_RINvMNtCs3ksH6Jg0luU_9kv_engine3walNtB3_3Wal7recoverRNtNtCskaANe6KdTWL_3std4path7PathBufEB5_
FNDA:2,_RNCNvMNtCs3ksH6Jg0luU_9kv_engine3walNtB4_3Wal9put_batch0B6_
FNDA:227,_RNCNvMNtCs3ksH6Jg0luU_9kv_engine3walNtB4_3Wal9put_batchs_0B6_
FNF:7
FNH:7
DA:33,103
DA:34,103
DA:35,103
DA:37,103
DA:38,103
DA:39,103
DA:41,103
DA:42,103
DA:43,103
DA:44,103
DA:45,103
DA:49,89
DA:50,89
DA:51,89
DA:52,89
DA:53,89
DA:54,89
DA:55,89
DA:56,89
DA:57,89
DA:58,89
DA:59,89
DA:60,89
DA:65,89
DA:66,89
DA:70,89
DA:71,89
DA:72,89
DA:75,89
DA:76,88
DA:77,88
DA:78,88
DA:79,83
DA:80,83
DA:85,82
DA:87,5
DA:90,1
DA:93,88
DA:95,82
DA:98,82
DA:99,294
DA:103,218
DA:105,218
DA:106,218
DA:107,218
DA:110,218
DA:112,218
DA:113,3
DA:114,3
DA:115,215
DA:116,215
DA:117,215
DA:119,215
DA:120,217
DA:122,0
DA:123,0
DA:124,217
DA:125,217
DA:126,217
DA:128,217
DA:129,1
DA:130,1
DA:131,216
DA:132,216
DA:133,216
DA:134,216
DA:135,216
DA:136,0
DA:137,0
DA:138,216
DA:141,215
DA:144,1
DA:145,1
DA:146,214
DA:149,214
DA:150,214
DA:151,214
DA:153,2
DA:154,2
DA:155,212
DA:158,212
DA:159,214
DA:160,214
DA:161,214
DA:162,214
DA:163,214
DA:164,214
DA:165,214
DA:166,214
DA:167,214
DA:168,212
DA:169,209
DA:170,209
DA:176,82
DA:177,82
DA:178,82
DA:179,6
DA:180,76
DA:183,6
DA:184,15
DA:187,11
DA:189,11
DA:190,2
DA:191,2
DA:192,9
DA:193,9
DA:194,9
DA:195,0
DA:196,0
DA:197,9
DA:198,9
DA:200,9
DA:201,0
DA:202,0
DA:203,9
DA:204,9
DA:205,9
DA:206,0
DA:207,0
DA:208,9
DA:209,9
DA:212,9
DA:213,2
DA:214,2
DA:215,2
DA:216,7
DA:217,9
DA:220,6
DA:221,6
DA:222,2
DA:223,4
DA:226,88
DA:227,88
DA:228,88
DA:229,88
DA:230,88
DA:231,88
DA:232,88
DA:233,89
DA:238,5
DA:239,5
DA:241,5
DA:242,0
DA:243,0
DA:244,0
DA:246,0
DA:249,0
DA:250,0
DA:252,0
DA:255,0
DA:256,0
DA:258,0
DA:259,0
DA:261,0
DA:262,0
DA:264,0
DA:265,5
DA:273,230
DA:274,233
DA:275,233
DA:276,233
DA:278,2
DA:281,231
DA:282,231
DA:284,2
DA:288,226
DA:289,226
DA:290,226
DA:292,226
DA:295,2
DA:296,2
DA:297,2
DA:298,2
DA:299,2
DA:300,2
DA:302,1
DA:303,225
DA:307,227
DA:308,225
DA:309,225
DA:311,227
DA:312,227
DA:313,227
DA:314,227
DA:315,227
DA:318,225
DA:321,225
DA:322,225
DA:323,225
DA:324,225
DA:326,225
DA:327,230
DA:329,222
DA:330,222
DA:331,222
DA:333,222
DA:334,222
DA:335,222
DA:336,222
BRF:0
BRH:0
LF:201
LH:177
end_of_record