SF:/home/liu/proj/toy-kv-engine/kv-engine/src/bin/compaction-simulator.rs
FN:385,_RNCNvCs4rDfzbZqwRn_20compaction_simulator4main0B3_
FN:583,_RNCNvCs4rDfzbZqwRn_20compaction_simulator4mains0_0B3_
FN:603,_RNCNvCs4rDfzbZqwRn_20compaction_simulator4mains1_0B3_
FN:622,_RNCNvCs4rDfzbZqwRn_20compaction_simulator4mains2_0B3_
FN:685,_RNCNvCs4rDfzbZqwRn_20compaction_simulator4mains3_0B3_
FN:486,_RNCNvCs4rDfzbZqwRn_20compaction_simulator4mains_0B3_
FN:213,_RNCNvMs_Cs4rDfzbZqwRn_20compaction_simulatorNtB6_11MockStorage16dump_original_id0B6_
FN:253,_RNvCs4rDfzbZqwRn_20compaction_simulator21generate_random_split
FN:238,_RNvCs4rDfzbZqwRn_20compaction_simulator25generate_random_key_range
FN:279,_RNvCs4rDfzbZqwRn_20compaction_simulator4main
FN:158,_RNvMs_Cs4rDfzbZqwRn_20compaction_simulatorNtB4_11MockStorage10check_keys
FN:221,_RNvMs_Cs4rDfzbZqwRn_20compaction_simulatorNtB4_11MockStorage12dump_real_id
FN:193,_RNvMs_Cs4rDfzbZqwRn_20compaction_simulatorNtB4_11MockStorage14dump_size_only
FN:134,_RNvMs_Cs4rDfzbZqwRn_20compaction_simulatorNtB4_11MockStorage15flush_sst_to_l0
FN:128,_RNvMs_Cs4rDfzbZqwRn_20compaction_simulatorNtB4_11MockStorage15generate_sst_id
FN:201,_RNvMs_Cs4rDfzbZqwRn_20compaction_simulatorNtB4_11MockStorage16dump_original_id
FN:143,_RNvMs_Cs4rDfzbZqwRn_20compaction_simulatorNtB4_11MockStorage21flush_sst_to_new_tier
FN:110,_RNvMs_Cs4rDfzbZqwRn_20compaction_simulatorNtB4_11MockStorage3new
FN:151,_RNvMs_Cs4rDfzbZqwRn_20compaction_simulatorNtB4_11MockStorage6remove
FN:104,_RNvXCs4rDfzbZqwRn_20compaction_simulatorNtB2_11MockStorageNtNtCslfAf2Mv2Tp5_4core7default7Default7default
FNDA:0,_RNCNvCs4rDfzbZqwRn_20compaction_simulator4main0B3_
FNDA:0,_RNCNvCs4rDfzbZqwRn_20compaction_simulator4mains0_0B3_
FNDA:0,_RNCNvCs4rDfzbZqwRn_20compaction_simulator4mains1_0B3_
FNDA:0,_RNCNvCs4rDfzbZqwRn_20compaction_simulator4mains2_0B3_
FNDA:0,_RNCNvCs4rDfzbZqwRn_20compaction_simulator4mains3_0B3_
FNDA:0,_RNCNvCs4rDfzbZqwRn_20compaction_simulator4mains_0B3_
FNDA:0,_RNCNvMs_Cs4rDfzbZqwRn_20compaction_simulatorNtB6_11MockStorage16dump_original_id0B6_
FNDA:0,_RNvCs4rDfzbZqwRn_20compaction_simulator21generate_random_split
FNDA:0,_RNvCs4rDfzbZqwRn_20compaction_simulator25generate_random_key_range
FNDA:0,_RNvCs4rDfzbZqwRn_20compaction_simulator4main
FNDA:0,_RNvMs_Cs4rDfzbZqwRn_20compaction_simulatorNtB4_11MockStorage10check_keys
FNDA:0,_RNvMs_Cs4rDfzbZqwRn_20compaction_simulatorNtB4_11MockStorage12dump_real_id
FNDA:0,_RNvMs_Cs4rDfzbZqwRn_20compaction_simulatorNtB4_11MockStorage14dump_size_only
FNDA:0,_RNvMs_Cs4rDfzbZqwRn_20compaction_simulatorNtB4_11MockStorage15flush_sst_to_l0
FNDA:0,_RNvMs_Cs4rDfzbZqwRn_20compaction_simulatorNtB4_11MockStorage15generate_sst_id
FNDA:0,_RNvMs_Cs4rDfzbZqwRn_20compaction_simulatorNtB4_11MockStorage16dump_original_id
FNDA:0,_RNvMs_Cs4rDfzbZqwRn_20compaction_simulatorNtB4_11MockStorage21flush_sst_to_new_tier
FNDA:0,_RNvMs_Cs4rDfzbZqwRn_20compaction_simulatorNtB4_11MockStorage3new
FNDA:0,_RNvMs_Cs4rDfzbZqwRn_20compaction_simulatorNtB4_11MockStorage6remove
FNDA:0,_RNvXCs4rDfzbZqwRn_20compaction_simulatorNtB2_11MockStorageNtNtCslfAf2Mv2Tp5_4core7default7Default7default
FNF:20
FNH:0
DA:104,0
DA:105,0
DA:106,0
DA:110,0
DA:111,0
DA:112,0
DA:113,0
DA:114,0
DA:115,0
DA:116,0
DA:117,0
DA:118,0
DA:119,0
DA:120,0
DA:121,0
DA:122,0
DA:123,0
DA:124,0
DA:125,0
DA:126,0
DA:128,0
DA:129,0
DA:130,0
DA:131,0
DA:132,0
DA:134,0
DA:135,0
DA:136,0
DA:137,0
DA:138,0
DA:139,0
DA:140,0
DA:141,0
DA:143,0
DA:144,0
DA:145,0
DA:146,0
DA:147,0
DA:148,0
DA:149,0
DA:151,0
DA:152,0
DA:153,0
DA:154,0
DA:156,0
DA:158,0
DA:159,0
DA:160,0
DA:161,0
DA:162,0
DA:163,0
DA:164,0
DA:165,0
DA:168,0
DA:169,0
DA:170,0
DA:171,0
DA:172,0
DA:173,0
DA:174,0
DA:175,0
DA:176,0
DA:177,0
DA:178,0
DA:179,0
DA:180,0
DA:181,0
DA:182,0
DA:183,0
DA:184,0
DA:185,0
DA:187,0
DA:189,0
DA:191,0
DA:193,0
DA:194,0
DA:195,0
DA:196,0
DA:197,0
DA:198,0
DA:199,0
DA:201,0
DA:202,0
DA:203,0
DA:204,0
DA:205,0
DA:206,0
DA:207,0
DA:208,0
DA:209,0
DA:210,0
DA:212,0
DA:213,0
DA:216,0
DA:217,0
DA:218,0
DA:219,0
DA:221,0
DA:222,0
DA:223,0
DA:224,0
DA:225,0
DA:226,0
DA:227,0
DA:228,0
DA:229,0
DA:230,0
DA:231,0
DA:232,0
DA:233,0
DA:234,0
DA:235,0
DA:238,0
DA:240,0
DA:241,0
DA:242,0
DA:243,0
DA:244,0
DA:245,0
DA:246,0
DA:247,0
DA:248,0
DA:249,0
DA:250,0
DA:251,0
DA:253,0
DA:254,0
DA:255,0
DA:256,0
DA:257,0
DA:258,0
DA:259,0
DA:260,0
DA:261,0
DA:262,0
DA:263,0
DA:264,0
DA:265,0
DA:266,0
DA:267,0
DA:268,0
DA:269,0
DA:270,0
DA:271,0
DA:272,0
DA:273,0
DA:274,0
DA:275,0
DA:276,0
DA:277,0
DA:279,0
DA:280,0
DA:281,0
DA:283,0
DA:284,0
DA:285,0
DA:286,0
DA:287,0
DA:288,0
DA:291,0
DA:292,0
DA:293,0
DA:294,0
DA:295,0
DA:296,0
DA:297,0
DA:298,0
DA:299,0
DA:300,0
DA:301,0
DA:302,0
DA:303,0
DA:304,0
DA:305,0
DA:306,0
DA:307,0
DA:308,0
DA:309,0
DA:310,0
DA:311,0
DA:312,0
DA:313,0
DA:314,0
DA:315,0
DA:316,0
DA:317,0
DA:318,0
DA:320,0
DA:321,0
DA:322,0
DA:323,0
DA:324,0
DA:325,0
DA:326,0
DA:327,0
DA:328,0
DA:329,0
DA:330,0
DA:331,0
DA:333,0
DA:336,0
DA:340,0
DA:341,0
DA:342,0
DA:343,0
DA:344,0
DA:345,0
DA:346,0
DA:347,0
DA:348,0
DA:349,0
DA:350,0
DA:351,0
DA:352,0
DA:353,0
DA:354,0
DA:355,0
DA:356,0
DA:357,0
DA:359,0
DA:360,0
DA:361,0
DA:362,0
DA:363,0
DA:364,0
DA:365,0
DA:366,0
DA:370,0
DA:372,0
DA:376,0
DA:378,0
DA:380,0
DA:381,0
DA:382,0
DA:383,0
DA:384,0
DA:385,0
DA:386,0
DA:388,0
DA:392,0
DA:393,0
DA:394,0
DA:395,0
DA:396,0
DA:397,0
DA:398,0
DA:399,0
DA:401,0
DA:402,0
DA:403,0
DA:404,0
DA:405,0
DA:406,0
DA:407,0
DA:408,0
DA:409,0
DA:410,0
DA:411,0
DA:412,0
DA:413,0
DA:414,0
DA:415,0
DA:416,0
DA:417,0
DA:418,0
DA:419,0
DA:420,0
DA:421,0
DA:422,0
DA:423,0
DA:424,0
DA:425,0
DA:426,0
DA:427,0
DA:428,0
DA:429,0
DA:431,0
DA:432,0
DA:433,0
DA:434,0
DA:435,0
DA:436,0
DA:437,0
DA:438,0
DA:439,0
DA:441,0
DA:442,0
DA:443,0
DA:444,0
DA:445,0
DA:446,0
DA:447,0
DA:448,0
DA:449,0
DA:450,0
DA:451,0
DA:452,0
DA:453,0
DA:454,0
DA:455,0
DA:456,0
DA:457,0
DA:458,0
DA:460,0
DA:461,0
DA:462,0
DA:463,0
DA:464,0
DA:465,0
DA:466,0
DA:467,0
DA:471,0
DA:473,0
DA:477,0
DA:479,0
DA:481,0
DA:482,0
DA:483,0
DA:484,0
DA:485,0
DA:486,0
DA:487,0
DA:489,0
DA:493,0
DA:494,0
DA:495,0
DA:496,0
DA:497,0
DA:498,0
DA:499,0
DA:500,0
DA:502,0
DA:503,0
DA:504,0
DA:505,0
DA:506,0
DA:507,0
DA:509,0
DA:510,0
DA:511,0
DA:512,0
DA:513,0
DA:514,0
DA:515,0
DA:516,0
DA:517,0
DA:518,0
DA:519,0
DA:520,0
DA:521,0
DA:522,0
DA:523,0
DA:524,0
DA:527,0
DA:528,0
DA:529,0
DA:530,0
DA:531,0
DA:532,0
DA:533,0
DA:534,0
DA:535,0
DA:536,0
DA:537,0
DA:538,0
DA:539,0
DA:540,0
DA:542,0
DA:543,0
DA:544,0
DA:545,0
DA:546,0
DA:547,0
DA:548,0
DA:549,0
DA:550,0
DA:551,0
DA:552,0
DA:553,0
DA:554,0
DA:555,0
DA:556,0
DA:557,0
DA:558,0
DA:559,0
DA:560,0
DA:561,0
DA:562,0
DA:563,0
DA:564,0
DA:565,0
DA:566,0
DA:567,0
DA:568,0
DA:569,0
DA:570,0
DA:571,0
DA:572,0
DA:573,0
DA:574,0
DA:575,0
DA:576,0
DA:577,0
DA:578,0
DA:580,0
DA:581,0
DA:582,0
DA:583,0
DA:586,0
DA:587,0
DA:588,0
DA:589,0
DA:590,0
DA:591,0
DA:592,0
DA:593,0
DA:595,0
DA:596,0
DA:598,0
DA:601,0
DA:602,0
DA:603,0
DA:606,0
DA:607,0
DA:608,0
DA:609,0
DA:610,0
DA:611,0
DA:612,0
DA:613,0
DA:615,0
DA:616,0
DA:618,0
DA:620,0
DA:621,0
DA:622,0
DA:625,0
DA:626,0
DA:627,0
DA:628,0
DA:629,0
DA:630,0
DA:631,0
DA:632,0
DA:634,0
DA:635,0
DA:637,0
DA:638,0
DA:639,0
DA:640,0
DA:641,0
DA:642,0
DA:643,0
DA:644,0
DA:645,0
DA:646,0
DA:647,0
DA:648,0
DA:649,0
DA:650,0
DA:651,0
DA:652,0
DA:653,0
DA:654,0
DA:655,0
DA:656,0
DA:657,0
DA:659,0
DA:660,0
DA:661,0
DA:662,0
DA:663,0
DA:664,0
DA:665,0
DA:666,0
DA:670,0
DA:672,0
DA:676,0
DA:678,0
DA:680,0
DA:681,0
DA:682,0
DA:683,0
DA:684,0
DA:685,0
DA:686,0
DA:688,0
DA:692,0
BRF:0
BRH:0
LF:495
LH:0
end_of_record
SF:/home/liu/proj/toy-kv-engine/kv-engine/src/bin/kv-engine-cli.rs
FN:235,_RNCNCNCNvMs_Cs4BXd0RvRXrY_13kv_engine_cliNtBa_7Command5parse000Ba_
FN:284,_RNCNCNCNvMs_Cs4BXd0RvRXrY_13kv_engine_cliNtBa_7Command5parses4_000Ba_
FN:233,_RNCNCNvMs_Cs4BXd0RvRXrY_13kv_engine_cliNtB8_7Command5parse00B8_
FN:249,_RNCNCNvMs_Cs4BXd0RvRXrY_13kv_engine_cliNtB8_7Command5parses0_00B8_
FN:258,_RNCNCNvMs_Cs4BXd0RvRXrY_13kv_engine_cliNtB8_7Command5parses1_00B8_
FN:265,_RNCNCNvMs_Cs4BXd0RvRXrY_13kv_engine_cliNtB8_7Command5parses2_00B8_
FN:272,_RNCNCNvMs_Cs4BXd0RvRXrY_13kv_engine_cliNtB8_7Command5parses3_00B8_
FN:282,_RNCNCNvMs_Cs4BXd0RvRXrY_13kv_engine_cliNtB8_7Command5parses4_00B8_
FN:293,_RNCNCNvMs_Cs4BXd0RvRXrY_13kv_engine_cliNtB8_7Command5parses5_00B8_
FN:240,_RNCNCNvMs_Cs4BXd0RvRXrY_13kv_engine_cliNtB8_7Command5parses_00B8_
FN:240,_RNCNCNvMs_Cs4BXd0RvRXrY_13kv_engine_cliNtB8_7Command5parses_0s_0B8_
FN:232,_RNCNvMs_Cs4BXd0RvRXrY_13kv_engine_cliNtB6_7Command5parse0B6_
FN:245,_RNCNvMs_Cs4BXd0RvRXrY_13kv_engine_cliNtB6_7Command5parses0_0B6_
FN:255,_RNCNvMs_Cs4BXd0RvRXrY_13kv_engine_cliNtB6_7Command5parses1_0B6_
FN:262,_RNCNvMs_Cs4BXd0RvRXrY_13kv_engine_cliNtB6_7Command5parses2_0B6_
FN:269,_RNCNvMs_Cs4BXd0RvRXrY_13kv_engine_cliNtB6_7Command5parses3_0B6_
FN:276,_RNCNvMs_Cs4BXd0RvRXrY_13kv_engine_cliNtB6_7Command5parses4_0B6_
FN:290,_RNCNvMs_Cs4BXd0RvRXrY_13kv_engine_cliNtB6_7Command5parses5_0B6_
FN:297,_RNCNvMs_Cs4BXd0RvRXrY_13kv_engine_cliNtB6_7Command5parses6_0B6_
FN:317,_RNCNvMs_Cs4BXd0RvRXrY_13kv_engine_cliNtB6_7Command5parses8_0B6_
FN:239,_RNCNvMs_Cs4BXd0RvRXrY_13kv_engine_cliNtB6_7Command5parses_0B6_
FN:396,_RNvCs4BXd0RvRXrY_13kv_engine_cli4main
FN:48,_RNvMCs4BXd0RvRXrY_13kv_engine_cliNtB2_11ReplHandler6handle
FN:332,_RNvMs0_Cs4BXd0RvRXrY_13kv_engine_cliNtB5_4Repl3run
FN:347,_RNvMs0_Cs4BXd0RvRXrY_13kv_engine_cliNtB5_4Repl9bootstrap
FN:375,_RNvMs1_Cs4BXd0RvRXrY_13kv_engine_cliNtB5_11ReplBuilder11description
FN:362,_RNvMs1_Cs4BXd0RvRXrY_13kv_engine_cliNtB5_11ReplBuilder3new
FN:385,_RNvMs1_Cs4BXd0RvRXrY_13kv_engine_cliNtB5_11ReplBuilder5build
FN:380,_RNvMs1_Cs4BXd0RvRXrY_13kv_engine_cliNtB5_11ReplBuilder6prompt
FN:370,_RNvMs1_Cs4BXd0RvRXrY_13kv_engine_cliNtB5_11ReplBuilder8app_name
FN:227,_RNvMs_Cs4BXd0RvRXrY_13kv_engine_cliNtB4_7Command5parse
FNDA:0,_RNCNCNCNvMs_Cs4BXd0RvRXrY_13kv_engine_cliNtBa_7Command5parse000Ba_
FNDA:0,_RNCNCNCNvMs_Cs4BXd0RvRXrY_13kv_engine_cliNtBa_7Command5parses4_000Ba_
FNDA:0,_RNCNCNvMs_Cs4BXd0RvRXrY_13kv_engine_cliNtB8_7Command5parse00B8_
FNDA:0,_RNCNCNvMs_Cs4BXd0RvRXrY_13kv_engine_cliNtB8_7Command5parses0_00B8_
FNDA:0,_RNCNCNvMs_Cs4BXd0RvRXrY_13kv_engine_cliNtB8_7Command5parses1_00B8_
FNDA:0,_RNCNCNvMs_Cs4BXd0RvRXrY_13kv_engine_cliNtB8_7Command5parses2_00B8_
FNDA:0,_RNCNCNvMs_Cs4BXd0RvRXrY_13kv_engine_cliNtB8_7Command5parses3_00B8_
FNDA:0,_RNCNCNvMs_Cs4BXd0RvRXrY_13kv_engine_cliNtB8_7Command5parses4_00B8_
FNDA:0,_RNCNCNvMs_Cs4BXd0RvRXrY_13kv_engine_cliNtB8_7Command5parses5_00B8_
FNDA:0,_RNCNCNvMs_Cs4BXd0RvRXrY_13kv_engine_cliNtB8_7Command5parses_00B8_
FNDA:0,_RNCNCNvMs_Cs4BXd0RvRXrY_13kv_engine_cliNtB8_7Command5parses_0s_0B8_
FNDA:0,_RNCNvMs_Cs4BXd0RvRXrY_13kv_engine_cliNtB6_7Command5parse0B6_
FNDA:0,_RNCNvMs_Cs4BXd0RvRXrY_13kv_engine_cliNtB6_7Command5parses0_0B6_
FNDA:0,_RNCNvMs_Cs4BXd0RvRXrY_13kv_engine_cliNtB6_7Command5parses1_0B6_
FNDA:0,_RNCNvMs_Cs4BXd0RvRXrY_13kv_engine_cliNtB6_7Command5parses2_0B6_
FNDA:0,_RNCNvMs_Cs4BXd0RvRXrY_13kv_engine_cliNtB6_7Command5parses3_0B6_
FNDA:0,_RNCNvMs_Cs4BXd0RvRXrY_13kv_engine_cliNtB6_7Command5parses4_0B6_
FNDA:0,_RNCNvMs_Cs4BXd0RvRXrY_13kv_engine_cliNtB6_7Command5parses5_0B6_
FNDA:0,_RNCNvMs_Cs4BXd0RvRXrY_13kv_engine_cliNtB6_7Command5parses6_0B6_
FNDA:0,_RNCNvMs_Cs4BXd0RvRXrY_13kv_engine_cliNtB6_7Command5parses8_0B6_
FNDA:0,_RNCNvMs_Cs4BXd0RvRXrY_13kv_engine_cliNtB6_7Command5parses_0B6_
FNDA:0,_RNvCs4BXd0RvRXrY_13kv_engine_cli4main
FNDA:0,_RNvMCs4BXd0RvRXrY_13kv_engine_cliNtB2_11ReplHandler6handle
FNDA:0,_RNvMs0_Cs4BXd0RvRXrY_13kv_engine_cliNtB5_4Repl3run
FNDA:0,_RNvMs0_Cs4BXd0RvRXrY_13kv_engine_cliNtB5_4Repl9bootstrap
FNDA:0,_RNvMs1_Cs4BXd0RvRXrY_13kv_engine_cliNtB5_11ReplBuilder11description
FNDA:0,_RNvMs1_Cs4BXd0RvRXrY_13kv_engine_cliNtB5_11ReplBuilder3new
FNDA:0,_RNvMs1_Cs4BXd0RvRXrY_13kv_engine_cliNtB5_11ReplBuilder5build
FNDA:0,_RNvMs1_Cs4BXd0RvRXrY_13kv_engine_cliNtB5_11ReplBuilder6prompt
FNDA:0,_RNvMs1_Cs4BXd0RvRXrY_13kv_engine_cliNtB5_11ReplBuilder8app_name
FNDA:0,_RNvMs_Cs4BXd0RvRXrY_13kv_engine_cliNtB4_7Command5parse
FNF:31
FNH:0
DA:48,0
DA:49,0
DA:50,0
DA:51,0
DA:52,0
DA:53,0
DA:54,0
DA:55,0
DA:58,0
DA:60,0
DA:64,0
DA:65,0
DA:66,0
DA:68,0
DA:69,0
DA:70,0
DA:71,0
DA:72,0
DA:73,0
DA:74,0
DA:75,0
DA:77,0
DA:78,0
DA:79,0
DA:80,0
DA:81,0
DA:82,0
DA:84,0
DA:86,0
DA:87,0
DA:88,0
DA:89,0
DA:90,0
DA:91,0
DA:93,0
DA:94,0
DA:96,0
DA:97,0
DA:99,0
DA:100,0
DA:102,0
DA:103,0
DA:104,0
DA:105,0
DA:106,0
DA:107,0
DA:108,0
DA:109,0
DA:111,0
DA:112,0
DA:114,0
DA:115,0
DA:117,0
DA:118,0
DA:120,0
DA:121,0
DA:122,0
DA:124,0
DA:125,0
DA:126,0
DA:127,0
DA:128,0
DA:130,0
DA:131,0
DA:133,0
DA:134,0
DA:136,0
DA:137,0
DA:139,0
DA:140,0
DA:141,0
DA:142,0
DA:144,0
DA:145,0
DA:148,0
DA:149,0
DA:152,0
DA:153,0
DA:156,0
DA:157,0
DA:158,0
DA:159,0
DA:160,0
DA:161,0
DA:162,0
DA:163,0
DA:164,0
DA:165,0
DA:166,0
DA:167,0
DA:168,0
DA:169,0
DA:170,0
DA:172,0
DA:173,0
DA:174,0
DA:175,0
DA:176,0
DA:177,0
DA:178,0
DA:179,0
DA:180,0
DA:181,0
DA:182,0
DA:183,0
DA:184,0
DA:187,0
DA:189,0
DA:190,0
DA:227,0
DA:232,0
DA:233,0
DA:234,0
DA:235,0
DA:236,0
DA:237,0
DA:239,0
DA:240,0
DA:241,0
DA:242,0
DA:243,0
DA:245,0
DA:246,0
DA:247,0
DA:249,0
DA:250,0
DA:251,0
DA:252,0
DA:253,0
DA:255,0
DA:256,0
DA:257,0
DA:258,0
DA:259,0
DA:260,0
DA:262,0
DA:263,0
DA:264,0
DA:265,0
DA:266,0
DA:267,0
DA:269,0
DA:270,0
DA:271,0
DA:272,0
DA:273,0
DA:274,0
DA:276,0
DA:277,0
DA:278,0
DA:279,0
DA:280,0
DA:281,0
DA:282,0
DA:283,0
DA:284,0
DA:285,0
DA:286,0
DA:287,0
DA:288,0
DA:290,0
DA:291,0
DA:292,0
DA:293,0
DA:294,0
DA:295,0
DA:297,0
DA:298,0
DA:299,0
DA:300,0
DA:301,0
DA:302,0
DA:303,0
DA:304,0
DA:305,0
DA:306,0
DA:307,0
DA:308,0
DA:309,0
DA:310,0
DA:311,0
DA:312,0
DA:313,0
DA:315,0
DA:316,0
DA:317,0
DA:318,0
DA:332,0
DA:333,0
DA:336,0
DA:337,0
DA:339,0
DA:340,0
DA:341,0
DA:342,0
DA:343,0
DA:345,0
DA:347,0
DA:348,0
DA:349,0
DA:350,0
DA:351,0
DA:352,0
DA:362,0
DA:363,0
DA:364,0
DA:365,0
DA:366,0
DA:367,0
DA:368,0
DA:370,0
DA:371,0
DA:372,0
DA:373,0
DA:375,0
DA:376,0
DA:377,0
DA:378,0
DA:380,0
DA:381,0
DA:382,0
DA:383,0
DA:385,0
DA:387,0
DA:388,0
DA:389,0
DA:390,0
DA:391,0
DA:393,0
DA:396,0
DA:397,0
DA:398,0
DA:399,0
DA:402,0
DA:404,0
DA:405,0
DA:406,0
DA:408,0
DA:409,0
DA:410,0
DA:411,0
DA:412,0
DA:414,0
DA:415,0
DA:416,0
DA:417,0
DA:418,0
DA:419,0
DA:420,0
DA:422,0
DA:423,0
DA:424,0
DA:425,0
DA:426,0
DA:427,0
DA:430,0
DA:431,0
DA:432,0
DA:433,0
DA:434,0
DA:437,0
DA:439,0
DA:440,0
DA:441,0
DA:442,0
DA:443,0
DA:445,0
DA:446,0
DA:447,0
BRF:0
BRH:0
LF:286
LH:0
end_of_record
SF:/home/liu/proj/toy-kv-engine/kv-engine/src/bin/wrapper.rs
FN:6,_RNvNtCs4rDfzbZqwRn_20compaction_simulator7wrapper4main
FN:6,_RNvNtCs4BXd0RvRXrY_13kv_engine_cli7wrapper4main
FN:6,_RNvCsgtMNkyjgdNA_7wrapper4main
FN:6,_RNvNtCsjsmMyPGR1S6_10write_perf7wrapper4main
FNDA:0,_RNvNtCs4rDfzbZqwRn_20compaction_simulator7wrapper4main
FNDA:0,_RNvNtCs4BXd0RvRXrY_13kv_engine_cli7wrapper4main
FNDA:0,_RNvCsgtMNkyjgdNA_7wrapper4main
FNDA:0,_RNvNtCsjsmMyPGR1S6_10write_perf7wrapper4main
FNF:1
FNH:0
DA:6,0
BRF:0
BRH:0
LF:1
LH:0
end_of_record
SF:/home/liu/proj/toy-kv-engine/kv-engine/src/bin/write-perf.rs
FN:494,_RNvCsjsmMyPGR1S6_10write_perf17emit_measurements
FN:457,_RNvCsjsmMyPGR1S6_10write_perf4main
FN:2108,_RNvNtCsjsmMyPGR1S6_10write_perf5testss_15reject_zero_num
FN:2040,_RNvNtCsjsmMyPGR1S6_10write_perf5testss_17parse_large_alias
FN:2048,_RNvNtCsjsmMyPGR1S6_10write_perf5testss_20parse_subset_aliases
FN:2062,_RNvNtCsjsmMyPGR1S6_10write_perf5testss_37json_record_contains_measurement_name
FN:2056,_RNvNtCsjsmMyPGR1S6_10write_perf5testss_39reject_unsupported_readreverse_selector
FN:1971,_RNvCsjsmMyPGR1S6_10write_perf11remove_path
FN:1730,_RNvCsjsmMyPGR1S6_10write_perf11run_compact
FN:996,_RNvCsjsmMyPGR1S6_10write_perf11run_fillseq
FN:1408,_RNvCsjsmMyPGR1S6_10write_perf11run_readseq
FN:830,_RNvCsjsmMyPGR1S6_10write_perf11run_vlog_gc
FN:1804,_RNvCsjsmMyPGR1S6_10write_perf11summary_for
FN:1958,_RNvCsjsmMyPGR1S6_10write_perf12prepare_path
FN:1964,_RNvCsjsmMyPGR1S6_10write_perf13finalize_path
FN:1359,_RNvCsjsmMyPGR1S6_10write_perf13run_overwrite
FN:1987,_RNvCsjsmMyPGR1S6_10write_perf13unix_epoch_ms
FN:1939,_RNvCsjsmMyPGR1S6_10write_perf14populate_range
FN:1036,_RNvCsjsmMyPGR1S6_10write_perf14run_fillrandom
FN:1081,_RNvCsjsmMyPGR1S6_10write_perf14run_readrandom
FN:1304,_RNvCsjsmMyPGR1S6_10write_perf14run_seekrandom
FN:1994,_RNvCsjsmMyPGR1S6_10write_perf15compaction_name
FN:2011,_RNvCsjsmMyPGR1S6_10write_perf15diff_option_u32
FN:2003,_RNvCsjsmMyPGR1S6_10write_perf15diff_option_u64
FN:1518,_RNvCsjsmMyPGR1S6_10write_perf15run_readmissing
FN:2019,_RNvCsjsmMyPGR1S6_10write_perf15validate_config
FN:1859,_RNvCsjsmMyPGR1S6_10write_perf16collect_counters
FN:1685,_RNvCsjsmMyPGR1S6_10write_perf16run_deleterandom
FN:472,_RNvCsjsmMyPGR1S6_10write_perf16select_workloads
FN:599,_RNvCsjsmMyPGR1S6_10write_perf17run_concurrent_rw
FN:769,_RNvCsjsmMyPGR1S6_10write_perf18run_wal_concurrent
FN:718,_RNvCsjsmMyPGR1S6_10write_perf18run_wal_throughput
FN:426,_RNvCsjsmMyPGR1S6_10write_perf19print_write_profile
FN:1949,_RNvCsjsmMyPGR1S6_10write_perf20populate_fixed_value
FN:1129,_RNvCsjsmMyPGR1S6_10write_perf20run_readwhilewriting
FN:1884,_RNvCsjsmMyPGR1S6_10write_perf21collect_counter_delta
FN:595,_RNvCsjsmMyPGR1S6_10write_perf21run_concurrent_rw_wal
FN:888,_RNvCsjsmMyPGR1S6_10write_perf22run_vlog_concurrent_gc
FN:591,_RNvCsjsmMyPGR1S6_10write_perf24run_concurrent_rw_no_wal
FN:1222,_RNvCsjsmMyPGR1S6_10write_perf25run_readrandomwriterandom
FN:1456,_RNvCsjsmMyPGR1S6_10write_perf26run_readseq_validate_order
FN:1579,_RNvCsjsmMyPGR1S6_10write_perf26run_seekrandomwhilewriting
FN:1979,_RNvCsjsmMyPGR1S6_10write_perf2ms
FN:1983,_RNvCsjsmMyPGR1S6_10write_perf4rate
FN:512,_RNvCsjsmMyPGR1S6_10write_perf8run_scan
FN:178,_RNvMCsjsmMyPGR1S6_10write_perfNtB2_13HarnessConfig13build_options
FN:174,_RNvMCsjsmMyPGR1S6_10write_perfNtB2_13HarnessConfig8path_for
FN:134,_RNvMCsjsmMyPGR1S6_10write_perfNtB2_13HarnessConfig9from_args
FN:1767,_RINvCsjsmMyPGR1S6_10write_perf16make_measurementNtNtCs2TrN21NlPz_5alloc6string6StringEB2_
FN:1767,_RINvCsjsmMyPGR1S6_10write_perf16make_measurementReEB2_
FN:1975,_RNCNvCsjsmMyPGR1S6_10write_perf11remove_path0B3_
FN:477,_RNCNvCsjsmMyPGR1S6_10write_perf16select_workloads0B3_
FN:486,_RNCNvCsjsmMyPGR1S6_10write_perf16select_workloadss0_0B3_
FN:485,_RNCNvCsjsmMyPGR1S6_10write_perf16select_workloadss_0B3_
FN:623,_RNCNvCsjsmMyPGR1S6_10write_perf17run_concurrent_rw0B3_
FN:657,_RNCNvCsjsmMyPGR1S6_10write_perf17run_concurrent_rws0_0B3_
FN:679,_RNCNvCsjsmMyPGR1S6_10write_perf17run_concurrent_rws1_0B3_
FN:641,_RNCNvCsjsmMyPGR1S6_10write_perf17run_concurrent_rws_0B3_
FN:785,_RNCNvCsjsmMyPGR1S6_10write_perf18run_wal_concurrent0B3_
FN:797,_RNCNvCsjsmMyPGR1S6_10write_perf18run_wal_concurrents_0B3_
FN:1149,_RNCNvCsjsmMyPGR1S6_10write_perf20run_readwhilewriting0B3_
FN:1186,_RNCNvCsjsmMyPGR1S6_10write_perf20run_readwhilewritings0_0B3_
FN:1167,_RNCNvCsjsmMyPGR1S6_10write_perf20run_readwhilewritings_0B3_
FN:908,_RNCNvCsjsmMyPGR1S6_10write_perf22run_vlog_concurrent_gc0B3_
FN:943,_RNCNvCsjsmMyPGR1S6_10write_perf22run_vlog_concurrent_gcs0_0B3_
FN:961,_RNCNvCsjsmMyPGR1S6_10write_perf22run_vlog_concurrent_gcs1_0B3_
FN:926,_RNCNvCsjsmMyPGR1S6_10write_perf22run_vlog_concurrent_gcs_0B3_
FN:1243,_RNCNvCsjsmMyPGR1S6_10write_perf25run_readrandomwriterandom0B3_
FN:1268,_RNCNvCsjsmMyPGR1S6_10write_perf25run_readrandomwriterandoms_0B3_
FN:1600,_RNCNvCsjsmMyPGR1S6_10write_perf26run_seekrandomwhilewriting0B3_
FN:1647,_RNCNvCsjsmMyPGR1S6_10write_perf26run_seekrandomwhilewritings0_0B3_
FN:1625,_RNCNvCsjsmMyPGR1S6_10write_perf26run_seekrandomwhilewritings_0B3_
FNDA:0,_RNvCsjsmMyPGR1S6_10write_perf17emit_measurements
FNDA:0,_RNvCsjsmMyPGR1S6_10write_perf4main
FNDA:1,_RNvNtCsjsmMyPGR1S6_10write_perf5testss_15reject_zero_num
FNDA:1,_RNvNtCsjsmMyPGR1S6_10write_perf5testss_17parse_large_alias
FNDA:1,_RNvNtCsjsmMyPGR1S6_10write_perf5testss_20parse_subset_aliases
FNDA:1,_RNvNtCsjsmMyPGR1S6_10write_perf5testss_37json_record_contains_measurement_name
FNDA:1,_RNvNtCsjsmMyPGR1S6_10write_perf5testss_39reject_unsupported_readreverse_selector
FNDA:0,_RNvCsjsmMyPGR1S6_10write_perf11remove_path
FNDA:0,_RNvCsjsmMyPGR1S6_10write_perf11run_compact
FNDA:0,_RNvCsjsmMyPGR1S6_10write_perf11run_fillseq
FNDA:0,_RNvCsjsmMyPGR1S6_10write_perf11run_readseq
FNDA:0,_RNvCsjsmMyPGR1S6_10write_perf11run_vlog_gc
FNDA:1,_RNvCsjsmMyPGR1S6_10write_perf11summary_for
FNDA:0,_RNvCsjsmMyPGR1S6_10write_perf12prepare_path
FNDA:0,_RNvCsjsmMyPGR1S6_10write_perf13finalize_path
FNDA:0,_RNvCsjsmMyPGR1S6_10write_perf13run_overwrite
FNDA:2,_RNvCsjsmMyPGR1S6_10write_perf13unix_epoch_ms
FNDA:0,_RNvCsjsmMyPGR1S6_10write_perf14populate_range
FNDA:0,_RNvCsjsmMyPGR1S6_10write_perf14run_fillrandom
FNDA:0,_RNvCsjsmMyPGR1S6_10write_perf14run_readrandom
FNDA:0,_RNvCsjsmMyPGR1S6_10write_perf14run_seekrandom
FNDA:1,_RNvCsjsmMyPGR1S6_10write_perf15compaction_name
FNDA:0,_RNvCsjsmMyPGR1S6_10write_perf15diff_option_u32
FNDA:0,_RNvCsjsmMyPGR1S6_10write_perf15diff_option_u64
FNDA:0,_RNvCsjsmMyPGR1S6_10write_perf15run_readmissing
FNDA:1,_RNvCsjsmMyPGR1S6_10write_perf15validate_config
FNDA:0,_RNvCsjsmMyPGR1S6_10write_perf16collect_counters
FNDA:0,_RNvCsjsmMyPGR1S6_10write_perf16run_deleterandom
FNDA:2,_RNvCsjsmMyPGR1S6_10write_perf16select_workloads
FNDA:0,_RNvCsjsmMyPGR1S6_10write_perf17run_concurrent_rw
FNDA:0,_RNvCsjsmMyPGR1S6_10write_perf18run_wal_concurrent
FNDA:0,_RNvCsjsmMyPGR1S6_10write_perf18run_wal_throughput
FNDA:0,_RNvCsjsmMyPGR1S6_10write_perf19print_write_profile
FNDA:0,_RNvCsjsmMyPGR1S6_10write_perf20populate_fixed_value
FNDA:0,_RNvCsjsmMyPGR1S6_10write_perf20run_readwhilewriting
FNDA:0,_RNvCsjsmMyPGR1S6_10write_perf21collect_counter_delta
FNDA:0,_RNvCsjsmMyPGR1S6_10write_perf21run_concurrent_rw_wal
FNDA:0,_RNvCsjsmMyPGR1S6_10write_perf22run_vlog_concurrent_gc
FNDA:0,_RNvCsjsmMyPGR1S6_10write_perf24run_concurrent_rw_no_wal
FNDA:0,_RNvCsjsmMyPGR1S6_10write_perf25run_readrandomwriterandom
FNDA:0,_RNvCsjsmMyPGR1S6_10write_perf26run_readseq_validate_order
FNDA:0,_RNvCsjsmMyPGR1S6_10write_perf26run_seekrandomwhilewriting
FNDA:0,_RNvCsjsmMyPGR1S6_10write_perf2ms
FNDA:0,_RNvCsjsmMyPGR1S6_10write_perf4rate
FNDA:0,_RNvCsjsmMyPGR1S6_10write_perf8run_scan
FNDA:1,_RNvMCsjsmMyPGR1S6_10write_perfNtB2_13HarnessConfig13build_options
FNDA:0,_RNvMCsjsmMyPGR1S6_10write_perfNtB2_13HarnessConfig8path_for
FNDA:1,_RNvMCsjsmMyPGR1S6_10write_perfNtB2_13HarnessConfig9from_args
FNDA:0,_RINvCsjsmMyPGR1S6_10write_perf16make_measurementNtNtCs2TrN21NlPz_5alloc6string6StringEB2_
FNDA:1,_RINvCsjsmMyPGR1S6_10write_perf16make_measurementReEB2_
FNDA:0,_RNCNvCsjsmMyPGR1S6_10write_perf11remove_path0B3_
FNDA:3,_RNCNvCsjsmMyPGR1S6_10write_perf16select_workloads0B3_
FNDA:0,_RNCNvCsjsmMyPGR1S6_10write_perf16select_workloadss0_0B3_
FNDA:24,_RNCNvCsjsmMyPGR1S6_10write_perf16select_workloadss_0B3_
FNDA:0,_RNCNvCsjsmMyPGR1S6_10write_perf17run_concurrent_rw0B3_
FNDA:0,_RNCNvCsjsmMyPGR1S6_10write_perf17run_concurrent_rws0_0B3_
FNDA:0,_RNCNvCsjsmMyPGR1S6_10write_perf17run_concurrent_rws1_0B3_
FNDA:0,_RNCNvCsjsmMyPGR1S6_10write_perf17run_concurrent_rws_0B3_
FNDA:0,_RNCNvCsjsmMyPGR1S6_10write_perf18run_wal_concurrent0B3_
FNDA:0,_RNCNvCsjsmMyPGR1S6_10write_perf18run_wal_concurrents_0B3_
FNDA:0,_RNCNvCsjsmMyPGR1S6_10write_perf20run_readwhilewriting0B3_
FNDA:0,_RNCNvCsjsmMyPGR1S6_10write_perf20run_readwhilewritings0_0B3_
FNDA:0,_RNCNvCsjsmMyPGR1S6_10write_perf20run_readwhilewritings_0B3_
FNDA:0,_RNCNvCsjsmMyPGR1S6_10write_perf22run_vlog_concurrent_gc0B3_
FNDA:0,_RNCNvCsjsmMyPGR1S6_10write_perf22run_vlog_concurrent_gcs0_0B3_
FNDA:0,_RNCNvCsjsmMyPGR1S6_10write_perf22run_vlog_concurrent_gcs1_0B3_
FNDA:0,_RNCNvCsjsmMyPGR1S6_10write_perf22run_vlog_concurrent_gcs_0B3_
FNDA:0,_RNCNvCsjsmMyPGR1S6_10write_perf25run_readrandomwriterandom0B3_
FNDA:0,_RNCNvCsjsmMyPGR1S6_10write_perf25run_readrandomwriterandoms_0B3_
FNDA:0,_RNCNvCsjsmMyPGR1S6_10write_perf26run_seekrandomwhilewriting0B3_
FNDA:0,_RNCNvCsjsmMyPGR1S6_10write_perf26run_seekrandomwhilewritings0_0B3_
FNDA:0,_RNCNvCsjsmMyPGR1S6_10write_perf26run_seekrandomwhilewritings_0B3_
FNF:71
FNH:15
DA:134,1
DA:135,1
DA:136,1
DA:138,0
DA:140,1
DA:141,0
DA:142,1
DA:144,1
DA:146,1
DA:147,1
DA:148,1
DA:149,1
DA:150,1
DA:151,1
DA:152,1
DA:153,1
DA:154,1
DA:155,1
DA:156,1
DA:157,1
DA:158,1
DA:159,1
DA:160,1
DA:161,1
DA:162,1
DA:163,1
DA:164,1
DA:165,1
DA:166,1
DA:167,1
DA:168,1
DA:169,1
DA:170,1
DA:171,1
DA:172,1
DA:174,0
DA:175,0
DA:176,0
DA:178,1
DA:179,1
DA:180,1
DA:183,1
DA:184,1
DA:185,1
DA:186,1
DA:188,0
DA:189,0
DA:190,0
DA:191,0
DA:192,0
DA:194,0
DA:195,0
DA:196,0
DA:197,0
DA:198,0
DA:199,0
DA:200,0
DA:201,0
DA:202,0
DA:203,0
DA:204,0
DA:205,0
DA:206,0
DA:208,1
DA:210,1
DA:211,0
DA:212,0
DA:213,0
DA:214,0
DA:215,0
DA:216,0
DA:217,0
DA:218,0
DA:219,0
DA:221,1
DA:223,1
DA:224,1
DA:226,1
DA:228,1
DA:426,0
DA:427,0
DA:428,0
DA:429,0
DA:430,0
DA:431,0
DA:432,0
DA:439,0
DA:440,0
DA:441,0
DA:443,0
DA:445,0
DA:446,0
DA:447,0
DA:448,0
DA:449,0
DA:451,0
DA:455,0
DA:457,0
DA:458,0
DA:459,0
DA:460,0
DA:461,0
DA:462,0
DA:464,0
DA:465,0
DA:466,0
DA:469,0
DA:470,0
DA:472,2
DA:473,2
DA:474,0
DA:475,2
DA:476,2
DA:477,3
DA:478,3
DA:479,1
DA:482,2
DA:483,2
DA:484,2
DA:485,24
DA:486,2
DA:487,2
DA:489,1
DA:492,2
DA:494,0
DA:495,0
DA:496,0
DA:497,0
DA:498,0
DA:499,0
DA:501,0
DA:504,0
DA:505,0
DA:509,0
DA:510,0
DA:512,0
DA:513,0
DA:514,0
DA:515,0
DA:516,0
DA:517,0
DA:518,0
DA:520,0
DA:522,0
DA:523,0
DA:524,0
DA:525,0
DA:526,0
DA:527,0
DA:529,0
DA:530,0
DA:531,0
DA:532,0
DA:533,0
DA:535,0
DA:536,0
DA:537,0
DA:538,0
DA:539,0
DA:540,0
DA:541,0
DA:542,0
DA:543,0
DA:544,0
DA:545,0
DA:546,0
DA:547,0
DA:548,0
DA:549,0
DA:552,0
DA:553,0
DA:554,0
DA:555,0
DA:556,0
DA:557,0
DA:558,0
DA:559,0
DA:560,0
DA:561,0
DA:563,0
DA:564,0
DA:565,0
DA:566,0
DA:567,0
DA:569,0
DA:570,0
DA:571,0
DA:572,0
DA:573,0
DA:574,0
DA:575,0
DA:576,0
DA:577,0
DA:578,0
DA:579,0
DA:580,0
DA:581,0
DA:582,0
DA:583,0
DA:586,0
DA:587,0
DA:588,0
DA:589,0
DA:591,0
DA:592,0
DA:593,0
DA:595,0
DA:596,0
DA:597,0
DA:599,0
DA:600,0
DA:601,0
DA:602,0
DA:603,0
DA:604,0
DA:605,0
DA:606,0
DA:607,0
DA:608,0
DA:610,0
DA:611,0
DA:612,0
DA:613,0
DA:614,0
DA:616,0
DA:617,0
DA:618,0
DA:619,0
DA:620,0
DA:621,0
DA:622,0
DA:623,0
DA:624,0
DA:625,0
DA:626,0
DA:627,0
DA:628,0
DA:629,0
DA:630,0
DA:631,0
DA:633,0
DA:634,0
DA:637,0
DA:638,0
DA:639,0
DA:640,0
DA:641,0
DA:642,0
DA:643,0
DA:644,0
DA:645,0
DA:646,0
DA:647,0
DA:648,0
DA:649,0
DA:650,0
DA:654,0
DA:655,0
DA:656,0
DA:657,0
DA:658,0
DA:659,0
DA:660,0
DA:661,0
DA:662,0
DA:663,0
DA:664,0
DA:665,0
DA:667,0
DA:669,0
DA:670,0
DA:673,0
DA:674,0
DA:675,0
DA:676,0
DA:677,0
DA:678,0
DA:679,0
DA:681,0
DA:683,0
DA:684,0
DA:685,0
DA:686,0
DA:687,0
DA:688,0
DA:690,0
DA:691,0
DA:692,0
DA:693,0
DA:694,0
DA:695,0
DA:696,0
DA:697,0
DA:698,0
DA:699,0
DA:700,0
DA:701,0
DA:702,0
DA:703,0
DA:704,0
DA:705,0
DA:706,0
DA:707,0
DA:708,0
DA:709,0
DA:710,0
DA:711,0
DA:712,0
DA:713,0
DA:714,0
DA:715,0
DA:716,0
DA:718,0
DA:719,0
DA:720,0
DA:721,0
DA:722,0
DA:723,0
DA:725,0
DA:726,0
DA:727,0
DA:730,0
DA:731,0
DA:732,0
DA:733,0
DA:734,0
DA:735,0
DA:736,0
DA:738,0
DA:739,0
DA:740,0
DA:741,0
DA:742,0
DA:743,0
DA:744,0
DA:745,0
DA:746,0
DA:747,0
DA:748,0
DA:749,0
DA:750,0
DA:751,0
DA:752,0
DA:753,0
DA:754,0
DA:755,0
DA:756,0
DA:757,0
DA:758,0
DA:759,0
DA:760,0
DA:761,0
DA:762,0
DA:763,0
DA:766,0
DA:767,0
DA:769,0
DA:770,0
DA:771,0
DA:772,0
DA:773,0
DA:774,0
DA:775,0
DA:776,0
DA:777,0
DA:778,0
DA:779,0
DA:780,0
DA:781,0
DA:782,0
DA:783,0
DA:784,0
DA:785,0
DA:786,0
DA:787,0
DA:788,0
DA:789,0
DA:790,0
DA:791,0
DA:792,0
DA:794,0
DA:795,0
DA:796,0
DA:797,0
DA:799,0
DA:800,0
DA:801,0
DA:802,0
DA:803,0
DA:804,0
DA:805,0
DA:806,0
DA:808,0
DA:809,0
DA:810,0
DA:811,0
DA:812,0
DA:813,0
DA:814,0
DA:815,0
DA:816,0
DA:817,0
DA:818,0
DA:819,0
DA:820,0
DA:821,0
DA:822,0
DA:823,0
DA:824,0
DA:825,0
DA:826,0
DA:827,0
DA:828,0
DA:830,0
DA:831,0
DA:832,0
DA:833,0
DA:834,0
DA:835,0
DA:836,0
DA:837,0
DA:838,0
DA:839,0
DA:840,0
DA:842,0
DA:843,0
DA:844,0
DA:845,0
DA:846,0
DA:847,0
DA:849,0
DA:850,0
DA:852,0
DA:853,0
DA:854,0
DA:856,0
DA:857,0
DA:858,0
DA:859,0
DA:860,0
DA:861,0
DA:862,0
DA:863,0
DA:864,0
DA:865,0
DA:866,0
DA:867,0
DA:868,0
DA:869,0
DA:870,0
DA:871,0
DA:872,0
DA:873,0
DA:874,0
DA:875,0
DA:876,0
DA:877,0
DA:878,0
DA:880,0
DA:883,0
DA:884,0
DA:885,0
DA:886,0
DA:888,0
DA:889,0
DA:890,0
DA:891,0
DA:892,0
DA:893,0
DA:894,0
DA:895,0
DA:897,0
DA:898,0
DA:899,0
DA:900,0
DA:901,0
DA:902,0
DA:905,0
DA:906,0
DA:907,0
DA:908,0
DA:909,0
DA:910,0
DA:911,0
DA:912,0
DA:913,0
DA:914,0
DA:915,0
DA:916,0
DA:918,0
DA:919,0
DA:923,0
DA:924,0
DA:925,0
DA:926,0
DA:927,0
DA:928,0
DA:929,0
DA:930,0
DA:931,0
DA:932,0
DA:933,0
DA:935,0
DA:936,0
DA:940,0
DA:941,0
DA:942,0
DA:943,0
DA:944,0
DA:945,0
DA:946,0
DA:947,0
DA:948,0
DA:949,0
DA:951,0
DA:952,0
DA:955,0
DA:956,0
DA:957,0
DA:958,0
DA:959,0
DA:960,0
DA:961,0
DA:963,0
DA:965,0
DA:966,0
DA:967,0
DA:968,0
DA:969,0
DA:970,0
DA:972,0
DA:973,0
DA:974,0
DA:975,0
DA:976,0
DA:977,0
DA:978,0
DA:979,0
DA:980,0
DA:981,0
DA:982,0
DA:983,0
DA:984,0
DA:985,0
DA:986,0
DA:987,0
DA:988,0
DA:989,0
DA:990,0
DA:991,0
DA:992,0
DA:993,0
DA:994,0
DA:996,0
DA:997,0
DA:998,0
DA:999,0
DA:1000,0
DA:1001,0
DA:1002,0
DA:1003,0
DA:1004,0
DA:1006,0
DA:1007,0
DA:1008,0
DA:1009,0
DA:1010,0
DA:1011,0
DA:1012,0
DA:1013,0
DA:1015,0
DA:1016,0
DA:1017,0
DA:1018,0
DA:1019,0
DA:1020,0
DA:1021,0
DA:1022,0
DA:1023,0
DA:1024,0
DA:1025,0
DA:1026,0
DA:1027,0
DA:1028,0
DA:1029,0
DA:1030,0
DA:1031,0
DA:1032,0
DA:1033,0
DA:1034,0
DA:1036,0
DA:1037,0
DA:1038,0
DA:1039,0
DA:1040,0
DA:1041,0
DA:1042,0
DA:1043,0
DA:1044,0
DA:1045,0
DA:1046,0
DA:1047,0
DA:1048,0
DA:1049,0
DA:1051,0
DA:1052,0
DA:1053,0
DA:1054,0
DA:1055,0
DA:1056,0
DA:1057,0
DA:1058,0
DA:1060,0
DA:1061,0
DA:1062,0
DA:1063,0
DA:1064,0
DA:1065,0
DA:1066,0
DA:1067,0
DA:1068,0
DA:1069,0
DA:1070,0
DA:1071,0
DA:1072,0
DA:1073,0
DA:1074,0
DA:1075,0
DA:1076,0
DA:1077,0
DA:1078,0
DA:1079,0
DA:1081,0
DA:1082,0
DA:1083,0
DA:1084,0
DA:1085,0
DA:1086,0
DA:1087,0
DA:1089,0
DA:1090,0
DA:1091,0
DA:1092,0
DA:1093,0
DA:1094,0
DA:1095,0
DA:1096,0
DA:1097,0
DA:1098,0
DA:1100,0
DA:1101,0
DA:1102,0
DA:1103,0
DA:1105,0
DA:1106,0
DA:1107,0
DA:1108,0
DA:1109,0
DA:1110,0
DA:1111,0
DA:1112,0
DA:1113,0
DA:1114,0
DA:1115,0
DA:1116,0
DA:1117,0
DA:1118,0
DA:1119,0
DA:1120,0
DA:1121,0
DA:1122,0
DA:1123,0
DA:1124,0
DA:1125,0
DA:1126,0
DA:1127,0
DA:1129,0
DA:1130,0
DA:1131,0
DA:1132,0
DA:1133,0
DA:1134,0
DA:1135,0
DA:1137,0
DA:1138,0
DA:1139,0
DA:1140,0
DA:1141,0
DA:1144,0
DA:1145,0
DA:1146,0
DA:1147,0
DA:1148,0
DA:1149,0
DA:1150,0
DA:1151,0
DA:1152,0
DA:1153,0
DA:1154,0
DA:1155,0
DA:1156,0
DA:1158,0
DA:1159,0
DA:1162,0
DA:1163,0
DA:1164,0
DA:1165,0
DA:1166,0
DA:1167,0
DA:1168,0
DA:1169,0
DA:1170,0
DA:1171,0
DA:1172,0
DA:1173,0
DA:1174,0
DA:1176,0
DA:1177,0
DA:1180,0
DA:1181,0
DA:1182,0
DA:1183,0
DA:1184,0
DA:1185,0
DA:1186,0
DA:1188,0
DA:1190,0
DA:1191,0
DA:1192,0
DA:1193,0
DA:1194,0
DA:1196,0
DA:1197,0
DA:1198,0
DA:1199,0
DA:1200,0
DA:1201,0
DA:1202,0
DA:1203,0
DA:1204,0
DA:1205,0
DA:1206,0
DA:1207,0
DA:1208,0
DA:1209,0
DA:1210,0
DA:1211,0
DA:1212,0
DA:1213,0
DA:1214,0
DA:1215,0
DA:1216,0
DA:1217,0
DA:1218,0
DA:1219,0
DA:1220,0
DA:1222,0
DA:1223,0
DA:1224,0
DA:1225,0
DA:1226,0
DA:1227,0
DA:1228,0
DA:1230,0
DA:1231,0
DA:1232,0
DA:1233,0
DA:1235,0
DA:1236,0
DA:1237,0
DA:1238,0
DA:1239,0
DA:1240,0
DA:1241,0
DA:1242,0
DA:1243,0
DA:1244,0
DA:1245,0
DA:1246,0
DA:1247,0
DA:1248,0
DA:1249,0
DA:1250,0
DA:1251,0
DA:1252,0
DA:1253,0
DA:1254,0
DA:1255,0
DA:1257,0
DA:1258,0
DA:1259,0
DA:1262,0
DA:1263,0
DA:1264,0
DA:1265,0
DA:1266,0
DA:1267,0
DA:1268,0
DA:1270,0
DA:1272,0
DA:1273,0
DA:1274,0
DA:1275,0
DA:1276,0
DA:1278,0
DA:1279,0
DA:1280,0
DA:1281,0
DA:1282,0
DA:1283,0
DA:1284,0
DA:1285,0
DA:1286,0
DA:1287,0
DA:1288,0
DA:1289,0
DA:1290,0
DA:1291,0
DA:1292,0
DA:1293,0
DA:1294,0
DA:1295,0
DA:1296,0
DA:1297,0
DA:1298,0
DA:1299,0
DA:1300,0
DA:1301,0
DA:1302,0
DA:1304,0
DA:1305,0
DA:1306,0
DA:1307,0
DA:1308,0
DA:1309,0
DA:1310,0
DA:1312,0
DA:1313,0
DA:1314,0
DA:1315,0
DA:1316,0
DA:1317,0
DA:1318,0
DA:1319,0
DA:1320,0
DA:1321,0
DA:1322,0
DA:1323,0
DA:1324,0
DA:1325,0
DA:1327,0
DA:1329,0
DA:1330,0
DA:1331,0
DA:1332,0
DA:1334,0
DA:1335,0
DA:1336,0
DA:1337,0
DA:1338,0
DA:1339,0
DA:1340,0
DA:1341,0
DA:1342,0
DA:1343,0
DA:1344,0
DA:1345,0
DA:1346,0
DA:1347,0
DA:1348,0
DA:1349,0
DA:1350,0
DA:1351,0
DA:1352,0
DA:1353,0
DA:1354,0
DA:1355,0
DA:1356,0
DA:1357,0
DA:1359,0
DA:1360,0
DA:1361,0
DA:1362,0
DA:1363,0
DA:1364,0
DA:1365,0
DA:1367,0
DA:1368,0
DA:1369,0
DA:1370,0
DA:1371,0
DA:1372,0
DA:1373,0
DA:1374,0
DA:1375,0
DA:1377,0
DA:1378,0
DA:1379,0
DA:1380,0
DA:1381,0
DA:1382,0
DA:1383,0
DA:1384,0
DA:1386,0
DA:1387,0
DA:1388,0
DA:1389,0
DA:1390,0
DA:1391,0
DA:1392,0
DA:1393,0
DA:1394,0
DA:1395,0
DA:1396,0
DA:1397,0
DA:1398,0
DA:1399,0
DA:1400,0
DA:1401,0
DA:1402,0
DA:1403,0
DA:1404,0
DA:1405,0
DA:1406,0
DA:1408,0
DA:1409,0
DA:1410,0
DA:1411,0
DA:1412,0
DA:1413,0
DA:1414,0
DA:1416,0
DA:1417,0
DA:1418,0
DA:1419,0
DA:1420,0
DA:1421,0
DA:1423,0
DA:1424,0
DA:1425,0
DA:1430,0
DA:1431,0
DA:1432,0
DA:1434,0
DA:1435,0
DA:1436,0
DA:1437,0
DA:1438,0
DA:1439,0
DA:1440,0
DA:1441,0
DA:1442,0
DA:1443,0
DA:1444,0
DA:1445,0
DA:1446,0
DA:1447,0
DA:1448,0
DA:1449,0
DA:1450,0
DA:1451,0
DA:1452,0
DA:1453,0
DA:1454,0
DA:1456,0
DA:1457,0
DA:1458,0
DA:1459,0
DA:1460,0
DA:1461,0
DA:1462,0
DA:1464,0
DA:1465,0
DA:1466,0
DA:1467,0
DA:1468,0
DA:1469,0
DA:1470,0
DA:1471,0
DA:1472,0
DA:1473,0
DA:1478,0
DA:1479,0
DA:1480,0
DA:1481,0
DA:1482,0
DA:1483,0
DA:1485,0
DA:1486,0
DA:1487,0
DA:1492,0
DA:1493,0
DA:1494,0
DA:1496,0
DA:1497,0
DA:1498,0
DA:1499,0
DA:1500,0
DA:1501,0
DA:1502,0
DA:1503,0
DA:1504,0
DA:1505,0
DA:1506,0
DA:1507,0
DA:1508,0
DA:1509,0
DA:1510,0
DA:1511,0
DA:1512,0
DA:1513,0
DA:1514,0
DA:1515,0
DA:1516,0
DA:1518,0
DA:1519,0
DA:1520,0
DA:1521,0
DA:1522,0
DA:1523,0
DA:1524,0
DA:1525,0
DA:1526,0
DA:1527,0
DA:1529,0
DA:1530,0
DA:1531,0
DA:1533,0
DA:1534,0
DA:1535,0
DA:1536,0
DA:1537,0
DA:1538,0
DA:1539,0
DA:1540,0
DA:1541,0
DA:1542,0
DA:1543,0
DA:1545,0
DA:1546,0
DA:1547,0
DA:1551,0
DA:1552,0
DA:1553,0
DA:1555,0
DA:1556,0
DA:1557,0
DA:1558,0
DA:1559,0
DA:1560,0
DA:1561,0
DA:1562,0
DA:1563,0
DA:1564,0
DA:1565,0
DA:1566,0
DA:1567,0
DA:1568,0
DA:1569,0
DA:1570,0
DA:1571,0
DA:1572,0
DA:1573,0
DA:1574,0
DA:1575,0
DA:1576,0
DA:1577,0
DA:1579,0
DA:1580,0
DA:1581,0
DA:1582,0
DA:1583,0
DA:1584,0
DA:1585,0
DA:1587,0
DA:1588,0
DA:1589,0
DA:1590,0
DA:1593,0
DA:1594,0
DA:1595,0
DA:1596,0
DA:1597,0
DA:1598,0
DA:1599,0
DA:1600,0
DA:1601,0
DA:1602,0
DA:1603,0
DA:1604,0
DA:1605,0
DA:1606,0
DA:1607,0
DA:1608,0
DA:1609,0
DA:1610,0
DA:1611,0
DA:1612,0
DA:1613,0
DA:1617,0
DA:1618,0
DA:1621,0
DA:1622,0
DA:1623,0
DA:1624,0
DA:1625,0
DA:1626,0
DA:1627,0
DA:1628,0
DA:1629,0
DA:1630,0
DA:1631,0
DA:1632,0
DA:1633,0
DA:1634,0
DA:1635,0
DA:1636,0
DA:1639,0
DA:1641,0
DA:1643,0
DA:1644,0
DA:1645,0
DA:1646,0
DA:1647,0
DA:1649,0
DA:1650,0
DA:1651,0
DA:1653,0
DA:1654,0
DA:1655,0
DA:1656,0
DA:1657,0
DA:1659,0
DA:1660,0
DA:1661,0
DA:1662,0
DA:1663,0
DA:1664,0
DA:1665,0
DA:1666,0
DA:1667,0
DA:1668,0
DA:1669,0
DA:1670,0
DA:1671,0
DA:1672,0
DA:1673,0
DA:1674,0
DA:1675,0
DA:1676,0
DA:1677,0
DA:1678,0
DA:1679,0
DA:1680,0
DA:1681,0
DA:1682,0
DA:1683,0
DA:1685,0
DA:1686,0
DA:1687,0
DA:1688,0
DA:1689,0
DA:1690,0
DA:1691,0
DA:1693,0
DA:1694,0
DA:1695,0
DA:1696,0
DA:1697,0
DA:1698,0
DA:1699,0
DA:1700,0
DA:1702,0
DA:1703,0
DA:1704,0
DA:1705,0
DA:1706,0
DA:1708,0
DA:1709,0
DA:1710,0
DA:1711,0
DA:1712,0
DA:1713,0
DA:1714,0
DA:1715,0
DA:1716,0
DA:1717,0
DA:1718,0
DA:1719,0
DA:1720,0
DA:1721,0
DA:1722,0
DA:1723,0
DA:1724,0
DA:1725,0
DA:1726,0
DA:1727,0
DA:1728,0
DA:1730,0
DA:1731,0
DA:1732,0
DA:1733,0
DA:1734,0
DA:1735,0
DA:1736,0
DA:1737,0
DA:1739,0
DA:1740,0
DA:1741,0
DA:1742,0
DA:1743,0
DA:1744,0
DA:1746,0
DA:1747,0
DA:1748,0
DA:1749,0
DA:1750,0
DA:1751,0
DA:1752,0
DA:1753,0
DA:1754,0
DA:1755,0
DA:1756,0
DA:1757,0
DA:1758,0
DA:1759,0
DA:1760,0
DA:1761,0
DA:1762,0
DA:1763,0
DA:1764,0
DA:1765,0
DA:1767,1
DA:1768,1
DA:1769,1
DA:1770,1
DA:1771,1
DA:1772,1
DA:1773,1
DA:1774,1
DA:1775,1
DA:1776,1
DA:1777,1
DA:1779,1
DA:1780,1
DA:1781,1
DA:1782,1
DA:1783,1
DA:1786,1
DA:1787,1
DA:1788,1
DA:1789,1
DA:1790,1
DA:1791,1
DA:1792,1
DA:1793,1
DA:1794,1
DA:1796,1
DA:1797,1
DA:1798,1
DA:1800,1
DA:1801,1
DA:1802,1
DA:1804,1
DA:1805,1
DA:1806,1
DA:1807,0
DA:1808,1
DA:1809,1
DA:1810,0
DA:1811,1
DA:1812,1
DA:1813,0
DA:1814,1
DA:1815,1
DA:1816,0
DA:1817,1
DA:1818,1
DA:1819,1
DA:1823,1
DA:1824,0
DA:1825,1
DA:1826,1
DA:1827,0
DA:1828,1
DA:1829,1
DA:1830,0
DA:1831,1
DA:1832,1
DA:1833,0
DA:1834,1
DA:1835,1
DA:1836,0
DA:1837,1
DA:1838,1
DA:1839,0
DA:1840,1
DA:1841,1
DA:1842,0
DA:1843,1
DA:1844,1
DA:1845,0
DA:1846,1
DA:1847,1
DA:1848,0
DA:1849,1
DA:1850,1
DA:1851,0
DA:1852,1
DA:1853,1
DA:1854,0
DA:1855,1
DA:1856,1
DA:1857,1
DA:1859,0
DA:1860,0
DA:1861,0
DA:1862,0
DA:1863,0
DA:1865,0
DA:1866,0
DA:1867,0
DA:1868,0
DA:1869,0
DA:1870,0
DA:1871,0
DA:1872,0
DA:1873,0
DA:1874,0
DA:1875,0
DA:1876,0
DA:1877,0
DA:1878,0
DA:1879,0
DA:1880,0
DA:1882,0
DA:1884,0
DA:1885,0
DA:1886,0
DA:1887,0
DA:1888,0
DA:1889,0
DA:1890,0
DA:1891,0
DA:1892,0
DA:1893,0
DA:1894,0
DA:1895,0
DA:1896,0
DA:1897,0
DA:1898,0
DA:1899,0
DA:1900,0
DA:1901,0
DA:1902,0
DA:1903,0
DA:1904,0
DA:1905,0
DA:1906,0
DA:1907,0
DA:1908,0
DA:1909,0
DA:1910,0
DA:1911,0
DA:1912,0
DA:1913,0
DA:1914,0
DA:1915,0
DA:1916,0
DA:1917,0
DA:1918,0
DA:1919,0
DA:1920,0
DA:1921,0
DA:1922,0
DA:1923,0
DA:1924,0
DA:1925,0
DA:1926,0
DA:1927,0
DA:1928,0
DA:1929,0
DA:1930,0
DA:1931,0
DA:1932,0
DA:1933,0
DA:1934,0
DA:1935,0
DA:1936,0
DA:1937,0
DA:1939,0
DA:1940,0
DA:1941,0
DA:1942,0
DA:1943,0
DA:1945,0
DA:1946,0
DA:1947,0
DA:1949,0
DA:1950,0
DA:1951,0
DA:1952,0
DA:1954,0
DA:1955,0
DA:1956,0
DA:1958,0
DA:1959,0
DA:1960,0
DA:1961,0
DA:1962,0
DA:1964,0
DA:1965,0
DA:1966,0
DA:1967,0
DA:1968,0
DA:1969,0
DA:1971,0
DA:1972,0
DA:1973,0
DA:1974,0
DA:1975,0
DA:1977,0
DA:1979,0
DA:1980,0
DA:1981,0
DA:1983,0
DA:1984,0
DA:1985,0
DA:1987,2
DA:1988,2
DA:1989,2
DA:1990,2
DA:1991,2
DA:1992,2
DA:1994,1
DA:1995,1
DA:1996,1
DA:1997,0
DA:1998,0
DA:1999,0
DA:2001,1
DA:2003,0
DA:2004,0
DA:2005,0
DA:2006,0
DA:2007,0
DA:2009,0
DA:2011,0
DA:2012,0
DA:2013,0
DA:2014,0
DA:2015,0
DA:2017,0
DA:2019,1
DA:2020,1
DA:2021,0
DA:2022,0
DA:2023,0
DA:2024,0
DA:2025,0
DA:2026,0
DA:2027,0
DA:2028,0
DA:2029,0
DA:2030,0
DA:2031,0
DA:2032,0
DA:2033,1
DA:2040,1
DA:2041,1
DA:2042,1
DA:2043,1
DA:2044,1
DA:2045,1
DA:2048,1
DA:2049,1
DA:2050,1
DA:2051,1
DA:2052,1
DA:2053,1
DA:2056,1
DA:2057,1
DA:2058,1
DA:2059,1
DA:2062,1
DA:2063,1
DA:2064,1
DA:2065,1
DA:2066,1
DA:2067,1
DA:2068,1
DA:2069,1
DA:2070,1
DA:2071,1
DA:2072,1
DA:2073,1
DA:2074,1
DA:2075,1
DA:2076,1
DA:2077,1
DA:2078,1
DA:2079,1
DA:2080,1
DA:2081,1
DA:2082,1
DA:2083,1
DA:2084,1
DA:2085,1
DA:2086,1
DA:2087,1
DA:2088,1
DA:2089,1
DA:2090,1
DA:2091,1
DA:2092,1
DA:2094,1
DA:2095,1
DA:2096,1
DA:2097,1
DA:2098,1
DA:2099,1
DA:2100,1
DA:2102,1
DA:2103,1
DA:2104,1
DA:2105,1
DA:2108,1
DA:2109,1
DA:2110,1
DA:2111,1
DA:2112,1
DA:2113,1
DA:2114,1
DA:2115,1
DA:2116,1
DA:2117,1
DA:2118,1
DA:2119,1
DA:2120,1
DA:2121,1
DA:2122,1
DA:2123,1
DA:2124,1
DA:2125,1
DA:2126,1
DA:2127,1
DA:2128,1
DA:2129,1
DA:2130,1
DA:2131,1
DA:2132,1
DA:2133,1
DA:2134,1
DA:2135,1
DA:2136,1
BRF:0
BRH:0
LF:1577
LH:231
end_of_record
SF:/home/liu/proj/toy-kv-engine/kv-engine/src/block.rs
FN:60,_RNCNvMNtCs9G0t2qE8rAk_9kv_engine5blockNtB4_5Block10encode_ref0B6_
FN:122,_RNCNvMNtCs9G0t2qE8rAk_9kv_engine5blockNtB4_5Block15decode_from_vec0B6_
FN:126,_RNCNvMNtCs9G0t2qE8rAk_9kv_engine5blockNtB4_5Block15decode_from_vecs0_0B6_
FN:125,_RNCNvMNtCs9G0t2qE8rAk_9kv_engine5blockNtB4_5Block15decode_from_vecs_0B6_
FN:86,_RNCNvMNtCs9G0t2qE8rAk_9kv_engine5blockNtB4_5Block6decode0B6_
FN:90,_RNCNvMNtCs9G0t2qE8rAk_9kv_engine5blockNtB4_5Block6decodes0_0B6_
FN:89,_RNCNvMNtCs9G0t2qE8rAk_9kv_engine5blockNtB4_5Block6decodes_0B6_
FN:38,_RNCNvMNtCs9G0t2qE8rAk_9kv_engine5blockNtB4_5Block6encode0B6_
FN:139,_RNvMNtCs9G0t2qE8rAk_9kv_engine5blockNtB2_5Block10data_sliceB4_
FN:49,_RNvMNtCs9G0t2qE8rAk_9kv_engine5blockNtB2_5Block10encode_ref
FN:102,_RNvMNtCs9G0t2qE8rAk_9kv_engine5blockNtB2_5Block15decode_from_vec
FN:67,_RNvMNtCs9G0t2qE8rAk_9kv_engine5blockNtB2_5Block6decode
FN:27,_RNvMNtCs9G0t2qE8rAk_9kv_engine5blockNtB2_5Block6encode
FN:139,_RNvMNtCshcgQatfXnqn_9kv_engine5blockNtB2_5Block10data_sliceB4_
FN:49,_RNvMNtCshcgQatfXnqn_9kv_engine5blockNtB2_5Block10encode_ref
FN:102,_RNvMNtCshcgQatfXnqn_9kv_engine5blockNtB2_5Block15decode_from_vec
FN:67,_RNvMNtCshcgQatfXnqn_9kv_engine5blockNtB2_5Block6decode
FN:27,_RNvMNtCshcgQatfXnqn_9kv_engine5blockNtB2_5Block6encode
FN:60,_RNCNvMNtCshcgQatfXnqn_9kv_engine5blockNtB4_5Block10encode_ref0B6_
FN:122,_RNCNvMNtCshcgQatfXnqn_9kv_engine5blockNtB4_5Block15decode_from_vec0B6_
FN:126,_RNCNvMNtCshcgQatfXnqn_9kv_engine5blockNtB4_5Block15decode_from_vecs0_0B6_
FN:125,_RNCNvMNtCshcgQatfXnqn_9kv_engine5blockNtB4_5Block15decode_from_vecs_0B6_
FN:86,_RNCNvMNtCshcgQatfXnqn_9kv_engine5blockNtB4_5Block6decode0B6_
FN:90,_RNCNvMNtCshcgQatfXnqn_9kv_engine5blockNtB4_5Block6decodes0_0B6_
FN:89,_RNCNvMNtCshcgQatfXnqn_9kv_engine5blockNtB4_5Block6decodes_0B6_
FN:38,_RNCNvMNtCshcgQatfXnqn_9kv_engine5blockNtB4_5Block6encode0B6_
FNDA:0,_RNCNvMNtCs9G0t2qE8rAk_9kv_engine5blockNtB4_5Block10encode_ref0B6_
FNDA:5244,_RNCNvMNtCs9G0t2qE8rAk_9kv_engine5blockNtB4_5Block15decode_from_vec0B6_
FNDA:5244,_RNCNvMNtCs9G0t2qE8rAk_9kv_engine5blockNtB4_5Block15decode_from_vecs0_0B6_
FNDA:2395,_RNCNvMNtCs9G0t2qE8rAk_9kv_engine5blockNtB4_5Block15decode_from_vecs_0B6_
FNDA:103,_RNCNvMNtCs9G0t2qE8rAk_9kv_engine5blockNtB4_5Block6decode0B6_
FNDA:103,_RNCNvMNtCs9G0t2qE8rAk_9kv_engine5blockNtB4_5Block6decodes0_0B6_
FNDA:101,_RNCNvMNtCs9G0t2qE8rAk_9kv_engine5blockNtB4_5Block6decodes_0B6_
FNDA:0,_RNCNvMNtCs9G0t2qE8rAk_9kv_engine5blockNtB4_5Block6encode0B6_
FNDA:5773,_RNvMNtCs9G0t2qE8rAk_9kv_engine5blockNtB2_5Block10data_sliceB4_
FNDA:4449,_RNvMNtCs9G0t2qE8rAk_9kv_engine5blockNtB2_5Block10encode_ref
FNDA:2853,_RNvMNtCs9G0t2qE8rAk_9kv_engine5blockNtB2_5Block15decode_from_vec
FNDA:5,_RNvMNtCs9G0t2qE8rAk_9kv_engine5blockNtB2_5Block6decode
FNDA:3320,_RNvMNtCs9G0t2qE8rAk_9kv_engine5blockNtB2_5Block6encode
FNDA:0,_RNvMNtCshcgQatfXnqn_9kv_engine5blockNtB2_5Block10data_sliceB4_
FNDA:0,_RNvMNtCshcgQatfXnqn_9kv_engine5blockNtB2_5Block10encode_ref
FNDA:0,_RNvMNtCshcgQatfXnqn_9kv_engine5blockNtB2_5Block15decode_from_vec
FNDA:0,_RNvMNtCshcgQatfXnqn_9kv_engine5blockNtB2_5Block6decode
FNDA:0,_RNvMNtCshcgQatfXnqn_9kv_engine5blockNtB2_5Block6encode
FNDA:0,_RNCNvMNtCshcgQatfXnqn_9kv_engine5blockNtB4_5Block10encode_ref0B6_
FNDA:0,_RNCNvMNtCshcgQatfXnqn_9kv_engine5blockNtB4_5Block15decode_from_vec0B6_
FNDA:0,_RNCNvMNtCshcgQatfXnqn_9kv_engine5blockNtB4_5Block15decode_from_vecs0_0B6_
FNDA:0,_RNCNvMNtCshcgQatfXnqn_9kv_engine5blockNtB4_5Block15decode_from_vecs_0B6_
FNDA:0,_RNCNvMNtCshcgQatfXnqn_9kv_engine5blockNtB4_5Block6decode0B6_
FNDA:0,_RNCNvMNtCshcgQatfXnqn_9kv_engine5blockNtB4_5Block6decodes0_0B6_
FNDA:0,_RNCNvMNtCshcgQatfXnqn_9kv_engine5blockNtB4_5Block6decodes_0B6_
FNDA:0,_RNCNvMNtCshcgQatfXnqn_9kv_engine5blockNtB4_5Block6encode0B6_
FNF:13
FNH:11
DA:27,3320
DA:28,3320
DA:29,3320
DA:30,3320
DA:31,4463
DA:32,4463
DA:33,4463
DA:34,3320
DA:35,3320
DA:36,3320
DA:37,3320
DA:38,3320
DA:39,3320
DA:41,3320
DA:42,3320
DA:49,4449
DA:50,4449
DA:51,4449
DA:52,4449
DA:53,18568
DA:54,18568
DA:55,18568
DA:56,4449
DA:57,4449
DA:58,4449
DA:59,4449
DA:60,4449
DA:61,4449
DA:63,4449
DA:64,4449
DA:67,5
DA:68,5
DA:69,5
DA:72,1
DA:74,4
DA:75,4
DA:76,4
DA:77,4
DA:79,2
DA:81,2
DA:83,2
DA:84,2
DA:85,2
DA:86,103
DA:87,2
DA:88,2
DA:89,101
DA:90,103
DA:94,2
DA:95,2
DA:96,2
DA:97,2
DA:98,5
DA:102,2853
DA:103,2853
DA:104,2853
DA:107,2
DA:109,2851
DA:110,2851
DA:111,2851
DA:112,2851
DA:114,2
DA:116,2849
DA:118,2849
DA:119,2849
DA:120,2849
DA:121,2849
DA:122,5244
DA:123,2849
DA:124,2849
DA:125,2849
DA:126,5244
DA:130,2849
DA:131,2849
DA:132,2849
DA:133,2849
DA:134,2853
DA:139,5773
DA:140,5773
DA:141,5773
BRF:0
BRH:0
LF:88
LH:86
end_of_record
SF:/home/liu/proj/toy-kv-engine/kv-engine/src/block/builder.rs
FN:54,_RNCNvMNtNtCs9G0t2qE8rAk_9kv_engine5block7builderNtB4_12BlockBuilder11overlap_len0B8_
FN:60,_RNCNvMNtNtCs9G0t2qE8rAk_9kv_engine5block7builderNtB4_12BlockBuilder11overlap_lens_0B8_
FN:79,_RNCNvMNtNtCs9G0t2qE8rAk_9kv_engine5block7builderNtB4_12BlockBuilder3add0B8_
FN:92,_RNCNvMNtNtCs9G0t2qE8rAk_9kv_engine5block7builderNtB4_12BlockBuilder3adds0_0B8_
FN:94,_RNCNvMNtNtCs9G0t2qE8rAk_9kv_engine5block7builderNtB4_12BlockBuilder3adds1_0B8_
FN:96,_RNCNvMNtNtCs9G0t2qE8rAk_9kv_engine5block7builderNtB4_12BlockBuilder3adds2_0B8_
FN:90,_RNCNvMNtNtCs9G0t2qE8rAk_9kv_engine5block7builderNtB4_12BlockBuilder3adds_0B8_
FN:149,_RNvMNtNtCs9G0t2qE8rAk_9kv_engine5block7builderNtB2_12BlockBuilder11num_entries
FN:45,_RNvMNtNtCs9G0t2qE8rAk_9kv_engine5block7builderNtB2_12BlockBuilder11overlap_len
FN:39,_RNvMNtNtCs9G0t2qE8rAk_9kv_engine5block7builderNtB2_12BlockBuilder12current_size
FN:68,_RNvMNtNtCs9G0t2qE8rAk_9kv_engine5block7builderNtB2_12BlockBuilder3add
FN:26,_RNvMNtNtCs9G0t2qE8rAk_9kv_engine5block7builderNtB2_12BlockBuilder3new
FN:154,_RNvMNtNtCs9G0t2qE8rAk_9kv_engine5block7builderNtB2_12BlockBuilder5build
FN:119,_RNvMNtNtCs9G0t2qE8rAk_9kv_engine5block7builderNtB2_12BlockBuilder6key_at
FN:144,_RNvMNtNtCs9G0t2qE8rAk_9kv_engine5block7builderNtB2_12BlockBuilder8is_empty
FN:149,_RNvMNtNtCshcgQatfXnqn_9kv_engine5block7builderNtB2_12BlockBuilder11num_entries
FN:45,_RNvMNtNtCshcgQatfXnqn_9kv_engine5block7builderNtB2_12BlockBuilder11overlap_len
FN:39,_RNvMNtNtCshcgQatfXnqn_9kv_engine5block7builderNtB2_12BlockBuilder12current_size
FN:68,_RNvMNtNtCshcgQatfXnqn_9kv_engine5block7builderNtB2_12BlockBuilder3add
FN:26,_RNvMNtNtCshcgQatfXnqn_9kv_engine5block7builderNtB2_12BlockBuilder3new
FN:154,_RNvMNtNtCshcgQatfXnqn_9kv_engine5block7builderNtB2_12BlockBuilder5build
FN:119,_RNvMNtNtCshcgQatfXnqn_9kv_engine5block7builderNtB2_12BlockBuilder6key_at
FN:144,_RNvMNtNtCshcgQatfXnqn_9kv_engine5block7builderNtB2_12BlockBuilder8is_empty
FN:54,_RNCNvMNtNtCshcgQatfXnqn_9kv_engine5block7builderNtB4_12BlockBuilder11overlap_len0B8_
FN:60,_RNCNvMNtNtCshcgQatfXnqn_9kv_engine5block7builderNtB4_12BlockBuilder11overlap_lens_0B8_
FN:79,_RNCNvMNtNtCshcgQatfXnqn_9kv_engine5block7builderNtB4_12BlockBuilder3add0B8_
FN:92,_RNCNvMNtNtCshcgQatfXnqn_9kv_engine5block7builderNtB4_12BlockBuilder3adds0_0B8_
FN:94,_RNCNvMNtNtCshcgQatfXnqn_9kv_engine5block7builderNtB4_12BlockBuilder3adds1_0B8_
FN:96,_RNCNvMNtNtCshcgQatfXnqn_9kv_engine5block7builderNtB4_12BlockBuilder3adds2_0B8_
FN:90,_RNCNvMNtNtCshcgQatfXnqn_9kv_engine5block7builderNtB4_12BlockBuilder3adds_0B8_
FNDA:9,_RNCNvMNtNtCs9G0t2qE8rAk_9kv_engine5block7builderNtB4_12BlockBuilder11overlap_len0B8_
FNDA:70350,_RNCNvMNtNtCs9G0t2qE8rAk_9kv_engine5block7builderNtB4_12BlockBuilder11overlap_lens_0B8_
FNDA:0,_RNCNvMNtNtCs9G0t2qE8rAk_9kv_engine5block7builderNtB4_12BlockBuilder3add0B8_
FNDA:0,_RNCNvMNtNtCs9G0t2qE8rAk_9kv_engine5block7builderNtB4_12BlockBuilder3adds0_0B8_
FNDA:0,_RNCNvMNtNtCs9G0t2qE8rAk_9kv_engine5block7builderNtB4_12BlockBuilder3adds1_0B8_
FNDA:0,_RNCNvMNtNtCs9G0t2qE8rAk_9kv_engine5block7builderNtB4_12BlockBuilder3adds2_0B8_
FNDA:0,_RNCNvMNtNtCs9G0t2qE8rAk_9kv_engine5block7builderNtB4_12BlockBuilder3adds_0B8_
FNDA:23356,_RNvMNtNtCs9G0t2qE8rAk_9kv_engine5block7builderNtB2_12BlockBuilder11num_entries
FNDA:15686,_RNvMNtNtCs9G0t2qE8rAk_9kv_engine5block7builderNtB2_12BlockBuilder11overlap_len
FNDA:23173,_RNvMNtNtCs9G0t2qE8rAk_9kv_engine5block7builderNtB2_12BlockBuilder12current_size
FNDA:30935,_RNvMNtNtCs9G0t2qE8rAk_9kv_engine5block7builderNtB2_12BlockBuilder3add
FNDA:7786,_RNvMNtNtCs9G0t2qE8rAk_9kv_engine5block7builderNtB2_12BlockBuilder3new
FNDA:7775,_RNvMNtNtCs9G0t2qE8rAk_9kv_engine5block7builderNtB2_12BlockBuilder5build
FNDA:15609,_RNvMNtNtCs9G0t2qE8rAk_9kv_engine5block7builderNtB2_12BlockBuilder6key_at
FNDA:54383,_RNvMNtNtCs9G0t2qE8rAk_9kv_engine5block7builderNtB2_12BlockBuilder8is_empty
FNDA:0,_RNvMNtNtCshcgQatfXnqn_9kv_engine5block7builderNtB2_12BlockBuilder11num_entries
FNDA:0,_RNvMNtNtCshcgQatfXnqn_9kv_engine5block7builderNtB2_12BlockBuilder11overlap_len
FNDA:0,_RNvMNtNtCshcgQatfXnqn_9kv_engine5block7builderNtB2_12BlockBuilder12current_size
FNDA:0,_RNvMNtNtCshcgQatfXnqn_9kv_engine5block7builderNtB2_12BlockBuilder3add
FNDA:0,_RNvMNtNtCshcgQatfXnqn_9kv_engine5block7builderNtB2_12BlockBuilder3new
FNDA:0,_RNvMNtNtCshcgQatfXnqn_9kv_engine5block7builderNtB2_12BlockBuilder5build
FNDA:0,_RNvMNtNtCshcgQatfXnqn_9kv_engine5block7builderNtB2_12BlockBuilder6key_at
FNDA:0,_RNvMNtNtCshcgQatfXnqn_9kv_engine5block7builderNtB2_12BlockBuilder8is_empty
FNDA:0,_RNCNvMNtNtCshcgQatfXnqn_9kv_engine5block7builderNtB4_12BlockBuilder11overlap_len0B8_
FNDA:0,_RNCNvMNtNtCshcgQatfXnqn_9kv_engine5block7builderNtB4_12BlockBuilder11overlap_lens_0B8_
FNDA:0,_RNCNvMNtNtCshcgQatfXnqn_9kv_engine5block7builderNtB4_12BlockBuilder3add0B8_
FNDA:0,_RNCNvMNtNtCshcgQatfXnqn_9kv_engine5block7builderNtB4_12BlockBuilder3adds0_0B8_
FNDA:0,_RNCNvMNtNtCshcgQatfXnqn_9kv_engine5block7builderNtB4_12BlockBuilder3adds1_0B8_
FNDA:0,_RNCNvMNtNtCshcgQatfXnqn_9kv_engine5block7builderNtB4_12BlockBuilder3adds2_0B8_
FNDA:0,_RNCNvMNtNtCshcgQatfXnqn_9kv_engine5block7builderNtB4_12BlockBuilder3adds_0B8_
FNF:15
FNH:10
DA:26,7786
DA:27,7786
DA:28,7786
DA:29,7786
DA:30,7786
DA:31,7786
DA:32,7786
DA:33,7786
DA:34,7786
DA:35,7786
DA:36,7786
DA:37,7786
DA:39,23173
DA:40,23173
DA:42,23173
DA:45,15686
DA:46,15686
DA:47,15686
DA:49,15686
DA:50,15686
DA:51,15686
DA:52,15686
DA:54,15686
DA:55,15686
DA:56,15686
DA:58,15686
DA:59,15686
DA:60,70350
DA:61,15686
DA:62,15686
DA:68,30935
DA:70,30935
DA:71,23173
DA:73,7487
DA:74,23448
DA:78,23448
DA:79,23448
DA:80,0
DA:81,0
DA:83,23448
DA:84,7762
DA:86,15686
DA:88,23448
DA:89,23448
DA:90,23448
DA:91,23448
DA:92,23448
DA:93,23448
DA:94,23448
DA:95,23448
DA:96,23448
DA:99,23448
DA:100,23448
DA:101,23448
DA:102,23448
DA:103,23448
DA:104,23448
DA:106,23448
DA:107,7762
DA:108,7762
DA:109,7762
DA:110,7762
DA:111,15686
DA:113,23448
DA:114,30935
DA:119,15609
DA:120,15609
DA:122,15608
DA:123,15608
DA:124,15608
DA:125,15608
DA:126,15608
DA:127,15608
DA:128,15608
DA:129,15608
DA:131,15608
DA:132,13433
DA:134,2175
DA:135,2175
DA:136,2175
DA:137,2175
DA:138,2175
DA:139,2175
DA:141,15608
DA:144,54383
DA:145,54383
DA:146,54383
DA:149,23356
DA:150,23356
DA:151,23356
DA:154,7775
DA:155,7775
DA:156,7775
DA:157,7775
DA:158,7775
DA:159,7775
BRF:0
BRH:0
LF:104
LH:96
end_of_record
SF:/home/liu/proj/toy-kv-engine/kv-engine/src/block/iterator.rs
FN:78,_RNvMNtNtCs9G0t2qE8rAk_9kv_engine5block8iteratorNtB2_13BlockIterator9raw_value
FN:94,_RNvMNtNtCs9G0t2qE8rAk_9kv_engine5block8iteratorNtB2_13BlockIterator11seek_to_idx
FN:172,_RNvMNtNtCs9G0t2qE8rAk_9kv_engine5block8iteratorNtB2_13BlockIterator11seek_to_key
FN:72,_RNvMNtNtCs9G0t2qE8rAk_9kv_engine5block8iteratorNtB2_13BlockIterator11value_bytes
FN:129,_RNvMNtNtCs9G0t2qE8rAk_9kv_engine5block8iteratorNtB2_13BlockIterator12cmp_entry_at
FN:35,_RNvMNtNtCs9G0t2qE8rAk_9kv_engine5block8iteratorNtB2_13BlockIterator13get_first_key
FN:89,_RNvMNtNtCs9G0t2qE8rAk_9kv_engine5block8iteratorNtB2_13BlockIterator13seek_to_first
FN:52,_RNvMNtNtCs9G0t2qE8rAk_9kv_engine5block8iteratorNtB2_13BlockIterator22create_and_seek_to_key
FN:44,_RNvMNtNtCs9G0t2qE8rAk_9kv_engine5block8iteratorNtB2_13BlockIterator24create_and_seek_to_first
FN:60,_RNvMNtNtCs9G0t2qE8rAk_9kv_engine5block8iteratorNtB2_13BlockIterator3key
FN:23,_RNvMNtNtCs9G0t2qE8rAk_9kv_engine5block8iteratorNtB2_13BlockIterator3new
FN:120,_RNvMNtNtCs9G0t2qE8rAk_9kv_engine5block8iteratorNtB2_13BlockIterator4next
FN:65,_RNvMNtNtCs9G0t2qE8rAk_9kv_engine5block8iteratorNtB2_13BlockIterator5value
FN:84,_RNvMNtNtCs9G0t2qE8rAk_9kv_engine5block8iteratorNtB2_13BlockIterator8is_valid
FN:94,_RNvMNtNtCshcgQatfXnqn_9kv_engine5block8iteratorNtB2_13BlockIterator11seek_to_idx
FN:172,_RNvMNtNtCshcgQatfXnqn_9kv_engine5block8iteratorNtB2_13BlockIterator11seek_to_key
FN:72,_RNvMNtNtCshcgQatfXnqn_9kv_engine5block8iteratorNtB2_13BlockIterator11value_bytes
FN:129,_RNvMNtNtCshcgQatfXnqn_9kv_engine5block8iteratorNtB2_13BlockIterator12cmp_entry_at
FN:35,_RNvMNtNtCshcgQatfXnqn_9kv_engine5block8iteratorNtB2_13BlockIterator13get_first_key
FN:89,_RNvMNtNtCshcgQatfXnqn_9kv_engine5block8iteratorNtB2_13BlockIterator13seek_to_first
FN:52,_RNvMNtNtCshcgQatfXnqn_9kv_engine5block8iteratorNtB2_13BlockIterator22create_and_seek_to_key
FN:44,_RNvMNtNtCshcgQatfXnqn_9kv_engine5block8iteratorNtB2_13BlockIterator24create_and_seek_to_first
FN:60,_RNvMNtNtCshcgQatfXnqn_9kv_engine5block8iteratorNtB2_13BlockIterator3key
FN:23,_RNvMNtNtCshcgQatfXnqn_9kv_engine5block8iteratorNtB2_13BlockIterator3new
FN:120,_RNvMNtNtCshcgQatfXnqn_9kv_engine5block8iteratorNtB2_13BlockIterator4next
FN:65,_RNvMNtNtCshcgQatfXnqn_9kv_engine5block8iteratorNtB2_13BlockIterator5value
FN:84,_RNvMNtNtCshcgQatfXnqn_9kv_engine5block8iteratorNtB2_13BlockIterator8is_valid
FN:78,_RNvMNtNtCshcgQatfXnqn_9kv_engine5block8iteratorNtB2_13BlockIterator9raw_value
FNDA:0,_RNvMNtNtCs9G0t2qE8rAk_9kv_engine5block8iteratorNtB2_13BlockIterator9raw_value
FNDA:15866,_RNvMNtNtCs9G0t2qE8rAk_9kv_engine5block8iteratorNtB2_13BlockIterator11seek_to_idx
FNDA:6976,_RNvMNtNtCs9G0t2qE8rAk_9kv_engine5block8iteratorNtB2_13BlockIterator11seek_to_key
FNDA:5773,_RNvMNtNtCs9G0t2qE8rAk_9kv_engine5block8iteratorNtB2_13BlockIterator11value_bytes
FNDA:16261,_RNvMNtNtCs9G0t2qE8rAk_9kv_engine5block8iteratorNtB2_13BlockIterator12cmp_entry_at
FNDA:10267,_RNvMNtNtCs9G0t2qE8rAk_9kv_engine5block8iteratorNtB2_13BlockIterator13get_first_key
FNDA:3801,_RNvMNtNtCs9G0t2qE8rAk_9kv_engine5block8iteratorNtB2_13BlockIterator13seek_to_first
FNDA:6471,_RNvMNtNtCs9G0t2qE8rAk_9kv_engine5block8iteratorNtB2_13BlockIterator22create_and_seek_to_key
FNDA:3796,_RNvMNtNtCs9G0t2qE8rAk_9kv_engine5block8iteratorNtB2_13BlockIterator24create_and_seek_to_first
FNDA:58607,_RNvMNtNtCs9G0t2qE8rAk_9kv_engine5block8iteratorNtB2_13BlockIterator3key
FNDA:10267,_RNvMNtNtCs9G0t2qE8rAk_9kv_engine5block8iteratorNtB2_13BlockIterator3new
FNDA:5089,_RNvMNtNtCs9G0t2qE8rAk_9kv_engine5block8iteratorNtB2_13BlockIterator4next
FNDA:10051,_RNvMNtNtCs9G0t2qE8rAk_9kv_engine5block8iteratorNtB2_13BlockIterator5value
FNDA:30177,_RNvMNtNtCs9G0t2qE8rAk_9kv_engine5block8iteratorNtB2_13BlockIterator8is_valid
FNDA:0,_RNvMNtNtCshcgQatfXnqn_9kv_engine5block8iteratorNtB2_13BlockIterator11seek_to_idx
FNDA:0,_RNvMNtNtCshcgQatfXnqn_9kv_engine5block8iteratorNtB2_13BlockIterator11seek_to_key
FNDA:0,_RNvMNtNtCshcgQatfXnqn_9kv_engine5block8iteratorNtB2_13BlockIterator11value_bytes
FNDA:0,_RNvMNtNtCshcgQatfXnqn_9kv_engine5block8iteratorNtB2_13BlockIterator12cmp_entry_at
FNDA:0,_RNvMNtNtCshcgQatfXnqn_9kv_engine5block8iteratorNtB2_13BlockIterator13get_first_key
FNDA:0,_RNvMNtNtCshcgQatfXnqn_9kv_engine5block8iteratorNtB2_13BlockIterator13seek_to_first
FNDA:0,_RNvMNtNtCshcgQatfXnqn_9kv_engine5block8iteratorNtB2_13BlockIterator22create_and_seek_to_key
FNDA:0,_RNvMNtNtCshcgQatfXnqn_9kv_engine5block8iteratorNtB2_13BlockIterator24create_and_seek_to_first
FNDA:0,_RNvMNtNtCshcgQatfXnqn_9kv_engine5block8iteratorNtB2_13BlockIterator3key
FNDA:0,_RNvMNtNtCshcgQatfXnqn_9kv_engine5block8iteratorNtB2_13BlockIterator3new
FNDA:0,_RNvMNtNtCshcgQatfXnqn_9kv_engine5block8iteratorNtB2_13BlockIterator4next
FNDA:0,_RNvMNtNtCshcgQatfXnqn_9kv_engine5block8iteratorNtB2_13BlockIterator5value
FNDA:0,_RNvMNtNtCshcgQatfXnqn_9kv_engine5block8iteratorNtB2_13BlockIterator8is_valid
FNDA:0,_RNvMNtNtCshcgQatfXnqn_9kv_engine5block8iteratorNtB2_13BlockIterator9raw_value
FNF:14
FNH:13
DA:23,10267
DA:24,10267
DA:26,10267
DA:27,10267
DA:28,10267
DA:29,10267
DA:30,10267
DA:31,10267
DA:32,10267
DA:33,10267
DA:35,10267
DA:36,10267
DA:37,10267
DA:38,10267
DA:40,10267
DA:41,10267
DA:44,3796
DA:45,3796
DA:46,3796
DA:48,3796
DA:49,3796
DA:52,6471
DA:53,6471
DA:54,6471
DA:56,6471
DA:57,6471
DA:60,58607
DA:61,58607
DA:62,58607
DA:65,10051
DA:66,10051
DA:67,10051
DA:72,5773
DA:73,5773
DA:74,5773
DA:75,5773
DA:78,0
DA:79,0
DA:80,0
DA:84,30177
DA:85,30177
DA:86,30177
DA:89,3801
DA:90,3801
DA:91,3801
DA:94,15866
DA:95,15866
DA:97,15866
DA:98,3813
DA:99,3813
DA:100,3813
DA:101,12053
DA:103,12053
DA:104,12053
DA:105,12053
DA:106,12053
DA:107,12053
DA:108,12053
DA:109,12053
DA:110,12053
DA:111,12053
DA:112,12053
DA:113,12053
DA:114,12053
DA:115,12053
DA:116,12053
DA:117,15866
DA:120,5089
DA:121,5089
DA:122,5089
DA:123,5089
DA:129,16261
DA:130,16261
DA:131,16261
DA:132,16261
DA:133,16261
DA:135,0
DA:136,0
DA:138,16261
DA:139,16261
DA:140,16261
DA:141,16261
DA:142,16261
DA:144,0
DA:146,16261
DA:152,16261
DA:153,16261
DA:154,16261
DA:155,16261
DA:156,15833
DA:157,428
DA:161,15833
DA:162,30
DA:163,15803
DA:166,15803
DA:167,16261
DA:172,6976
DA:173,6976
DA:174,6976
DA:175,6976
DA:176,6976
DA:177,22825
DA:178,16261
DA:179,16261
DA:180,5373
DA:181,10476
DA:183,412
DA:184,412
DA:189,6976
DA:190,6976
BRF:0
BRH:0
LF:110
LH:104
end_of_record
SF:/home/liu/proj/toy-kv-engine/kv-engine/src/cache.rs
FN:314,_RNvNtNtCs9G0t2qE8rAk_9kv_engine5cache5tests10make_block
FN:581,_RNvNtNtCs9G0t2qE8rAk_9kv_engine5cache5testss_26value_cache_insert_and_get
FN:398,_RNvNtNtCs9G0t2qE8rAk_9kv_engine5cache5testss_27block_cache_invalidate_ssts
FN:617,_RNvNtNtCs9G0t2qE8rAk_9kv_engine5cache5testss_27value_cache_invalidate_file
FN:368,_RNvNtNtCs9G0t2qE8rAk_9kv_engine5cache5testss_28block_cache_try_get_with_hit
FN:326,_RNvNtNtCs9G0t2qE8rAk_9kv_engine5cache5testss_31block_cache_new_clamps_capacity
FN:548,_RNvNtNtCs9G0t2qE8rAk_9kv_engine5cache5testss_34block_cache_backfill_empty_is_noop
FN:528,_RNvNtNtCs9G0t2qE8rAk_9kv_engine5cache5testss_35block_cache_backfill_inserts_blocks
FN:356,_RNvNtNtCs9G0t2qE8rAk_9kv_engine5cache5testss_38block_cache_different_keys_independent
FN:334,_RNvNtNtCs9G0t2qE8rAk_9kv_engine5cache5testss_38block_cache_get_or_insert_hit_and_miss
FN:417,_RNvNtNtCs9G0t2qE8rAk_9kv_engine5cache5testss_38block_cache_invalidate_unknown_id_noop
FN:607,_RNvNtNtCs9G0t2qE8rAk_9kv_engine5cache5testss_38value_cache_weight_exceeds_u16_skipped
FN:589,_RNvNtNtCs9G0t2qE8rAk_9kv_engine5cache5testss_39value_cache_weight_clamping_small_value
FN:630,_RNvNtNtCs9G0t2qE8rAk_9kv_engine5cache5testss_40value_cache_invalidate_unknown_file_noop
FN:459,_RNvNtNtCs9G0t2qE8rAk_9kv_engine5cache5testss_41block_cache_try_get_with_concurrent_error
FN:380,_RNvNtNtCs9G0t2qE8rAk_9kv_engine5cache5testss_41block_cache_try_get_with_error_propagates
FN:597,_RNvNtNtCs9G0t2qE8rAk_9kv_engine5cache5testss_41value_cache_weight_exceeds_budget_skipped
FN:427,_RNvNtNtCs9G0t2qE8rAk_9kv_engine5cache5testss_42block_cache_single_flight_coalesces_misses
FN:650,_RNvNtNtCs9G0t2qE8rAk_9kv_engine5cache5testss_44value_cache_concurrent_insert_and_invalidate
FN:555,_RNvNtNtCs9G0t2qE8rAk_9kv_engine5cache5testss_45block_cache_entry_count_drifts_after_eviction
FN:497,_RNvNtNtCs9G0t2qE8rAk_9kv_engine5cache5testss_46block_cache_try_get_with_single_flight_success
FN:638,_RNvNtNtCs9G0t2qE8rAk_9kv_engine5cache5testss_47value_cache_duplicate_key_updates_reverse_index
FN:120,_RINvMNtCs9G0t2qE8rAk_9kv_engine5cacheNtB3_10BlockCache12try_get_withNCNCNCNvNtB3_5testss_41block_cache_try_get_with_concurrent_error000ReEB5_
FN:120,_RINvMNtCs9G0t2qE8rAk_9kv_engine5cacheNtB3_10BlockCache12try_get_withNCNCNCNvNtB3_5testss_46block_cache_try_get_with_single_flight_success000ReEB5_
FN:120,_RINvMNtCs9G0t2qE8rAk_9kv_engine5cacheNtB3_10BlockCache12try_get_withNCNvMs1_NtB5_5tableNtB1c_7SsTable17read_block_cached0NtCs9i9VuZPdG6Z_6anyhow5ErrorEB5_
FN:120,_RINvMNtCs9G0t2qE8rAk_9kv_engine5cacheNtB3_10BlockCache12try_get_withNCNvNtB3_5testss_28block_cache_try_get_with_hit0NtNtCs2TrN21NlPz_5alloc6string6StringEB5_
FN:120,_RINvMNtCs9G0t2qE8rAk_9kv_engine5cacheNtB3_10BlockCache12try_get_withNCNvNtB3_5testss_28block_cache_try_get_with_hits_0NtNtCs2TrN21NlPz_5alloc6string6StringEB5_
FN:120,_RINvMNtCs9G0t2qE8rAk_9kv_engine5cacheNtB3_10BlockCache12try_get_withNCNvNtB3_5testss_41block_cache_try_get_with_concurrent_errors_0ReEB5_
FN:120,_RINvMNtCs9G0t2qE8rAk_9kv_engine5cacheNtB3_10BlockCache12try_get_withNCNvNtB3_5testss_41block_cache_try_get_with_error_propagates0ReEB5_
FN:120,_RINvMNtCs9G0t2qE8rAk_9kv_engine5cacheNtB3_10BlockCache12try_get_withNCNvNtB3_5testss_41block_cache_try_get_with_error_propagatess_0ReEB5_
FN:71,_RINvMNtCs9G0t2qE8rAk_9kv_engine5cacheNtB3_10BlockCache13get_or_insertNCNCNCNvNtB3_5testss_42block_cache_single_flight_coalesces_misses000EB5_
FN:71,_RINvMNtCs9G0t2qE8rAk_9kv_engine5cacheNtB3_10BlockCache13get_or_insertNCNvNtB3_5testss_27block_cache_invalidate_ssts0EB5_
FN:71,_RINvMNtCs9G0t2qE8rAk_9kv_engine5cacheNtB3_10BlockCache13get_or_insertNCNvNtB3_5testss_27block_cache_invalidate_sstss0_0EB5_
FN:71,_RINvMNtCs9G0t2qE8rAk_9kv_engine5cacheNtB3_10BlockCache13get_or_insertNCNvNtB3_5testss_27block_cache_invalidate_sstss_0EB5_
FN:71,_RINvMNtCs9G0t2qE8rAk_9kv_engine5cacheNtB3_10BlockCache13get_or_insertNCNvNtB3_5testss_31block_cache_new_clamps_capacity0EB5_
FN:71,_RINvMNtCs9G0t2qE8rAk_9kv_engine5cacheNtB3_10BlockCache13get_or_insertNCNvNtB3_5testss_38block_cache_different_keys_independent0EB5_
FN:71,_RINvMNtCs9G0t2qE8rAk_9kv_engine5cacheNtB3_10BlockCache13get_or_insertNCNvNtB3_5testss_38block_cache_different_keys_independents0_0EB5_
FN:71,_RINvMNtCs9G0t2qE8rAk_9kv_engine5cacheNtB3_10BlockCache13get_or_insertNCNvNtB3_5testss_38block_cache_different_keys_independents_0EB5_
FN:71,_RINvMNtCs9G0t2qE8rAk_9kv_engine5cacheNtB3_10BlockCache13get_or_insertNCNvNtB3_5testss_38block_cache_get_or_insert_hit_and_miss0EB5_
FN:71,_RINvMNtCs9G0t2qE8rAk_9kv_engine5cacheNtB3_10BlockCache13get_or_insertNCNvNtB3_5testss_38block_cache_get_or_insert_hit_and_misss_0EB5_
FN:71,_RINvMNtCs9G0t2qE8rAk_9kv_engine5cacheNtB3_10BlockCache13get_or_insertNCNvNtB3_5testss_38block_cache_invalidate_unknown_id_noop0EB5_
FN:71,_RINvMNtCs9G0t2qE8rAk_9kv_engine5cacheNtB3_10BlockCache13get_or_insertNCNvNtB3_5testss_45block_cache_entry_count_drifts_after_eviction0EB5_
FN:136,_RNCINvMNtCs9G0t2qE8rAk_9kv_engine5cacheNtB5_10BlockCache12try_get_withNCNCNCNvNtB5_5testss_41block_cache_try_get_with_concurrent_error000ReE0B7_
FN:151,_RNCINvMNtCs9G0t2qE8rAk_9kv_engine5cacheNtB5_10BlockCache12try_get_withNCNCNCNvNtB5_5testss_41block_cache_try_get_with_concurrent_error000ReEs_0B7_
FN:136,_RNCINvMNtCs9G0t2qE8rAk_9kv_engine5cacheNtB5_10BlockCache12try_get_withNCNCNCNvNtB5_5testss_46block_cache_try_get_with_single_flight_success000ReE0B7_
FN:151,_RNCINvMNtCs9G0t2qE8rAk_9kv_engine5cacheNtB5_10BlockCache12try_get_withNCNCNCNvNtB5_5testss_46block_cache_try_get_with_single_flight_success000ReEs_0B7_
FN:136,_RNCINvMNtCs9G0t2qE8rAk_9kv_engine5cacheNtB5_10BlockCache12try_get_withNCNvMs1_NtB7_5tableNtB1e_7SsTable17read_block_cached0NtCs9i9VuZPdG6Z_6anyhow5ErrorE0B7_
FN:151,_RNCINvMNtCs9G0t2qE8rAk_9kv_engine5cacheNtB5_10BlockCache12try_get_withNCNvMs1_NtB7_5tableNtB1e_7SsTable17read_block_cached0NtCs9i9VuZPdG6Z_6anyhow5ErrorEs_0B7_
FN:136,_RNCINvMNtCs9G0t2qE8rAk_9kv_engine5cacheNtB5_10BlockCache12try_get_withNCNvNtB5_5testss_28block_cache_try_get_with_hit0NtNtCs2TrN21NlPz_5alloc6string6StringE0B7_
FN:151,_RNCINvMNtCs9G0t2qE8rAk_9kv_engine5cacheNtB5_10BlockCache12try_get_withNCNvNtB5_5testss_28block_cache_try_get_with_hit0NtNtCs2TrN21NlPz_5alloc6string6StringEs_0B7_
FN:136,_RNCINvMNtCs9G0t2qE8rAk_9kv_engine5cacheNtB5_10BlockCache12try_get_withNCNvNtB5_5testss_28block_cache_try_get_with_hits_0NtNtCs2TrN21NlPz_5alloc6string6StringE0B7_
FN:151,_RNCINvMNtCs9G0t2qE8rAk_9kv_engine5cacheNtB5_10BlockCache12try_get_withNCNvNtB5_5testss_28block_cache_try_get_with_hits_0NtNtCs2TrN21NlPz_5alloc6string6StringEs_0B7_
FN:136,_RNCINvMNtCs9G0t2qE8rAk_9kv_engine5cacheNtB5_10BlockCache12try_get_withNCNvNtB5_5testss_41block_cache_try_get_with_concurrent_errors_0ReE0B7_
FN:151,_RNCINvMNtCs9G0t2qE8rAk_9kv_engine5cacheNtB5_10BlockCache12try_get_withNCNvNtB5_5testss_41block_cache_try_get_with_concurrent_errors_0ReEs_0B7_
FN:136,_RNCINvMNtCs9G0t2qE8rAk_9kv_engine5cacheNtB5_10BlockCache12try_get_withNCNvNtB5_5testss_41block_cache_try_get_with_error_propagates0ReE0B7_
FN:151,_RNCINvMNtCs9G0t2qE8rAk_9kv_engine5cacheNtB5_10BlockCache12try_get_withNCNvNtB5_5testss_41block_cache_try_get_with_error_propagates0ReEs_0B7_
FN:136,_RNCINvMNtCs9G0t2qE8rAk_9kv_engine5cacheNtB5_10BlockCache12try_get_withNCNvNtB5_5testss_41block_cache_try_get_with_error_propagatess_0ReE0B7_
FN:151,_RNCINvMNtCs9G0t2qE8rAk_9kv_engine5cacheNtB5_10BlockCache12try_get_withNCNvNtB5_5testss_41block_cache_try_get_with_error_propagatess_0ReEs_0B7_
FN:89,_RNCINvMNtCs9G0t2qE8rAk_9kv_engine5cacheNtB5_10BlockCache13get_or_insertNCNCNCNvNtB5_5testss_42block_cache_single_flight_coalesces_misses000E0B7_
FN:104,_RNCINvMNtCs9G0t2qE8rAk_9kv_engine5cacheNtB5_10BlockCache13get_or_insertNCNCNCNvNtB5_5testss_42block_cache_single_flight_coalesces_misses000Es_0B7_
FN:89,_RNCINvMNtCs9G0t2qE8rAk_9kv_engine5cacheNtB5_10BlockCache13get_or_insertNCNvNtB5_5testss_27block_cache_invalidate_ssts0E0B7_
FN:104,_RNCINvMNtCs9G0t2qE8rAk_9kv_engine5cacheNtB5_10BlockCache13get_or_insertNCNvNtB5_5testss_27block_cache_invalidate_ssts0Es_0B7_
FN:89,_RNCINvMNtCs9G0t2qE8rAk_9kv_engine5cacheNtB5_10BlockCache13get_or_insertNCNvNtB5_5testss_27block_cache_invalidate_sstss0_0E0B7_
FN:104,_RNCINvMNtCs9G0t2qE8rAk_9kv_engine5cacheNtB5_10BlockCache13get_or_insertNCNvNtB5_5testss_27block_cache_invalidate_sstss0_0Es_0B7_
FN:89,_RNCINvMNtCs9G0t2qE8rAk_9kv_engine5cacheNtB5_10BlockCache13get_or_insertNCNvNtB5_5testss_27block_cache_invalidate_sstss_0E0B7_
FN:104,_RNCINvMNtCs9G0t2qE8rAk_9kv_engine5cacheNtB5_10BlockCache13get_or_insertNCNvNtB5_5testss_27block_cache_invalidate_sstss_0Es_0B7_
FN:89,_RNCINvMNtCs9G0t2qE8rAk_9kv_engine5cacheNtB5_10BlockCache13get_or_insertNCNvNtB5_5testss_31block_cache_new_clamps_capacity0E0B7_
FN:104,_RNCINvMNtCs9G0t2qE8rAk_9kv_engine5cacheNtB5_10BlockCache13get_or_insertNCNvNtB5_5testss_31block_cache_new_clamps_capacity0Es_0B7_
FN:89,_RNCINvMNtCs9G0t2qE8rAk_9kv_engine5cacheNtB5_10BlockCache13get_or_insertNCNvNtB5_5testss_38block_cache_different_keys_independent0E0B7_
FN:104,_RNCINvMNtCs9G0t2qE8rAk_9kv_engine5cacheNtB5_10BlockCache13get_or_insertNCNvNtB5_5testss_38block_cache_different_keys_independent0Es_0B7_
FN:89,_RNCINvMNtCs9G0t2qE8rAk_9kv_engine5cacheNtB5_10BlockCache13get_or_insertNCNvNtB5_5testss_38block_cache_different_keys_independents0_0E0B7_
FN:104,_RNCINvMNtCs9G0t2qE8rAk_9kv_engine5cacheNtB5_10BlockCache13get_or_insertNCNvNtB5_5testss_38block_cache_different_keys_independents0_0Es_0B7_
FN:89,_RNCINvMNtCs9G0t2qE8rAk_9kv_engine5cacheNtB5_10BlockCache13get_or_insertNCNvNtB5_5testss_38block_cache_different_keys_independents_0E0B7_
FN:104,_RNCINvMNtCs9G0t2qE8rAk_9kv_engine5cacheNtB5_10BlockCache13get_or_insertNCNvNtB5_5testss_38block_cache_different_keys_independents_0Es_0B7_
FN:89,_RNCINvMNtCs9G0t2qE8rAk_9kv_engine5cacheNtB5_10BlockCache13get_or_insertNCNvNtB5_5testss_38block_cache_get_or_insert_hit_and_miss0E0B7_
FN:104,_RNCINvMNtCs9G0t2qE8rAk_9kv_engine5cacheNtB5_10BlockCache13get_or_insertNCNvNtB5_5testss_38block_cache_get_or_insert_hit_and_miss0Es_0B7_
FN:89,_RNCINvMNtCs9G0t2qE8rAk_9kv_engine5cacheNtB5_10BlockCache13get_or_insertNCNvNtB5_5testss_38block_cache_get_or_insert_hit_and_misss_0E0B7_
FN:104,_RNCINvMNtCs9G0t2qE8rAk_9kv_engine5cacheNtB5_10BlockCache13get_or_insertNCNvNtB5_5testss_38block_cache_get_or_insert_hit_and_misss_0Es_0B7_
FN:89,_RNCINvMNtCs9G0t2qE8rAk_9kv_engine5cacheNtB5_10BlockCache13get_or_insertNCNvNtB5_5testss_38block_cache_invalidate_unknown_id_noop0E0B7_
FN:104,_RNCINvMNtCs9G0t2qE8rAk_9kv_engine5cacheNtB5_10BlockCache13get_or_insertNCNvNtB5_5testss_38block_cache_invalidate_unknown_id_noop0Es_0B7_
FN:89,_RNCINvMNtCs9G0t2qE8rAk_9kv_engine5cacheNtB5_10BlockCache13get_or_insertNCNvNtB5_5testss_45block_cache_entry_count_drifts_after_eviction0E0B7_
FN:104,_RNCINvMNtCs9G0t2qE8rAk_9kv_engine5cacheNtB5_10BlockCache13get_or_insertNCNvNtB5_5testss_45block_cache_entry_count_drifts_after_eviction0Es_0B7_
FN:169,_RNCNvMNtCs9G0t2qE8rAk_9kv_engine5cacheNtB4_10BlockCache15invalidate_ssts0B6_
FN:220,_RNCNvMNtCs9G0t2qE8rAk_9kv_engine5cacheNtB4_10BlockCache8backfill0B6_
FN:471,_RNCNCNCNvNtNtCs9G0t2qE8rAk_9kv_engine5cache5testss_41block_cache_try_get_with_concurrent_error000Bb_
FN:439,_RNCNCNCNvNtNtCs9G0t2qE8rAk_9kv_engine5cache5testss_42block_cache_single_flight_coalesces_misses000Bb_
FN:509,_RNCNCNCNvNtNtCs9G0t2qE8rAk_9kv_engine5cache5testss_46block_cache_try_get_with_single_flight_success000Bb_
FN:469,_RNCNCNvNtNtCs9G0t2qE8rAk_9kv_engine5cache5testss_41block_cache_try_get_with_concurrent_error00B9_
FN:437,_RNCNCNvNtNtCs9G0t2qE8rAk_9kv_engine5cache5testss_42block_cache_single_flight_coalesces_misses00B9_
FN:658,_RNCNCNvNtNtCs9G0t2qE8rAk_9kv_engine5cache5testss_44value_cache_concurrent_insert_and_invalidate00B9_
FN:507,_RNCNCNvNtNtCs9G0t2qE8rAk_9kv_engine5cache5testss_46block_cache_try_get_with_single_flight_success00B9_
FN:400,_RNCNvNtNtCs9G0t2qE8rAk_9kv_engine5cache5testss_27block_cache_invalidate_ssts0B7_
FN:402,_RNCNvNtNtCs9G0t2qE8rAk_9kv_engine5cache5testss_27block_cache_invalidate_sstss0_0B7_
FN:401,_RNCNvNtNtCs9G0t2qE8rAk_9kv_engine5cache5testss_27block_cache_invalidate_sstss_0B7_
FN:370,_RNCNvNtNtCs9G0t2qE8rAk_9kv_engine5cache5testss_28block_cache_try_get_with_hit0B7_
FN:375,_RNCNvNtNtCs9G0t2qE8rAk_9kv_engine5cache5testss_28block_cache_try_get_with_hits_0B7_
FN:329,_RNCNvNtNtCs9G0t2qE8rAk_9kv_engine5cache5testss_31block_cache_new_clamps_capacity0B7_
FN:530,_RNCNvNtNtCs9G0t2qE8rAk_9kv_engine5cache5testss_35block_cache_backfill_inserts_blocks0B7_
FN:358,_RNCNvNtNtCs9G0t2qE8rAk_9kv_engine5cache5testss_38block_cache_different_keys_independent0B7_
FN:360,_RNCNvNtNtCs9G0t2qE8rAk_9kv_engine5cache5testss_38block_cache_different_keys_independents0_0B7_
FN:359,_RNCNvNtNtCs9G0t2qE8rAk_9kv_engine5cache5testss_38block_cache_different_keys_independents_0B7_
FN:339,_RNCNvNtNtCs9G0t2qE8rAk_9kv_engine5cache5testss_38block_cache_get_or_insert_hit_and_miss0B7_
FN:347,_RNCNvNtNtCs9G0t2qE8rAk_9kv_engine5cache5testss_38block_cache_get_or_insert_hit_and_misss_0B7_
FN:419,_RNCNvNtNtCs9G0t2qE8rAk_9kv_engine5cache5testss_38block_cache_invalidate_unknown_id_noop0B7_
FN:465,_RNCNvNtNtCs9G0t2qE8rAk_9kv_engine5cache5testss_41block_cache_try_get_with_concurrent_error0B7_
FN:491,_RNCNvNtNtCs9G0t2qE8rAk_9kv_engine5cache5testss_41block_cache_try_get_with_concurrent_errors_0B7_
FN:392,_RNCNvNtNtCs9G0t2qE8rAk_9kv_engine5cache5testss_41block_cache_try_get_with_error_propagatess_0B7_
FN:433,_RNCNvNtNtCs9G0t2qE8rAk_9kv_engine5cache5testss_42block_cache_single_flight_coalesces_misses0B7_
FN:655,_RNCNvNtNtCs9G0t2qE8rAk_9kv_engine5cache5testss_44value_cache_concurrent_insert_and_invalidate0B7_
FN:560,_RNCNvNtNtCs9G0t2qE8rAk_9kv_engine5cache5testss_45block_cache_entry_count_drifts_after_eviction0B7_
FN:568,_RNCNvNtNtCs9G0t2qE8rAk_9kv_engine5cache5testss_45block_cache_entry_count_drifts_after_evictions_0B7_
FN:503,_RNCNvNtNtCs9G0t2qE8rAk_9kv_engine5cache5testss_46block_cache_try_get_with_single_flight_success0B7_
FN:193,_RNvMNtCs9G0t2qE8rAk_9kv_engine5cacheNtB2_10BlockCache11entry_count
FN:164,_RNvMNtCs9G0t2qE8rAk_9kv_engine5cacheNtB2_10BlockCache15invalidate_ssts
FN:56,_RNvMNtCs9G0t2qE8rAk_9kv_engine5cacheNtB2_10BlockCache3new
FN:203,_RNvMNtCs9G0t2qE8rAk_9kv_engine5cacheNtB2_10BlockCache8backfill
FN:269,_RNvMs_NtCs9G0t2qE8rAk_9kv_engine5cacheNtB4_10ValueCache12value_weight
FN:297,_RNvMs_NtCs9G0t2qE8rAk_9kv_engine5cacheNtB4_10ValueCache15invalidate_file
FN:278,_RNvMs_NtCs9G0t2qE8rAk_9kv_engine5cacheNtB4_10ValueCache3get
FN:251,_RNvMs_NtCs9G0t2qE8rAk_9kv_engine5cacheNtB4_10ValueCache3new
FN:285,_RNvMs_NtCs9G0t2qE8rAk_9kv_engine5cacheNtB4_10ValueCache6insert
FN:193,_RNvMNtCshcgQatfXnqn_9kv_engine5cacheNtB2_10BlockCache11entry_count
FN:164,_RNvMNtCshcgQatfXnqn_9kv_engine5cacheNtB2_10BlockCache15invalidate_ssts
FN:56,_RNvMNtCshcgQatfXnqn_9kv_engine5cacheNtB2_10BlockCache3new
FN:203,_RNvMNtCshcgQatfXnqn_9kv_engine5cacheNtB2_10BlockCache8backfill
FN:269,_RNvMs_NtCshcgQatfXnqn_9kv_engine5cacheNtB4_10ValueCache12value_weight
FN:297,_RNvMs_NtCshcgQatfXnqn_9kv_engine5cacheNtB4_10ValueCache15invalidate_file
FN:278,_RNvMs_NtCshcgQatfXnqn_9kv_engine5cacheNtB4_10ValueCache3get
FN:251,_RNvMs_NtCshcgQatfXnqn_9kv_engine5cacheNtB4_10ValueCache3new
FN:285,_RNvMs_NtCshcgQatfXnqn_9kv_engine5cacheNtB4_10ValueCache6insert
FN:71,_RINvMNtCshcgQatfXnqn_9kv_engine5cacheNtB3_10BlockCache13get_or_insertpEB5_
FN:89,_RNCINvMNtCshcgQatfXnqn_9kv_engine5cacheNtB5_10BlockCache13get_or_insertpE0B7_
FN:104,_RNCINvMNtCshcgQatfXnqn_9kv_engine5cacheNtB5_10BlockCache13get_or_insertpEs_0B7_
FN:120,_RINvMNtCshcgQatfXnqn_9kv_engine5cacheNtB3_10BlockCache12try_get_withNCNvMs1_NtB5_5tableNtB1c_7SsTable17read_block_cached0NtCs9i9VuZPdG6Z_6anyhow5ErrorEB5_
FN:136,_RNCINvMNtCshcgQatfXnqn_9kv_engine5cacheNtB5_10BlockCache12try_get_withNCNvMs1_NtB7_5tableNtB1e_7SsTable17read_block_cached0NtCs9i9VuZPdG6Z_6anyhow5ErrorE0B7_
FN:151,_RNCINvMNtCshcgQatfXnqn_9kv_engine5cacheNtB5_10BlockCache12try_get_withNCNvMs1_NtB7_5tableNtB1e_7SsTable17read_block_cached0NtCs9i9VuZPdG6Z_6anyhow5ErrorEs_0B7_
FN:169,_RNCNvMNtCshcgQatfXnqn_9kv_engine5cacheNtB4_10BlockCache15invalidate_ssts0B6_
FN:220,_RNCNvMNtCshcgQatfXnqn_9kv_engine5cacheNtB4_10BlockCache8backfill0B6_
FNDA:27,_RNvNtNtCs9G0t2qE8rAk_9kv_engine5cache5tests10make_block
FNDA:1,_RNvNtNtCs9G0t2qE8rAk_9kv_engine5cache5testss_26value_cache_insert_and_get
FNDA:1,_RNvNtNtCs9G0t2qE8rAk_9kv_engine5cache5testss_27block_cache_invalidate_ssts
FNDA:1,_RNvNtNtCs9G0t2qE8rAk_9kv_engine5cache5testss_27value_cache_invalidate_file
FNDA:1,_RNvNtNtCs9G0t2qE8rAk_9kv_engine5cache5testss_28block_cache_try_get_with_hit
FNDA:1,_RNvNtNtCs9G0t2qE8rAk_9kv_engine5cache5testss_31block_cache_new_clamps_capacity
FNDA:1,_RNvNtNtCs9G0t2qE8rAk_9kv_engine5cache5testss_34block_cache_backfill_empty_is_noop
FNDA:1,_RNvNtNtCs9G0t2qE8rAk_9kv_engine5cache5testss_35block_cache_backfill_inserts_blocks
FNDA:1,_RNvNtNtCs9G0t2qE8rAk_9kv_engine5cache5testss_38block_cache_different_keys_independent
FNDA:1,_RNvNtNtCs9G0t2qE8rAk_9kv_engine5cache5testss_38block_cache_get_or_insert_hit_and_miss
FNDA:1,_RNvNtNtCs9G0t2qE8rAk_9kv_engine5cache5testss_38block_cache_invalidate_unknown_id_noop
FNDA:1,_RNvNtNtCs9G0t2qE8rAk_9kv_engine5cache5testss_38value_cache_weight_exceeds_u16_skipped
FNDA:1,_RNvNtNtCs9G0t2qE8rAk_9kv_engine5cache5testss_39value_cache_weight_clamping_small_value
FNDA:1,_RNvNtNtCs9G0t2qE8rAk_9kv_engine5cache5testss_40value_cache_invalidate_unknown_file_noop
FNDA:1,_RNvNtNtCs9G0t2qE8rAk_9kv_engine5cache5testss_41block_cache_try_get_with_concurrent_error
FNDA:1,_RNvNtNtCs9G0t2qE8rAk_9kv_engine5cache5testss_41block_cache_try_get_with_error_propagates
FNDA:1,_RNvNtNtCs9G0t2qE8rAk_9kv_engine5cache5testss_41value_cache_weight_exceeds_budget_skipped
FNDA:1,_RNvNtNtCs9G0t2qE8rAk_9kv_engine5cache5testss_42block_cache_single_flight_coalesces_misses
FNDA:1,_RNvNtNtCs9G0t2qE8rAk_9kv_engine5cache5testss_44value_cache_concurrent_insert_and_invalidate
FNDA:1,_RNvNtNtCs9G0t2qE8rAk_9kv_engine5cache5testss_45block_cache_entry_count_drifts_after_eviction
FNDA:1,_RNvNtNtCs9G0t2qE8rAk_9kv_engine5cache5testss_46block_cache_try_get_with_single_flight_success
FNDA:1,_RNvNtNtCs9G0t2qE8rAk_9kv_engine5cache5testss_47value_cache_duplicate_key_updates_reverse_index
FNDA:4,_RINvMNtCs9G0t2qE8rAk_9kv_engine5cacheNtB3_10BlockCache12try_get_withNCNCNCNvNtB3_5testss_41block_cache_try_get_with_concurrent_error000ReEB5_
FNDA:4,_RINvMNtCs9G0t2qE8rAk_9kv_engine5cacheNtB3_10BlockCache12try_get_withNCNCNCNvNtB3_5testss_46block_cache_try_get_with_single_flight_success000ReEB5_
FNDA:9463,_RINvMNtCs9G0t2qE8rAk_9kv_engine5cacheNtB3_10BlockCache12try_get_withNCNvMs1_NtB5_5tableNtB1c_7SsTable17read_block_cached0NtCs9i9VuZPdG6Z_6anyhow5ErrorEB5_
FNDA:1,_RINvMNtCs9G0t2qE8rAk_9kv_engine5cacheNtB3_10BlockCache12try_get_withNCNvNtB3_5testss_28block_cache_try_get_with_hit0NtNtCs2TrN21NlPz_5alloc6string6StringEB5_
FNDA:1,_RINvMNtCs9G0t2qE8rAk_9kv_engine5cacheNtB3_10BlockCache12try_get_withNCNvNtB3_5testss_28block_cache_try_get_with_hits_0NtNtCs2TrN21NlPz_5alloc6string6StringEB5_
FNDA:1,_RINvMNtCs9G0t2qE8rAk_9kv_engine5cacheNtB3_10BlockCache12try_get_withNCNvNtB3_5testss_41block_cache_try_get_with_concurrent_errors_0ReEB5_
FNDA:1,_RINvMNtCs9G0t2qE8rAk_9kv_engine5cacheNtB3_10BlockCache12try_get_withNCNvNtB3_5testss_41block_cache_try_get_with_error_propagates0ReEB5_
FNDA:1,_RINvMNtCs9G0t2qE8rAk_9kv_engine5cacheNtB3_10BlockCache12try_get_withNCNvNtB3_5testss_41block_cache_try_get_with_error_propagatess_0ReEB5_
FNDA:4,_RINvMNtCs9G0t2qE8rAk_9kv_engine5cacheNtB3_10BlockCache13get_or_insertNCNCNCNvNtB3_5testss_42block_cache_single_flight_coalesces_misses000EB5_
FNDA:1,_RINvMNtCs9G0t2qE8rAk_9kv_engine5cacheNtB3_10BlockCache13get_or_insertNCNvNtB3_5testss_27block_cache_invalidate_ssts0EB5_
FNDA:1,_RINvMNtCs9G0t2qE8rAk_9kv_engine5cacheNtB3_10BlockCache13get_or_insertNCNvNtB3_5testss_27block_cache_invalidate_sstss0_0EB5_
FNDA:1,_RINvMNtCs9G0t2qE8rAk_9kv_engine5cacheNtB3_10BlockCache13get_or_insertNCNvNtB3_5testss_27block_cache_invalidate_sstss_0EB5_
FNDA:1,_RINvMNtCs9G0t2qE8rAk_9kv_engine5cacheNtB3_10BlockCache13get_or_insertNCNvNtB3_5testss_31block_cache_new_clamps_capacity0EB5_
FNDA:1,_RINvMNtCs9G0t2qE8rAk_9kv_engine5cacheNtB3_10BlockCache13get_or_insertNCNvNtB3_5testss_38block_cache_different_keys_independent0EB5_
FNDA:1,_RINvMNtCs9G0t2qE8rAk_9kv_engine5cacheNtB3_10BlockCache13get_or_insertNCNvNtB3_5testss_38block_cache_different_keys_independents0_0EB5_
FNDA:1,_RINvMNtCs9G0t2qE8rAk_9kv_engine5cacheNtB3_10BlockCache13get_or_insertNCNvNtB3_5testss_38block_cache_different_keys_independents_0EB5_
FNDA:1,_RINvMNtCs9G0t2qE8rAk_9kv_engine5cacheNtB3_10BlockCache13get_or_insertNCNvNtB3_5testss_38block_cache_get_or_insert_hit_and_miss0EB5_
FNDA:1,_RINvMNtCs9G0t2qE8rAk_9kv_engine5cacheNtB3_10BlockCache13get_or_insertNCNvNtB3_5testss_38block_cache_get_or_insert_hit_and_misss_0EB5_
FNDA:1,_RINvMNtCs9G0t2qE8rAk_9kv_engine5cacheNtB3_10BlockCache13get_or_insertNCNvNtB3_5testss_38block_cache_invalidate_unknown_id_noop0EB5_
FNDA:10,_RINvMNtCs9G0t2qE8rAk_9kv_engine5cacheNtB3_10BlockCache13get_or_insertNCNvNtB3_5testss_45block_cache_entry_count_drifts_after_eviction0EB5_
FNDA:0,_RNCINvMNtCs9G0t2qE8rAk_9kv_engine5cacheNtB5_10BlockCache12try_get_withNCNCNCNvNtB5_5testss_41block_cache_try_get_with_concurrent_error000ReE0B7_
FNDA:0,_RNCINvMNtCs9G0t2qE8rAk_9kv_engine5cacheNtB5_10BlockCache12try_get_withNCNCNCNvNtB5_5testss_41block_cache_try_get_with_concurrent_error000ReEs_0B7_
FNDA:0,_RNCINvMNtCs9G0t2qE8rAk_9kv_engine5cacheNtB5_10BlockCache12try_get_withNCNCNCNvNtB5_5testss_46block_cache_try_get_with_single_flight_success000ReE0B7_
FNDA:1,_RNCINvMNtCs9G0t2qE8rAk_9kv_engine5cacheNtB5_10BlockCache12try_get_withNCNCNCNvNtB5_5testss_46block_cache_try_get_with_single_flight_success000ReEs_0B7_
FNDA:0,_RNCINvMNtCs9G0t2qE8rAk_9kv_engine5cacheNtB5_10BlockCache12try_get_withNCNvMs1_NtB7_5tableNtB1e_7SsTable17read_block_cached0NtCs9i9VuZPdG6Z_6anyhow5ErrorE0B7_
FNDA:2048,_RNCINvMNtCs9G0t2qE8rAk_9kv_engine5cacheNtB5_10BlockCache12try_get_withNCNvMs1_NtB7_5tableNtB1e_7SsTable17read_block_cached0NtCs9i9VuZPdG6Z_6anyhow5ErrorEs_0B7_
FNDA:0,_RNCINvMNtCs9G0t2qE8rAk_9kv_engine5cacheNtB5_10BlockCache12try_get_withNCNvNtB5_5testss_28block_cache_try_get_with_hit0NtNtCs2TrN21NlPz_5alloc6string6StringE0B7_
FNDA:1,_RNCINvMNtCs9G0t2qE8rAk_9kv_engine5cacheNtB5_10BlockCache12try_get_withNCNvNtB5_5testss_28block_cache_try_get_with_hit0NtNtCs2TrN21NlPz_5alloc6string6StringEs_0B7_
FNDA:0,_RNCINvMNtCs9G0t2qE8rAk_9kv_engine5cacheNtB5_10BlockCache12try_get_withNCNvNtB5_5testss_28block_cache_try_get_with_hits_0NtNtCs2TrN21NlPz_5alloc6string6StringE0B7_
FNDA:0,_RNCINvMNtCs9G0t2qE8rAk_9kv_engine5cacheNtB5_10BlockCache12try_get_withNCNvNtB5_5testss_28block_cache_try_get_with_hits_0NtNtCs2TrN21NlPz_5alloc6string6StringEs_0B7_
FNDA:0,_RNCINvMNtCs9G0t2qE8rAk_9kv_engine5cacheNtB5_10BlockCache12try_get_withNCNvNtB5_5testss_41block_cache_try_get_with_concurrent_errors_0ReE0B7_
FNDA:1,_RNCINvMNtCs9G0t2qE8rAk_9kv_engine5cacheNtB5_10BlockCache12try_get_withNCNvNtB5_5testss_41block_cache_try_get_with_concurrent_errors_0ReEs_0B7_
FNDA:0,_RNCINvMNtCs9G0t2qE8rAk_9kv_engine5cacheNtB5_10BlockCache12try_get_withNCNvNtB5_5testss_41block_cache_try_get_with_error_propagates0ReE0B7_
FNDA:0,_RNCINvMNtCs9G0t2qE8rAk_9kv_engine5cacheNtB5_10BlockCache12try_get_withNCNvNtB5_5testss_41block_cache_try_get_with_error_propagates0ReEs_0B7_
[...]
FNDA:0,_RNvMNtNtCshcgQatfXnqn_9kv_engine4vlog6readerNtB2_14ValueLogReader12iter_headers
FNDA:0,_RNvMNtNtCshcgQatfXnqn_9kv_engine4vlog6readerNtB2_14ValueLogReader12with_file_id
FNDA:0,_RNvMNtNtCshcgQatfXnqn_9kv_engine4vlog6readerNtB2_14ValueLogReader4open
FNDA:0,_RNvMs_NtNtCshcgQatfXnqn_9kv_engine4vlog6readerNtB4_18VlogHeaderIterator12with_file_id
FNDA:0,_RNvXs0_NtNtCshcgQatfXnqn_9kv_engine4vlog6readerNtB5_18VlogHeaderIteratorNtNtNtNtCslfAf2Mv2Tp5_4core4iter6traits8iterator8Iterator4next
FNDA:0,_RNCNCNvXs0_NtNtCshcgQatfXnqn_9kv_engine4vlog6readerNtB9_18VlogHeaderIteratorNtNtNtNtCslfAf2Mv2Tp5_4core4iter6traits8iterator8Iterator4next00Bd_
FNDA:0,_RNCNCNvXs0_NtNtCshcgQatfXnqn_9kv_engine4vlog6readerNtB9_18VlogHeaderIteratorNtNtNtNtCslfAf2Mv2Tp5_4core4iter6traits8iterator8Iterator4next0s_0Bd_
FNDA:0,_RNCNvMNtNtCshcgQatfXnqn_9kv_engine4vlog6readerNtB4_14ValueLogReader10read_entry0B8_
FNDA:0,_RNCNvMNtNtCshcgQatfXnqn_9kv_engine4vlog6readerNtB4_14ValueLogReader10read_entrys_0B8_
FNDA:0,_RNCNvMNtNtCshcgQatfXnqn_9kv_engine4vlog6readerNtB4_14ValueLogReader4open0B8_
FNDA:0,_RNCNvMNtNtCshcgQatfXnqn_9kv_engine4vlog6readerNtB4_14ValueLogReader4opens0_0B8_
FNDA:0,_RNCNvMNtNtCshcgQatfXnqn_9kv_engine4vlog6readerNtB4_14ValueLogReader4opens_0B8_
FNDA:0,_RNCNvXs0_NtNtCshcgQatfXnqn_9kv_engine4vlog6readerNtB7_18VlogHeaderIteratorNtNtNtNtCslfAf2Mv2Tp5_4core4iter6traits8iterator8Iterator4next0Bb_
FNF:14
FNH:7
DA:39,62
DA:40,62
DA:41,62
DA:42,62
DA:43,62
DA:44,62
DA:45,62
DA:46,62
DA:47,62
DA:48,62
DA:49,62
DA:50,62
DA:51,62
DA:52,62
DA:55,56
DA:56,56
DA:57,56
DA:58,56
DA:67,137
DA:68,137
DA:69,137
DA:70,137
DA:74,137
DA:75,137
DA:80,137
DA:81,137
DA:89,137
DA:90,137
DA:97,137
DA:98,137
DA:99,0
DA:106,0
DA:108,137
DA:109,137
DA:110,137
DA:111,137
DA:112,137
DA:113,137
DA:114,137
DA:115,137
DA:118,137
DA:119,137
DA:120,137
DA:121,137
DA:127,137
DA:128,137
DA:129,137
DA:130,137
DA:131,137
DA:134,137
DA:135,137
DA:136,137
DA:137,137
DA:138,137
DA:139,137
DA:140,137
DA:141,137
DA:142,137
DA:143,137
DA:144,137
DA:152,136
DA:153,136
DA:154,136
DA:161,135
DA:162,135
DA:163,135
DA:164,135
DA:165,135
DA:166,135
DA:167,135
DA:168,135
DA:169,135
DA:170,135
DA:171,137
DA:175,5
DA:179,5
DA:180,5
DA:181,5
DA:182,5
DA:183,5
DA:184,5
DA:185,5
DA:186,5
DA:187,5
DA:188,5
DA:202,5
DA:203,5
DA:204,5
DA:205,5
DA:211,16
DA:213,16
DA:214,5
DA:215,11
DA:217,11
DA:219,11
DA:220,11
DA:222,11
DA:223,11
DA:224,11
DA:225,11
DA:226,11
DA:227,11
DA:228,11
DA:229,11
DA:232,11
DA:233,11
DA:235,11
DA:236,11
DA:237,11
DA:238,11
DA:239,11
DA:240,11
DA:243,11
DA:244,11
DA:247,11
DA:248,11
DA:249,11
DA:250,0
DA:253,11
DA:254,11
DA:255,11
DA:256,11
DA:257,11
DA:258,11
DA:259,11
DA:260,11
DA:261,11
DA:262,11
DA:263,11
DA:270,11
DA:271,11
DA:273,11
DA:274,11
DA:275,11
DA:276,11
DA:277,11
DA:278,11
DA:279,11
DA:280,11
DA:281,11
DA:282,11
DA:285,11
DA:286,0
DA:287,0
DA:288,11
DA:290,11
DA:291,16
BRF:0
BRH:0
LF:156
LH:143
end_of_record
SF:/home/liu/proj/toy-kv-engine/kv-engine/src/wal.rs
FN:261,_RINvMs0_NtCs9G0t2qE8rAk_9kv_engine3walNtB6_3Wal12recover_mvccNtB6_16SkiplistRecoveryEB8_
FN:261,_RINvMs0_NtCs9G0t2qE8rAk_9kv_engine3walNtB6_3Wal12recover_mvccNtB6_21SkiplistRangeRecoveryEB8_
FN:505,_RINvMs0_NtCs9G0t2qE8rAk_9kv_engine3walNtB6_3Wal15open_and_detectNtNtCskaANe6KdTWL_3std4path7PathBufEB8_
FN:505,_RINvMs0_NtCs9G0t2qE8rAk_9kv_engine3walNtB6_3Wal15open_and_detectRNtNtCskaANe6KdTWL_3std4path7PathBufEB8_
FN:453,_RINvMs0_NtCs9G0t2qE8rAk_9kv_engine3walNtB6_3Wal19recover_legacy_withNtB6_16SkiplistRecoveryEB8_
FN:453,_RINvMs0_NtCs9G0t2qE8rAk_9kv_engine3walNtB6_3Wal19recover_legacy_withNtB6_21SkiplistRangeRecoveryEB8_
FN:585,_RINvMs0_NtCs9G0t2qE8rAk_9kv_engine3walNtB6_3Wal29recover_with_range_tombstonesNtNtCskaANe6KdTWL_3std4path7PathBufEB8_
FN:585,_RINvMs0_NtCs9G0t2qE8rAk_9kv_engine3walNtB6_3Wal29recover_with_range_tombstonesRNtNtCskaANe6KdTWL_3std4path7PathBufEB8_
FN:236,_RINvMs0_NtCs9G0t2qE8rAk_9kv_engine3walNtB6_3Wal6createNtNtCskaANe6KdTWL_3std4path7PathBufEB8_
FN:236,_RINvMs0_NtCs9G0t2qE8rAk_9kv_engine3walNtB6_3Wal6createRNtNtCskaANe6KdTWL_3std4path7PathBufEB8_
FN:548,_RINvMs0_NtCs9G0t2qE8rAk_9kv_engine3walNtB6_3Wal7recoverRNtNtCskaANe6KdTWL_3std4path7PathBufEB8_
FN:802,_RNCNvMs0_NtCs9G0t2qE8rAk_9kv_engine3walNtB7_3Wal25put_range_tombstone_batch0B9_
FN:702,_RNCNvMs0_NtCs9G0t2qE8rAk_9kv_engine3walNtB7_3Wal9put_batch0B9_
FN:734,_RNCNvMs0_NtCs9G0t2qE8rAk_9kv_engine3walNtB7_3Wal9put_batchs_0B9_
FN:140,_RNvYNtNtCs9G0t2qE8rAk_9kv_engine3wal16SkiplistRecoveryNtB4_15RecoveryHandler20reset_range_ordinalsB6_
FN:134,_RNvYNtNtCs9G0t2qE8rAk_9kv_engine3wal16SkiplistRecoveryNtB4_15RecoveryHandler22handle_range_tombstoneB6_
FN:834,_RNvMs0_NtCs9G0t2qE8rAk_9kv_engine3walNtB5_3Wal10sync_inner
FN:219,_RNvMs0_NtCs9G0t2qE8rAk_9kv_engine3walNtB5_3Wal12new_buf_pool
FN:878,_RNvMs0_NtCs9G0t2qE8rAk_9kv_engine3walNtB5_3Wal17submit_and_commit
FN:228,_RNvMs0_NtCs9G0t2qE8rAk_9kv_engine3walNtB5_3Wal19empty_batch_results
FN:982,_RNvMs0_NtCs9G0t2qE8rAk_9kv_engine3walNtB5_3Wal19lookup_batch_result
FN:770,_RNvMs0_NtCs9G0t2qE8rAk_9kv_engine3walNtB5_3Wal25put_range_tombstone_batch
FN:643,_RNvMs0_NtCs9G0t2qE8rAk_9kv_engine3walNtB5_3Wal3put
FN:863,_RNvMs0_NtCs9G0t2qE8rAk_9kv_engine3walNtB5_3Wal4sync
FN:678,_RNvMs0_NtCs9G0t2qE8rAk_9kv_engine3walNtB5_3Wal9put_batch
FN:149,_RNvXNtCs9G0t2qE8rAk_9kv_engine3walNtB2_16SkiplistRecoveryNtB2_15RecoveryHandler10handle_put
FN:155,_RNvXNtCs9G0t2qE8rAk_9kv_engine3walNtB2_16SkiplistRecoveryNtB2_15RecoveryHandler22handle_point_tombstone
FN:176,_RNvXs_NtCs9G0t2qE8rAk_9kv_engine3walNtB4_21SkiplistRangeRecoveryNtB4_15RecoveryHandler10handle_put
FN:210,_RNvXs_NtCs9G0t2qE8rAk_9kv_engine3walNtB4_21SkiplistRangeRecoveryNtB4_15RecoveryHandler20reset_range_ordinals
FN:189,_RNvXs_NtCs9G0t2qE8rAk_9kv_engine3walNtB4_21SkiplistRangeRecoveryNtB4_15RecoveryHandler22handle_point_tombstone
FN:199,_RNvXs_NtCs9G0t2qE8rAk_9kv_engine3walNtB4_21SkiplistRangeRecoveryNtB4_15RecoveryHandler22handle_range_tombstone
FN:261,_RINvMs0_NtCshcgQatfXnqn_9kv_engine3walNtB6_3Wal12recover_mvccNtB6_21SkiplistRangeRecoveryECsjsmMyPGR1S6_10write_perf
FN:505,_RINvMs0_NtCshcgQatfXnqn_9kv_engine3walNtB6_3Wal15open_and_detectNtNtCskaANe6KdTWL_3std4path7PathBufECsjsmMyPGR1S6_10write_perf
FN:453,_RINvMs0_NtCshcgQatfXnqn_9kv_engine3walNtB6_3Wal19recover_legacy_withNtB6_21SkiplistRangeRecoveryECsjsmMyPGR1S6_10write_perf
FN:585,_RINvMs0_NtCshcgQatfXnqn_9kv_engine3walNtB6_3Wal29recover_with_range_tombstonesNtNtCskaANe6KdTWL_3std4path7PathBufECsjsmMyPGR1S6_10write_perf
FN:261,_RINvMs0_NtCshcgQatfXnqn_9kv_engine3walNtB6_3Wal12recover_mvccpEB8_
FN:505,_RINvMs0_NtCshcgQatfXnqn_9kv_engine3walNtB6_3Wal15open_and_detectpEB8_
FN:453,_RINvMs0_NtCshcgQatfXnqn_9kv_engine3walNtB6_3Wal19recover_legacy_withpEB8_
FN:585,_RINvMs0_NtCshcgQatfXnqn_9kv_engine3walNtB6_3Wal29recover_with_range_tombstonespEB8_
FN:548,_RINvMs0_NtCshcgQatfXnqn_9kv_engine3walNtB6_3Wal7recoverpEB8_
FN:140,_RNvYpNtNtCshcgQatfXnqn_9kv_engine3wal15RecoveryHandler20reset_range_ordinalsB7_
FN:134,_RNvYpNtNtCshcgQatfXnqn_9kv_engine3wal15RecoveryHandler22handle_range_tombstoneB7_
FN:236,_RINvMs0_NtCshcgQatfXnqn_9kv_engine3walNtB6_3Wal6createNtNtCskaANe6KdTWL_3std4path7PathBufEB8_
FN:802,_RNCNvMs0_NtCshcgQatfXnqn_9kv_engine3walNtB7_3Wal25put_range_tombstone_batch0B9_
FN:702,_RNCNvMs0_NtCshcgQatfXnqn_9kv_engine3walNtB7_3Wal9put_batch0B9_
FN:734,_RNCNvMs0_NtCshcgQatfXnqn_9kv_engine3walNtB7_3Wal9put_batchs_0B9_
FN:834,_RNvMs0_NtCshcgQatfXnqn_9kv_engine3walNtB5_3Wal10sync_inner
FN:219,_RNvMs0_NtCshcgQatfXnqn_9kv_engine3walNtB5_3Wal12new_buf_pool
FN:878,_RNvMs0_NtCshcgQatfXnqn_9kv_engine3walNtB5_3Wal17submit_and_commit
FN:228,_RNvMs0_NtCshcgQatfXnqn_9kv_engine3walNtB5_3Wal19empty_batch_results
FN:982,_RNvMs0_NtCshcgQatfXnqn_9kv_engine3walNtB5_3Wal19lookup_batch_result
FN:770,_RNvMs0_NtCshcgQatfXnqn_9kv_engine3walNtB5_3Wal25put_range_tombstone_batch
FN:643,_RNvMs0_NtCshcgQatfXnqn_9kv_engine3walNtB5_3Wal3put
FN:863,_RNvMs0_NtCshcgQatfXnqn_9kv_engine3walNtB5_3Wal4sync
FN:678,_RNvMs0_NtCshcgQatfXnqn_9kv_engine3walNtB5_3Wal9put_batch
FN:149,_RNvXNtCshcgQatfXnqn_9kv_engine3walNtB2_16SkiplistRecoveryNtB2_15RecoveryHandler10handle_put
FN:155,_RNvXNtCshcgQatfXnqn_9kv_engine3walNtB2_16SkiplistRecoveryNtB2_15RecoveryHandler22handle_point_tombstone
FN:176,_RNvXs_NtCshcgQatfXnqn_9kv_engine3walNtB4_21SkiplistRangeRecoveryNtB4_15RecoveryHandler10handle_put
FN:210,_RNvXs_NtCshcgQatfXnqn_9kv_engine3walNtB4_21SkiplistRangeRecoveryNtB4_15RecoveryHandler20reset_range_ordinals
FN:189,_RNvXs_NtCshcgQatfXnqn_9kv_engine3walNtB4_21SkiplistRangeRecoveryNtB4_15RecoveryHandler22handle_point_tombstone
FN:199,_RNvXs_NtCshcgQatfXnqn_9kv_engine3walNtB4_21SkiplistRangeRecoveryNtB4_15RecoveryHandler22handle_range_tombstone
FNDA:27,_RINvMs0_NtCs9G0t2qE8rAk_9kv_engine3walNtB6_3Wal12recover_mvccNtB6_16SkiplistRecoveryEB8_
FNDA:6,_RINvMs0_NtCs9G0t2qE8rAk_9kv_engine3walNtB6_3Wal12recover_mvccNtB6_21SkiplistRangeRecoveryEB8_
FNDA:1,_RINvMs0_NtCs9G0t2qE8rAk_9kv_engine3walNtB6_3Wal15open_and_detectNtNtCskaANe6KdTWL_3std4path7PathBufEB8_
FNDA:40,_RINvMs0_NtCs9G0t2qE8rAk_9kv_engine3walNtB6_3Wal15open_and_detectRNtNtCskaANe6KdTWL_3std4path7PathBufEB8_
FNDA:7,_RINvMs0_NtCs9G0t2qE8rAk_9kv_engine3walNtB6_3Wal19recover_legacy_withNtB6_16SkiplistRecoveryEB8_
FNDA:0,_RINvMs0_NtCs9G0t2qE8rAk_9kv_engine3walNtB6_3Wal19recover_legacy_withNtB6_21SkiplistRangeRecoveryEB8_
FNDA:1,_RINvMs0_NtCs9G0t2qE8rAk_9kv_engine3walNtB6_3Wal29recover_with_range_tombstonesNtNtCskaANe6KdTWL_3std4path7PathBufEB8_
FNDA:5,_RINvMs0_NtCs9G0t2qE8rAk_9kv_engine3walNtB6_3Wal29recover_with_range_tombstonesRNtNtCskaANe6KdTWL_3std4path7PathBufEB8_
FNDA:18,_RINvMs0_NtCs9G0t2qE8rAk_9kv_engine3walNtB6_3Wal6createNtNtCskaANe6KdTWL_3std4path7PathBufEB8_
FNDA:44,_RINvMs0_NtCs9G0t2qE8rAk_9kv_engine3walNtB6_3Wal6createRNtNtCskaANe6KdTWL_3std4path7PathBufEB8_
FNDA:35,_RINvMs0_NtCs9G0t2qE8rAk_9kv_engine3walNtB6_3Wal7recoverRNtNtCskaANe6KdTWL_3std4path7PathBufEB8_
FNDA:11,_RNCNvMs0_NtCs9G0t2qE8rAk_9kv_engine3walNtB7_3Wal25put_range_tombstone_batch0B9_
FNDA:2,_RNCNvMs0_NtCs9G0t2qE8rAk_9kv_engine3walNtB7_3Wal9put_batch0B9_
FNDA:0,_RNCNvMs0_NtCs9G0t2qE8rAk_9kv_engine3walNtB7_3Wal9put_batchs_0B9_
FNDA:48,_RNvYNtNtCs9G0t2qE8rAk_9kv_engine3wal16SkiplistRecoveryNtB4_15RecoveryHandler20reset_range_ordinalsB6_
FNDA:1,_RNvYNtNtCs9G0t2qE8rAk_9kv_engine3wal16SkiplistRecoveryNtB4_15RecoveryHandler22handle_range_tombstoneB6_
FNDA:57,_RNvMs0_NtCs9G0t2qE8rAk_9kv_engine3walNtB5_3Wal10sync_inner
FNDA:102,_RNvMs0_NtCs9G0t2qE8rAk_9kv_engine3walNtB5_3Wal12new_buf_pool
FNDA:22,_RNvMs0_NtCs9G0t2qE8rAk_9kv_engine3walNtB5_3Wal17submit_and_commit
FNDA:102,_RNvMs0_NtCs9G0t2qE8rAk_9kv_engine3walNtB5_3Wal19empty_batch_results
FNDA:0,_RNvMs0_NtCs9G0t2qE8rAk_9kv_engine3walNtB5_3Wal19lookup_batch_result
FNDA:10,_RNvMs0_NtCs9G0t2qE8rAk_9kv_engine3walNtB5_3Wal25put_range_tombstone_batch
FNDA:7,_RNvMs0_NtCs9G0t2qE8rAk_9kv_engine3walNtB5_3Wal3put
FNDA:35,_RNvMs0_NtCs9G0t2qE8rAk_9kv_engine3walNtB5_3Wal4sync
FNDA:69,_RNvMs0_NtCs9G0t2qE8rAk_9kv_engine3walNtB5_3Wal9put_batch
FNDA:305,_RNvXNtCs9G0t2qE8rAk_9kv_engine3walNtB2_16SkiplistRecoveryNtB2_15RecoveryHandler10handle_put
FNDA:0,_RNvXNtCs9G0t2qE8rAk_9kv_engine3walNtB2_16SkiplistRecoveryNtB2_15RecoveryHandler22handle_point_tombstone
FNDA:5,_RNvXs_NtCs9G0t2qE8rAk_9kv_engine3walNtB4_21SkiplistRangeRecoveryNtB4_15RecoveryHandler10handle_put
FNDA:10,_RNvXs_NtCs9G0t2qE8rAk_9kv_engine3walNtB4_21SkiplistRangeRecoveryNtB4_15RecoveryHandler20reset_range_ordinals
FNDA:0,_RNvXs_NtCs9G0t2qE8rAk_9kv_engine3walNtB4_21SkiplistRangeRecoveryNtB4_15RecoveryHandler22handle_point_tombstone
FNDA:6,_RNvXs_NtCs9G0t2qE8rAk_9kv_engine3walNtB4_21SkiplistRangeRecoveryNtB4_15RecoveryHandler22handle_range_tombstone
FNDA:0,_RINvMs0_NtCshcgQatfXnqn_9kv_engine3walNtB6_3Wal12recover_mvccNtB6_21SkiplistRangeRecoveryECsjsmMyPGR1S6_10write_perf
FNDA:0,_RINvMs0_NtCshcgQatfXnqn_9kv_engine3walNtB6_3Wal15open_and_detectNtNtCskaANe6KdTWL_3std4path7PathBufECsjsmMyPGR1S6_10write_perf
FNDA:0,_RINvMs0_NtCshcgQatfXnqn_9kv_engine3walNtB6_3Wal19recover_legacy_withNtB6_21SkiplistRangeRecoveryECsjsmMyPGR1S6_10write_perf
FNDA:0,_RINvMs0_NtCshcgQatfXnqn_9kv_engine3walNtB6_3Wal29recover_with_range_tombstonesNtNtCskaANe6KdTWL_3std4path7PathBufECsjsmMyPGR1S6_10write_perf
FNDA:0,_RINvMs0_NtCshcgQatfXnqn_9kv_engine3walNtB6_3Wal12recover_mvccpEB8_
FNDA:0,_RINvMs0_NtCshcgQatfXnqn_9kv_engine3walNtB6_3Wal15open_and_detectpEB8_
FNDA:0,_RINvMs0_NtCshcgQatfXnqn_9kv_engine3walNtB6_3Wal19recover_legacy_withpEB8_
FNDA:0,_RINvMs0_NtCshcgQatfXnqn_9kv_engine3walNtB6_3Wal29recover_with_range_tombstonespEB8_
FNDA:0,_RINvMs0_NtCshcgQatfXnqn_9kv_engine3walNtB6_3Wal7recoverpEB8_
FNDA:0,_RNvYpNtNtCshcgQatfXnqn_9kv_engine3wal15RecoveryHandler20reset_range_ordinalsB7_
FNDA:0,_RNvYpNtNtCshcgQatfXnqn_9kv_engine3wal15RecoveryHandler22handle_range_tombstoneB7_
FNDA:0,_RINvMs0_NtCshcgQatfXnqn_9kv_engine3walNtB6_3Wal6createNtNtCskaANe6KdTWL_3std4path7PathBufEB8_
FNDA:0,_RNCNvMs0_NtCshcgQatfXnqn_9kv_engine3walNtB7_3Wal25put_range_tombstone_batch0B9_
FNDA:0,_RNCNvMs0_NtCshcgQatfXnqn_9kv_engine3walNtB7_3Wal9put_batch0B9_
FNDA:0,_RNCNvMs0_NtCshcgQatfXnqn_9kv_engine3walNtB7_3Wal9put_batchs_0B9_
FNDA:0,_RNvMs0_NtCshcgQatfXnqn_9kv_engine3walNtB5_3Wal10sync_inner
FNDA:0,_RNvMs0_NtCshcgQatfXnqn_9kv_engine3walNtB5_3Wal12new_buf_pool
FNDA:0,_RNvMs0_NtCshcgQatfXnqn_9kv_engine3walNtB5_3Wal17submit_and_commit
FNDA:0,_RNvMs0_NtCshcgQatfXnqn_9kv_engine3walNtB5_3Wal19empty_batch_results
FNDA:0,_RNvMs0_NtCshcgQatfXnqn_9kv_engine3walNtB5_3Wal19lookup_batch_result
FNDA:0,_RNvMs0_NtCshcgQatfXnqn_9kv_engine3walNtB5_3Wal25put_range_tombstone_batch
FNDA:0,_RNvMs0_NtCshcgQatfXnqn_9kv_engine3walNtB5_3Wal3put
FNDA:0,_RNvMs0_NtCshcgQatfXnqn_9kv_engine3walNtB5_3Wal4sync
FNDA:0,_RNvMs0_NtCshcgQatfXnqn_9kv_engine3walNtB5_3Wal9put_batch
FNDA:0,_RNvXNtCshcgQatfXnqn_9kv_engine3walNtB2_16SkiplistRecoveryNtB2_15RecoveryHandler10handle_put
FNDA:0,_RNvXNtCshcgQatfXnqn_9kv_engine3walNtB2_16SkiplistRecoveryNtB2_15RecoveryHandler22handle_point_tombstone
FNDA:0,_RNvXs_NtCshcgQatfXnqn_9kv_engine3walNtB4_21SkiplistRangeRecoveryNtB4_15RecoveryHandler10handle_put
FNDA:0,_RNvXs_NtCshcgQatfXnqn_9kv_engine3walNtB4_21SkiplistRangeRecoveryNtB4_15RecoveryHandler20reset_range_ordinals
FNDA:0,_RNvXs_NtCshcgQatfXnqn_9kv_engine3walNtB4_21SkiplistRangeRecoveryNtB4_15RecoveryHandler22handle_point_tombstone
FNDA:0,_RNvXs_NtCshcgQatfXnqn_9kv_engine3walNtB4_21SkiplistRangeRecoveryNtB4_15RecoveryHandler22handle_range_tombstone
FNF:26
FNH:22
DA:134,1
DA:135,1
DA:136,1
DA:140,48
DA:149,305
DA:150,305
DA:152,305
DA:153,305
DA:155,0
DA:156,0
DA:157,0
DA:158,0
DA:161,0
DA:162,0
DA:176,5
DA:177,5
DA:178,0
DA:179,0
DA:180,0
DA:181,5
DA:183,5
DA:184,5
DA:186,5
DA:187,5
DA:189,0
DA:190,0
DA:191,0
DA:192,0
DA:193,0
DA:196,0
DA:197,0
DA:199,6
DA:200,6
DA:201,6
DA:202,6
DA:203,6
DA:204,6
DA:205,6
DA:207,6
DA:208,6
DA:210,10
DA:211,10
DA:212,10
DA:219,102
DA:220,102
DA:221,1632
DA:222,1632
DA:223,1632
DA:224,1632
DA:225,102
DA:226,102
DA:228,102
DA:229,102
DA:230,102
DA:231,102
DA:232,102
DA:233,102
DA:234,102
DA:236,62
DA:237,62
DA:238,62
DA:240,62
DA:241,62
DA:242,62
DA:244,62
DA:245,62
DA:246,62
DA:247,62
DA:248,62
DA:249,62
DA:250,62
DA:251,62
DA:252,62
DA:253,62
DA:254,62
DA:255,62
DA:256,62
DA:257,62
DA:261,33
DA:262,33
DA:263,33
DA:264,33
DA:265,33
DA:266,33
DA:267,33
DA:268,33
DA:269,33
DA:271,83
DA:272,58
DA:273,58
DA:274,58
DA:275,58
DA:276,58
DA:278,58
DA:279,58
DA:280,58
DA:281,3
DA:282,3
DA:283,55
DA:286,55
DA:287,55
DA:288,55
DA:289,313
DA:290,312
DA:291,0
DA:292,0
DA:293,312
DA:294,312
DA:295,312
DA:296,312
DA:299,305
DA:300,0
DA:301,0
DA:302,305
DA:303,305
DA:304,305
DA:305,305
DA:306,1
DA:307,1
DA:308,304
DA:309,304
DA:310,304
DA:311,304
DA:312,1
DA:313,1
DA:314,303
DA:315,303
DA:319,0
DA:320,0
DA:321,0
DA:322,0
DA:323,0
DA:324,0
DA:325,0
DA:326,0
DA:327,0
DA:328,0
DA:329,0
DA:333,7
DA:334,0
DA:335,0
DA:336,7
DA:337,7
DA:338,7
DA:339,7
DA:340,0
DA:341,0
DA:342,7
DA:343,7
DA:344,7
DA:345,7
DA:346,0
DA:347,0
DA:348,7
DA:349,7
DA:352,0
DA:353,0
DA:358,1
DA:359,0
DA:360,0
DA:361,1
DA:362,1
DA:363,1
DA:364,1
DA:365,1
DA:366,1
DA:367,0
DA:368,0
DA:369,0
DA:370,0
DA:371,0
DA:372,0
DA:373,0
DA:374,0
DA:376,310
DA:377,0
DA:378,0
DA:379,310
DA:382,55
DA:383,3
DA:384,3
DA:385,52
DA:388,52
DA:389,52
DA:390,52
DA:391,2
DA:392,2
DA:393,50
DA:396,50
DA:397,50
DA:398,308
DA:399,308
DA:400,308
DA:403,301
DA:404,301
DA:405,301
DA:406,301
DA:407,301
DA:411,0
DA:412,0
DA:413,0
DA:417,7
DA:418,7
DA:419,7
DA:420,7
DA:421,7
DA:424,0
DA:429,0
DA:430,0
DA:431,0
DA:432,0
DA:433,0
DA:436,50
DA:437,45
DA:438,45
DA:442,33
DA:443,33
DA:444,33
DA:445,8
DA:446,25
DA:448,33
DA:449,33
DA:453,7
DA:454,7
DA:455,7
DA:456,7
DA:457,7
DA:458,7
DA:459,7
DA:460,7
DA:462,16
DA:463,12
DA:464,12
DA:465,2
DA:466,2
DA:467,10
DA:468,10
DA:469,10
DA:470,1
DA:471,1
DA:472,9
DA:473,9
DA:475,9
DA:476,0
DA:477,0
DA:478,9
DA:479,9
DA:480,9
DA:481,0
DA:482,0
DA:483,9
DA:484,9
DA:486,9
DA:487,2
DA:488,2
DA:489,2
DA:490,7
DA:491,9
DA:495,7
DA:496,7
DA:497,3
DA:498,4
DA:500,7
DA:501,7
DA:505,41
DA:506,41
DA:507,41
DA:508,41
DA:509,41
DA:510,41
DA:511,41
DA:512,41
DA:513,41
DA:518,41
DA:519,41
DA:521,41
DA:524,41
DA:525,40
DA:526,40
DA:527,40
DA:528,34
DA:529,34
DA:535,33
DA:537,6
DA:540,1
DA:543,40
DA:544,41
DA:548,35
DA:549,35
DA:550,35
DA:551,35
DA:552,35
DA:553,34
DA:555,34
DA:556,27
DA:557,27
DA:559,7
DA:562,34
DA:563,34
DA:564,34
DA:565,34
DA:566,34
DA:567,34
DA:568,34
DA:569,34
DA:570,34
DA:571,34
DA:572,34
DA:573,34
DA:574,34
DA:575,34
DA:576,34
DA:577,34
DA:578,35
DA:585,6
DA:586,6
DA:587,6
DA:588,6
DA:589,6
DA:590,6
DA:591,6
DA:592,6
DA:593,6
DA:594,6
DA:595,6
DA:596,6
DA:597,6
DA:599,6
DA:600,6
DA:601,6
DA:603,0
DA:607,6
DA:608,6
DA:609,6
DA:610,6
DA:611,6
DA:612,6
DA:613,6
DA:614,6
DA:615,6
DA:617,6
DA:618,6
DA:619,6
DA:620,6
DA:621,6
DA:622,6
DA:623,6
DA:624,6
DA:625,6
DA:626,6
DA:627,6
DA:628,6
DA:629,6
DA:630,6
DA:631,6
DA:632,6
DA:633,6
DA:634,6
DA:635,6
DA:636,6
DA:637,6
DA:638,6
DA:643,7
DA:644,7
DA:646,7
DA:647,0
DA:648,0
DA:649,0
DA:651,0
DA:654,0
DA:655,0
DA:657,0
DA:660,0
DA:661,0
DA:663,0
DA:664,0
DA:666,0
DA:667,0
DA:669,0
DA:670,7
DA:678,69
DA:679,327
DA:680,327
DA:681,327
DA:683,4
DA:686,323
DA:687,323
DA:689,4
DA:693,61
DA:694,61
DA:697,61
DA:698,1
DA:700,1
DA:701,1
DA:702,2
DA:703,1
DA:704,1
DA:705,2
DA:706,2
DA:707,2
DA:708,2
DA:709,2
DA:711,1
DA:712,60
DA:717,60
DA:718,60
DA:719,60
DA:720,317
DA:721,317
DA:722,317
DA:723,317
DA:724,317
DA:725,317
DA:726,317
DA:728,60
DA:731,60
DA:732,60
DA:733,60
DA:734,60
DA:735,60
DA:736,60
DA:737,60
DA:738,60
DA:740,317
DA:741,317
DA:742,317
DA:743,317
DA:744,317
DA:745,317
DA:746,317
DA:747,317
DA:748,317
DA:751,60
DA:752,60
DA:753,60
DA:754,60
DA:757,60
DA:759,60
DA:760,69
DA:770,10
DA:771,10
DA:772,10
DA:773,10
DA:774,10
DA:775,10
DA:776,10
DA:779,10
DA:780,10
DA:783,12
DA:784,12
DA:785,12
DA:787,1
DA:790,11
DA:791,11
DA:793,0
DA:797,9
DA:798,9
DA:802,11
DA:803,9
DA:804,9
DA:806,11
DA:807,11
DA:808,11
DA:809,11
DA:810,11
DA:811,11
DA:814,9
DA:816,9
DA:817,9
DA:818,9
DA:819,9
DA:822,9
DA:824,9
DA:825,10
DA:834,57
DA:835,57
DA:839,57
DA:840,124
DA:841,67
DA:842,67
DA:843,57
DA:844,9
DA:845,48
DA:846,67
DA:847,67
DA:848,67
DA:850,48
DA:851,48
DA:852,48
DA:853,48
DA:855,48
DA:856,57
DA:863,35
DA:864,35
DA:866,45
DA:867,45
DA:868,45
DA:869,45
DA:871,35
DA:872,35
DA:878,22
DA:879,22
DA:882,22
DA:885,22
DA:886,0
DA:887,0
DA:888,0
DA:889,0
DA:890,0
DA:892,0
DA:896,0
DA:897,22
DA:900,22
DA:901,22
DA:902,22
DA:903,22
DA:904,22
DA:906,22
DA:913,22
DA:914,22
DA:915,22
DA:916,0
DA:919,22
DA:920,22
DA:921,22
DA:923,0
DA:927,22
DA:928,22
DA:929,22
DA:930,22
DA:931,22
DA:932,22
DA:933,22
DA:934,22
DA:936,22
DA:937,22
DA:938,22
DA:939,22
DA:945,22
DA:946,22
DA:947,22
DA:948,22
DA:949,22
DA:950,22
DA:952,22
DA:953,0
DA:956,0
DA:957,0
DA:958,0
DA:961,0
DA:962,0
DA:963,0
DA:964,0
DA:966,0
DA:967,0
DA:971,0
DA:972,0
DA:973,0
DA:974,0
DA:975,0
DA:977,22
DA:982,0
DA:983,0
DA:984,0
DA:985,0
DA:986,0
DA:987,0
DA:988,0
DA:989,0
DA:991,0
DA:993,0
BRF:0
BRH:0
LF:574
LH:459
end_of_record